{"C:\\Users\\rgarciya\\OneDrive - NTT DATA EMEAL\\Escritorio\\BOOTCAMP-0825-FRONTEND-REACT-NTT--RosarioGarcia-\\REACT PROYECT NTTDATA\\src\\App.tsx": {"path":"C:\\Users\\rgarciya\\OneDrive - NTT DATA EMEAL\\Escritorio\\BOOTCAMP-0825-FRONTEND-REACT-NTT--RosarioGarcia-\\REACT PROYECT NTTDATA\\src\\App.tsx","statementMap":{"0":{"start":{"line":5,"column":0},"end":{"line":5,"column":24}},"1":{"start":{"line":1,"column":0},"end":{"line":1,"column":47}},"2":{"start":{"line":2,"column":0},"end":{"line":2,"column":60}},"3":{"start":{"line":3,"column":0},"end":{"line":3,"column":19}},"4":{"start":{"line":6,"column":2},"end":{"line":10,"column":4}}},"fnMap":{"0":{"name":"App","decl":{"start":{"line":5,"column":24},"end":{"line":5,"column":27}},"loc":{"start":{"line":5,"column":27},"end":{"line":11,"column":1}}}},"branchMap":{},"s":{"0":0,"1":0,"2":0,"3":0,"4":0},"f":{"0":0},"b":{}}
,"C:\\Users\\rgarciya\\OneDrive - NTT DATA EMEAL\\Escritorio\\BOOTCAMP-0825-FRONTEND-REACT-NTT--RosarioGarcia-\\REACT PROYECT NTTDATA\\src\\api\\Auth.ts": {"path":"C:\\Users\\rgarciya\\OneDrive - NTT DATA EMEAL\\Escritorio\\BOOTCAMP-0825-FRONTEND-REACT-NTT--RosarioGarcia-\\REACT PROYECT NTTDATA\\src\\api\\Auth.ts","statementMap":{"0":{"start":{"line":20,"column":25},"end":{"line":33,"column":2}},"1":{"start":{"line":20,"column":101},"end":{"line":33,"column":2}},"2":{"start":{"line":22,"column":2},"end":{"line":32,"column":4}},"3":{"start":{"line":20,"column":13},"end":{"line":20,"column":25}},"4":{"start":{"line":35,"column":30},"end":{"line":46,"column":2}},"5":{"start":{"line":35,"column":66},"end":{"line":46,"column":2}},"6":{"start":{"line":37,"column":2},"end":{"line":45,"column":4}},"7":{"start":{"line":35,"column":13},"end":{"line":35,"column":30}},"8":{"start":{"line":48,"column":34},"end":{"line":54,"column":2}},"9":{"start":{"line":48,"column":94},"end":{"line":54,"column":2}},"10":{"start":{"line":50,"column":2},"end":{"line":53,"column":4}},"11":{"start":{"line":48,"column":13},"end":{"line":48,"column":34}},"12":{"start":{"line":56,"column":28},"end":{"line":68,"column":2}},"13":{"start":{"line":56,"column":94},"end":{"line":68,"column":2}},"14":{"start":{"line":58,"column":2},"end":{"line":67,"column":4}},"15":{"start":{"line":56,"column":13},"end":{"line":56,"column":28}},"16":{"start":{"line":70,"column":30},"end":{"line":73,"column":1}},"17":{"start":{"line":72,"column":2},"end":{"line":72,"column":35}},"18":{"start":{"line":70,"column":13},"end":{"line":70,"column":30}},"19":{"start":{"line":75,"column":26},"end":{"line":78,"column":2}},"20":{"start":{"line":75,"column":52},"end":{"line":78,"column":2}},"21":{"start":{"line":77,"column":2},"end":{"line":77,"column":9}},"22":{"start":{"line":75,"column":13},"end":{"line":75,"column":26}}},"fnMap":{"0":{"name":"(anonymous_7)","decl":{"start":{"line":20,"column":25},"end":{"line":20,"column":32}},"loc":{"start":{"line":20,"column":101},"end":{"line":33,"column":2}}},"1":{"name":"(anonymous_8)","decl":{"start":{"line":20,"column":101},"end":{"line":20,"column":null}},"loc":{"start":{"line":20,"column":101},"end":{"line":33,"column":1}}},"2":{"name":"(anonymous_9)","decl":{"start":{"line":35,"column":30},"end":{"line":35,"column":64}},"loc":{"start":{"line":35,"column":66},"end":{"line":46,"column":2}}},"3":{"name":"(anonymous_10)","decl":{"start":{"line":35,"column":66},"end":{"line":35,"column":null}},"loc":{"start":{"line":35,"column":66},"end":{"line":46,"column":1}}},"4":{"name":"(anonymous_11)","decl":{"start":{"line":48,"column":34},"end":{"line":48,"column":41}},"loc":{"start":{"line":48,"column":94},"end":{"line":54,"column":2}}},"5":{"name":"(anonymous_12)","decl":{"start":{"line":48,"column":94},"end":{"line":48,"column":null}},"loc":{"start":{"line":48,"column":94},"end":{"line":54,"column":1}}},"6":{"name":"(anonymous_13)","decl":{"start":{"line":56,"column":28},"end":{"line":56,"column":35}},"loc":{"start":{"line":56,"column":94},"end":{"line":68,"column":2}}},"7":{"name":"(anonymous_14)","decl":{"start":{"line":56,"column":94},"end":{"line":56,"column":null}},"loc":{"start":{"line":56,"column":94},"end":{"line":68,"column":1}}},"8":{"name":"(anonymous_15)","decl":{"start":{"line":70,"column":30},"end":{"line":70,"column":31}},"loc":{"start":{"line":70,"column":57},"end":{"line":73,"column":1}}},"9":{"name":"(anonymous_16)","decl":{"start":{"line":75,"column":26},"end":{"line":75,"column":50}},"loc":{"start":{"line":75,"column":52},"end":{"line":78,"column":2}}},"10":{"name":"(anonymous_17)","decl":{"start":{"line":75,"column":52},"end":{"line":75,"column":null}},"loc":{"start":{"line":75,"column":52},"end":{"line":78,"column":1}}}},"branchMap":{"0":{"loc":{"start":{"line":65,"column":12},"end":{"line":65,"column":33}},"type":"binary-expr","locations":[{"start":{"line":65,"column":12},"end":{"line":65,"column":23}},{"start":{"line":65,"column":27},"end":{"line":65,"column":33}}]}},"s":{"0":5,"1":0,"2":0,"3":5,"4":5,"5":0,"6":0,"7":5,"8":5,"9":0,"10":0,"11":5,"12":5,"13":0,"14":0,"15":5,"16":5,"17":0,"18":5,"19":5,"20":0,"21":0,"22":5},"f":{"0":0,"1":0,"2":0,"3":0,"4":0,"5":0,"6":0,"7":0,"8":0,"9":0,"10":0},"b":{"0":[0,0]}}
,"C:\\Users\\rgarciya\\OneDrive - NTT DATA EMEAL\\Escritorio\\BOOTCAMP-0825-FRONTEND-REACT-NTT--RosarioGarcia-\\REACT PROYECT NTTDATA\\src\\app\\providers\\AppProviders.tsx": {"path":"C:\\Users\\rgarciya\\OneDrive - NTT DATA EMEAL\\Escritorio\\BOOTCAMP-0825-FRONTEND-REACT-NTT--RosarioGarcia-\\REACT PROYECT NTTDATA\\src\\app\\providers\\AppProviders.tsx","statementMap":{"0":{"start":{"line":6,"column":0},"end":{"line":6,"column":16}},"1":{"start":{"line":2,"column":0},"end":{"line":2,"column":49}},"2":{"start":{"line":3,"column":0},"end":{"line":3,"column":67}},"3":{"start":{"line":4,"column":0},"end":{"line":4,"column":54}},"4":{"start":{"line":7,"column":2},"end":{"line":13,"column":4}}},"fnMap":{"0":{"name":"AppProviders","decl":{"start":{"line":6,"column":16},"end":{"line":6,"column":28}},"loc":{"start":{"line":6,"column":66},"end":{"line":14,"column":1}}}},"branchMap":{},"s":{"0":0,"1":0,"2":0,"3":0,"4":0},"f":{"0":0},"b":{}}
,"C:\\Users\\rgarciya\\OneDrive - NTT DATA EMEAL\\Escritorio\\BOOTCAMP-0825-FRONTEND-REACT-NTT--RosarioGarcia-\\REACT PROYECT NTTDATA\\src\\app\\router\\AppRouter.tsx": {"path":"C:\\Users\\rgarciya\\OneDrive - NTT DATA EMEAL\\Escritorio\\BOOTCAMP-0825-FRONTEND-REACT-NTT--RosarioGarcia-\\REACT PROYECT NTTDATA\\src\\app\\router\\AppRouter.tsx","statementMap":{"0":{"start":{"line":6,"column":0},"end":{"line":6,"column":24}},"1":{"start":{"line":2,"column":0},"end":{"line":2,"column":59}},"2":{"start":{"line":3,"column":0},"end":{"line":3,"column":48}},"3":{"start":{"line":4,"column":0},"end":{"line":4,"column":51}},"4":{"start":{"line":7,"column":2},"end":{"line":15,"column":4}},"5":{"start":{"line":10,"column":8},"end":{"line":10,"column":32}}},"fnMap":{"0":{"name":"AppRouter","decl":{"start":{"line":6,"column":24},"end":{"line":6,"column":33}},"loc":{"start":{"line":6,"column":33},"end":{"line":16,"column":1}}},"1":{"name":"(anonymous_1)","decl":{"start":{"line":9,"column":21},"end":{"line":9,"column":22}},"loc":{"start":{"line":10,"column":8},"end":{"line":10,"column":32}}}},"branchMap":{},"s":{"0":0,"1":0,"2":0,"3":0,"4":0,"5":0},"f":{"0":0,"1":0},"b":{}}
,"C:\\Users\\rgarciya\\OneDrive - NTT DATA EMEAL\\Escritorio\\BOOTCAMP-0825-FRONTEND-REACT-NTT--RosarioGarcia-\\REACT PROYECT NTTDATA\\src\\app\\router\\routes.tsx": {"path":"C:\\Users\\rgarciya\\OneDrive - NTT DATA EMEAL\\Escritorio\\BOOTCAMP-0825-FRONTEND-REACT-NTT--RosarioGarcia-\\REACT PROYECT NTTDATA\\src\\app\\router\\routes.tsx","statementMap":{"0":{"start":{"line":2,"column":0},"end":{"line":2,"column":51}},"1":{"start":{"line":3,"column":0},"end":{"line":3,"column":59}},"2":{"start":{"line":4,"column":0},"end":{"line":4,"column":65}},"3":{"start":{"line":5,"column":0},"end":{"line":5,"column":57}},"4":{"start":{"line":6,"column":0},"end":{"line":6,"column":57}},"5":{"start":{"line":7,"column":0},"end":{"line":7,"column":63}},"6":{"start":{"line":8,"column":0},"end":{"line":8,"column":59}},"7":{"start":{"line":10,"column":26},"end":{"line":10,"column":49}},"8":{"start":{"line":11,"column":26},"end":{"line":11,"column":49}},"9":{"start":{"line":12,"column":29},"end":{"line":12,"column":55}},"10":{"start":{"line":20,"column":13},"end":{"line":27,"column":2}}},"fnMap":{},"branchMap":{},"s":{"0":0,"1":0,"2":0,"3":0,"4":0,"5":0,"6":0,"7":0,"8":0,"9":0,"10":0},"f":{},"b":{}}
,"C:\\Users\\rgarciya\\OneDrive - NTT DATA EMEAL\\Escritorio\\BOOTCAMP-0825-FRONTEND-REACT-NTT--RosarioGarcia-\\REACT PROYECT NTTDATA\\src\\app\\router\\withAuthGuard.tsx": {"path":"C:\\Users\\rgarciya\\OneDrive - NTT DATA EMEAL\\Escritorio\\BOOTCAMP-0825-FRONTEND-REACT-NTT--RosarioGarcia-\\REACT PROYECT NTTDATA\\src\\app\\router\\withAuthGuard.tsx","statementMap":{"0":{"start":{"line":7,"column":0},"end":{"line":7,"column":16}},"1":{"start":{"line":3,"column":0},"end":{"line":3,"column":57}},"2":{"start":{"line":4,"column":0},"end":{"line":4,"column":55}},"3":{"start":{"line":5,"column":0},"end":{"line":5,"column":51}},"4":{"start":{"line":8,"column":2},"end":{"line":17,"column":4}},"5":{"start":{"line":9,"column":32},"end":{"line":9,"column":41}},"6":{"start":{"line":10,"column":21},"end":{"line":10,"column":34}},"7":{"start":{"line":12,"column":4},"end":{"line":14,"column":5}},"8":{"start":{"line":13,"column":6},"end":{"line":13,"column":79}},"9":{"start":{"line":16,"column":4},"end":{"line":16,"column":41}}},"fnMap":{"0":{"name":"withAuthGuard","decl":{"start":{"line":7,"column":16},"end":{"line":7,"column":29}},"loc":{"start":{"line":7,"column":73},"end":{"line":18,"column":1}}},"1":{"name":"Guarded","decl":{"start":{"line":8,"column":18},"end":{"line":8,"column":25}},"loc":{"start":{"line":8,"column":34},"end":{"line":17,"column":3}}}},"branchMap":{"0":{"loc":{"start":{"line":12,"column":4},"end":{"line":14,"column":5}},"type":"if","locations":[{"start":{"line":12,"column":4},"end":{"line":14,"column":5}}]}},"s":{"0":0,"1":0,"2":0,"3":0,"4":0,"5":0,"6":0,"7":0,"8":0,"9":0},"f":{"0":0,"1":0},"b":{"0":[0]}}
,"C:\\Users\\rgarciya\\OneDrive - NTT DATA EMEAL\\Escritorio\\BOOTCAMP-0825-FRONTEND-REACT-NTT--RosarioGarcia-\\REACT PROYECT NTTDATA\\src\\modules\\auth\\index.ts": {"path":"C:\\Users\\rgarciya\\OneDrive - NTT DATA EMEAL\\Escritorio\\BOOTCAMP-0825-FRONTEND-REACT-NTT--RosarioGarcia-\\REACT PROYECT NTTDATA\\src\\modules\\auth\\index.ts","statementMap":{"0":{"start":{"line":2,"column":0},"end":{"line":2,"column":9}},"1":{"start":{"line":2,"column":9},"end":{"line":2,"column":75}},"2":{"start":{"line":3,"column":0},"end":{"line":3,"column":9}},"3":{"start":{"line":3,"column":9},"end":{"line":3,"column":54}},"4":{"start":{"line":4,"column":0},"end":{"line":4,"column":9}},"5":{"start":{"line":4,"column":9},"end":{"line":4,"column":42}},"6":{"start":{"line":5,"column":0},"end":{"line":5,"column":9}},"7":{"start":{"line":5,"column":9},"end":{"line":5,"column":44}},"8":{"start":{"line":6,"column":0},"end":{"line":6,"column":9}},"9":{"start":{"line":6,"column":9},"end":{"line":6,"column":50}},"10":{"start":{"line":7,"column":0},"end":{"line":7,"column":9}},"11":{"start":{"line":7,"column":9},"end":{"line":7,"column":46}},"12":{"start":{"line":8,"column":0},"end":{"line":8,"column":9}},"13":{"start":{"line":8,"column":9},"end":{"line":8,"column":52}},"14":{"start":{"line":9,"column":0},"end":{"line":9,"column":9}},"15":{"start":{"line":9,"column":9},"end":{"line":9,"column":51}},"16":{"start":{"line":10,"column":0},"end":{"line":10,"column":9}},"17":{"start":{"line":10,"column":9},"end":{"line":10,"column":57}}},"fnMap":{"0":{"name":"(anonymous_0)","decl":{"start":{"line":2,"column":9},"end":{"line":2,"column":20}},"loc":{"start":{"line":2,"column":9},"end":{"line":2,"column":75}}},"1":{"name":"(anonymous_1)","decl":{"start":{"line":3,"column":9},"end":{"line":3,"column":21}},"loc":{"start":{"line":3,"column":9},"end":{"line":3,"column":54}}},"2":{"name":"(anonymous_2)","decl":{"start":{"line":4,"column":9},"end":{"line":4,"column":16}},"loc":{"start":{"line":4,"column":9},"end":{"line":4,"column":42}}},"3":{"name":"(anonymous_3)","decl":{"start":{"line":5,"column":9},"end":{"line":5,"column":17}},"loc":{"start":{"line":5,"column":9},"end":{"line":5,"column":44}}},"4":{"name":"(anonymous_4)","decl":{"start":{"line":6,"column":9},"end":{"line":6,"column":20}},"loc":{"start":{"line":6,"column":9},"end":{"line":6,"column":50}}},"5":{"name":"(anonymous_5)","decl":{"start":{"line":7,"column":9},"end":{"line":7,"column":18}},"loc":{"start":{"line":7,"column":9},"end":{"line":7,"column":46}}},"6":{"name":"(anonymous_6)","decl":{"start":{"line":8,"column":9},"end":{"line":8,"column":21}},"loc":{"start":{"line":8,"column":9},"end":{"line":8,"column":52}}},"7":{"name":"(anonymous_7)","decl":{"start":{"line":9,"column":9},"end":{"line":9,"column":18}},"loc":{"start":{"line":9,"column":9},"end":{"line":9,"column":51}}},"8":{"name":"(anonymous_8)","decl":{"start":{"line":10,"column":9},"end":{"line":10,"column":21}},"loc":{"start":{"line":10,"column":9},"end":{"line":10,"column":57}}}},"branchMap":{},"s":{"0":0,"1":0,"2":0,"3":0,"4":0,"5":0,"6":0,"7":0,"8":0,"9":0,"10":0,"11":0,"12":0,"13":0,"14":0,"15":0,"16":0,"17":0},"f":{"0":0,"1":0,"2":0,"3":0,"4":0,"5":0,"6":0,"7":0,"8":0},"b":{}}
,"C:\\Users\\rgarciya\\OneDrive - NTT DATA EMEAL\\Escritorio\\BOOTCAMP-0825-FRONTEND-REACT-NTT--RosarioGarcia-\\REACT PROYECT NTTDATA\\src\\modules\\auth\\components\\ForgotPasswordModal.tsx": {"path":"C:\\Users\\rgarciya\\OneDrive - NTT DATA EMEAL\\Escritorio\\BOOTCAMP-0825-FRONTEND-REACT-NTT--RosarioGarcia-\\REACT PROYECT NTTDATA\\src\\modules\\auth\\components\\ForgotPasswordModal.tsx","statementMap":{"0":{"start":{"line":10,"column":0},"end":{"line":10,"column":16}},"1":{"start":{"line":2,"column":0},"end":{"line":2,"column":33}},"2":{"start":{"line":3,"column":0},"end":{"line":3,"column":53}},"3":{"start":{"line":11,"column":28},"end":{"line":11,"column":40}},"4":{"start":{"line":12,"column":40},"end":{"line":12,"column":55}},"5":{"start":{"line":13,"column":28},"end":{"line":13,"column":57}},"6":{"start":{"line":14,"column":36},"end":{"line":14,"column":51}},"7":{"start":{"line":16,"column":24},"end":{"line":19,"column":3}},"8":{"start":{"line":17,"column":23},"end":{"line":17,"column":51}},"9":{"start":{"line":18,"column":4},"end":{"line":18,"column":34}},"10":{"start":{"line":21,"column":23},"end":{"line":42,"column":4}},"11":{"start":{"line":21,"column":52},"end":{"line":42,"column":4}},"12":{"start":{"line":22,"column":4},"end":{"line":22,"column":23}},"13":{"start":{"line":23,"column":4},"end":{"line":23,"column":19}},"14":{"start":{"line":25,"column":4},"end":{"line":28,"column":5}},"15":{"start":{"line":26,"column":6},"end":{"line":26,"column":40}},"16":{"start":{"line":27,"column":6},"end":{"line":27,"column":13}},"17":{"start":{"line":30,"column":4},"end":{"line":33,"column":5}},"18":{"start":{"line":31,"column":6},"end":{"line":31,"column":52}},"19":{"start":{"line":32,"column":6},"end":{"line":32,"column":13}},"20":{"start":{"line":35,"column":4},"end":{"line":35,"column":23}},"21":{"start":{"line":38,"column":4},"end":{"line":41,"column":13}},"22":{"start":{"line":39,"column":6},"end":{"line":39,"column":26}},"23":{"start":{"line":40,"column":6},"end":{"line":40,"column":27}},"24":{"start":{"line":44,"column":22},"end":{"line":50,"column":3}},"25":{"start":{"line":45,"column":4},"end":{"line":45,"column":17}},"26":{"start":{"line":46,"column":4},"end":{"line":46,"column":26}},"27":{"start":{"line":47,"column":4},"end":{"line":47,"column":19}},"28":{"start":{"line":48,"column":4},"end":{"line":48,"column":24}},"29":{"start":{"line":49,"column":4},"end":{"line":49,"column":14}},"30":{"start":{"line":52,"column":2},"end":{"line":94,"column":4}},"31":{"start":{"line":79,"column":16},"end":{"line":79,"column":41}},"32":{"start":{"line":80,"column":16},"end":{"line":80,"column":42}},"33":{"start":{"line":80,"column":27},"end":{"line":80,"column":42}}},"fnMap":{"0":{"name":"ForgotPasswordModal","decl":{"start":{"line":10,"column":16},"end":{"line":10,"column":35}},"loc":{"start":{"line":10,"column":81},"end":{"line":95,"column":1}}},"1":{"name":"(anonymous_8)","decl":{"start":{"line":16,"column":24},"end":{"line":16,"column":25}},"loc":{"start":{"line":16,"column":51},"end":{"line":19,"column":3}}},"2":{"name":"(anonymous_9)","decl":{"start":{"line":21,"column":23},"end":{"line":21,"column":30}},"loc":{"start":{"line":21,"column":52},"end":{"line":42,"column":4}}},"3":{"name":"(anonymous_10)","decl":{"start":{"line":21,"column":52},"end":{"line":21,"column":null}},"loc":{"start":{"line":21,"column":52},"end":{"line":42,"column":3}}},"4":{"name":"(anonymous_11)","decl":{"start":{"line":38,"column":15},"end":{"line":38,"column":18}},"loc":{"start":{"line":38,"column":20},"end":{"line":41,"column":5}}},"5":{"name":"(anonymous_12)","decl":{"start":{"line":44,"column":22},"end":{"line":44,"column":25}},"loc":{"start":{"line":44,"column":27},"end":{"line":50,"column":3}}},"6":{"name":"(anonymous_13)","decl":{"start":{"line":78,"column":24},"end":{"line":78,"column":25}},"loc":{"start":{"line":78,"column":28},"end":{"line":81,"column":15}}}},"branchMap":{"0":{"loc":{"start":{"line":25,"column":4},"end":{"line":28,"column":5}},"type":"if","locations":[{"start":{"line":25,"column":4},"end":{"line":28,"column":5}}]},"1":{"loc":{"start":{"line":30,"column":4},"end":{"line":33,"column":5}},"type":"if","locations":[{"start":{"line":30,"column":4},"end":{"line":33,"column":5}}]},"2":{"loc":{"start":{"line":56,"column":13},"end":{"line":56,"column":67}},"type":"cond-expr","locations":[{"start":{"line":56,"column":27},"end":{"line":56,"column":42}},{"start":{"line":56,"column":45},"end":{"line":56,"column":67}}]},"3":{"loc":{"start":{"line":58,"column":7},"end":{"line":91,"column":null}},"type":"cond-expr","locations":[{"start":{"line":59,"column":8},"end":{"line":66,"column":null}},{"start":{"line":69,"column":8},"end":{"line":90,"column":null}}]},"4":{"loc":{"start":{"line":70,"column":11},"end":{"line":70,"column":64}},"type":"binary-expr","locations":[{"start":{"line":70,"column":11},"end":{"line":70,"column":16}},{"start":{"line":70,"column":20},"end":{"line":70,"column":64}}]},"5":{"loc":{"start":{"line":80,"column":16},"end":{"line":80,"column":42}},"type":"if","locations":[{"start":{"line":80,"column":16},"end":{"line":80,"column":42}}]},"6":{"loc":{"start":{"line":89,"column":13},"end":{"line":89,"column":72}},"type":"cond-expr","locations":[{"start":{"line":89,"column":25},"end":{"line":89,"column":38}},{"start":{"line":89,"column":41},"end":{"line":89,"column":72}}]}},"s":{"0":2,"1":2,"2":2,"3":113,"4":113,"5":113,"6":113,"7":113,"8":14,"9":14,"10":113,"11":16,"12":16,"13":16,"14":16,"15":2,"16":2,"17":14,"18":3,"19":3,"20":11,"21":11,"22":11,"23":11,"24":113,"25":4,"26":4,"27":4,"28":4,"29":4,"30":113,"31":15,"32":15,"33":1},"f":{"0":113,"1":14,"2":16,"3":16,"4":11,"5":4,"6":15},"b":{"0":[2],"1":[3],"2":[3,110],"3":[3,110],"4":[110,5],"5":[1],"6":[11,99]}}
,"C:\\Users\\rgarciya\\OneDrive - NTT DATA EMEAL\\Escritorio\\BOOTCAMP-0825-FRONTEND-REACT-NTT--RosarioGarcia-\\REACT PROYECT NTTDATA\\src\\modules\\auth\\components\\LoginForm.tsx": {"path":"C:\\Users\\rgarciya\\OneDrive - NTT DATA EMEAL\\Escritorio\\BOOTCAMP-0825-FRONTEND-REACT-NTT--RosarioGarcia-\\REACT PROYECT NTTDATA\\src\\modules\\auth\\components\\LoginForm.tsx","statementMap":{"0":{"start":{"line":9,"column":0},"end":{"line":9,"column":16}},"1":{"start":{"line":2,"column":0},"end":{"line":2,"column":33}},"2":{"start":{"line":3,"column":0},"end":{"line":3,"column":47}},"3":{"start":{"line":4,"column":0},"end":{"line":4,"column":55}},"4":{"start":{"line":5,"column":0},"end":{"line":5,"column":51}},"5":{"start":{"line":6,"column":0},"end":{"line":6,"column":53}},"6":{"start":{"line":7,"column":0},"end":{"line":7,"column":84}},"7":{"start":{"line":10,"column":34},"end":{"line":10,"column":52}},"8":{"start":{"line":11,"column":34},"end":{"line":11,"column":56}},"9":{"start":{"line":12,"column":34},"end":{"line":12,"column":63}},"10":{"start":{"line":13,"column":36},"end":{"line":13,"column":51}},"11":{"start":{"line":14,"column":46},"end":{"line":14,"column":61}},"12":{"start":{"line":15,"column":54},"end":{"line":15,"column":69}},"13":{"start":{"line":17,"column":20},"end":{"line":17,"column":29}},"14":{"start":{"line":18,"column":19},"end":{"line":18,"column":32}},"15":{"start":{"line":20,"column":23},"end":{"line":45,"column":4}},"16":{"start":{"line":20,"column":52},"end":{"line":45,"column":4}},"17":{"start":{"line":21,"column":4},"end":{"line":21,"column":23}},"18":{"start":{"line":22,"column":4},"end":{"line":22,"column":22}},"19":{"start":{"line":24,"column":4},"end":{"line":28,"column":5}},"20":{"start":{"line":25,"column":6},"end":{"line":25,"column":65}},"21":{"start":{"line":26,"column":6},"end":{"line":26,"column":30}},"22":{"start":{"line":27,"column":6},"end":{"line":27,"column":13}},"23":{"start":{"line":30,"column":4},"end":{"line":30,"column":23}},"24":{"start":{"line":31,"column":4},"end":{"line":44,"column":5}},"25":{"start":{"line":32,"column":6},"end":{"line":32,"column":76}},"26":{"start":{"line":33,"column":6},"end":{"line":33,"column":47}},"27":{"start":{"line":36,"column":6},"end":{"line":40,"column":7}},"28":{"start":{"line":37,"column":8},"end":{"line":37,"column":59}},"29":{"start":{"line":39,"column":8},"end":{"line":39,"column":57}},"30":{"start":{"line":41,"column":6},"end":{"line":41,"column":30}},"31":{"start":{"line":43,"column":6},"end":{"line":43,"column":26}},"32":{"start":{"line":47,"column":2},"end":{"line":122,"column":4}},"33":{"start":{"line":56,"column":29},"end":{"line":56,"column":56}},"34":{"start":{"line":67,"column":29},"end":{"line":67,"column":56}},"35":{"start":{"line":80,"column":14},"end":{"line":80,"column":33}},"36":{"start":{"line":81,"column":14},"end":{"line":81,"column":42}},"37":{"start":{"line":91,"column":16},"end":{"line":91,"column":35}},"38":{"start":{"line":92,"column":16},"end":{"line":92,"column":42}},"39":{"start":{"line":103,"column":23},"end":{"line":103,"column":47}},"40":{"start":{"line":108,"column":25},"end":{"line":108,"column":49}},"41":{"start":{"line":119,"column":23},"end":{"line":119,"column":51}}},"fnMap":{"0":{"name":"LoginForm","decl":{"start":{"line":9,"column":16},"end":{"line":9,"column":25}},"loc":{"start":{"line":9,"column":25},"end":{"line":123,"column":1}}},"1":{"name":"(anonymous_8)","decl":{"start":{"line":20,"column":23},"end":{"line":20,"column":30}},"loc":{"start":{"line":20,"column":52},"end":{"line":45,"column":4}}},"2":{"name":"(anonymous_9)","decl":{"start":{"line":20,"column":52},"end":{"line":20,"column":null}},"loc":{"start":{"line":20,"column":52},"end":{"line":45,"column":3}}},"3":{"name":"(anonymous_10)","decl":{"start":{"line":56,"column":24},"end":{"line":56,"column":25}},"loc":{"start":{"line":56,"column":29},"end":{"line":56,"column":56}}},"4":{"name":"(anonymous_11)","decl":{"start":{"line":67,"column":24},"end":{"line":67,"column":25}},"loc":{"start":{"line":67,"column":29},"end":{"line":67,"column":56}}},"5":{"name":"(anonymous_12)","decl":{"start":{"line":79,"column":21},"end":{"line":79,"column":22}},"loc":{"start":{"line":79,"column":27},"end":{"line":82,"column":13}}},"6":{"name":"(anonymous_13)","decl":{"start":{"line":90,"column":23},"end":{"line":90,"column":24}},"loc":{"start":{"line":90,"column":29},"end":{"line":93,"column":15}}},"7":{"name":"(anonymous_14)","decl":{"start":{"line":103,"column":17},"end":{"line":103,"column":20}},"loc":{"start":{"line":103,"column":23},"end":{"line":103,"column":47}}},"8":{"name":"(anonymous_15)","decl":{"start":{"line":108,"column":19},"end":{"line":108,"column":22}},"loc":{"start":{"line":108,"column":25},"end":{"line":108,"column":49}}},"9":{"name":"(anonymous_16)","decl":{"start":{"line":119,"column":17},"end":{"line":119,"column":20}},"loc":{"start":{"line":119,"column":23},"end":{"line":119,"column":51}}}},"branchMap":{"0":{"loc":{"start":{"line":24,"column":4},"end":{"line":28,"column":5}},"type":"if","locations":[{"start":{"line":24,"column":4},"end":{"line":28,"column":5}}]},"1":{"loc":{"start":{"line":24,"column":8},"end":{"line":24,"column":44}},"type":"binary-expr","locations":[{"start":{"line":24,"column":8},"end":{"line":24,"column":24}},{"start":{"line":24,"column":28},"end":{"line":24,"column":44}}]},"2":{"loc":{"start":{"line":36,"column":6},"end":{"line":40,"column":7}},"type":"if","locations":[{"start":{"line":36,"column":6},"end":{"line":40,"column":7}},{"start":{"line":38,"column":13},"end":{"line":40,"column":7}}]},"3":{"loc":{"start":{"line":36,"column":10},"end":{"line":36,"column":67}},"type":"binary-expr","locations":[{"start":{"line":36,"column":10},"end":{"line":36,"column":32}},{"start":{"line":36,"column":36},"end":{"line":36,"column":67}}]},"4":{"loc":{"start":{"line":73,"column":13},"end":{"line":73,"column":65}},"type":"cond-expr","locations":[{"start":{"line":73,"column":25},"end":{"line":73,"column":46}},{"start":{"line":73,"column":49},"end":{"line":73,"column":65}}]}},"s":{"0":1,"1":1,"2":1,"3":1,"4":1,"5":1,"6":1,"7":51,"8":51,"9":51,"10":51,"11":51,"12":51,"13":51,"14":51,"15":51,"16":11,"17":11,"18":11,"19":11,"20":4,"21":4,"22":4,"23":7,"24":7,"25":7,"26":3,"27":3,"28":1,"29":2,"30":3,"31":6,"32":51,"33":5,"34":4,"35":2,"36":2,"37":0,"38":0,"39":0,"40":1,"41":1},"f":{"0":51,"1":11,"2":11,"3":5,"4":4,"5":2,"6":0,"7":0,"8":1,"9":1},"b":{"0":[4],"1":[11,8],"2":[1,2],"3":[3,3],"4":[7,44]}}
,"C:\\Users\\rgarciya\\OneDrive - NTT DATA EMEAL\\Escritorio\\BOOTCAMP-0825-FRONTEND-REACT-NTT--RosarioGarcia-\\REACT PROYECT NTTDATA\\src\\modules\\auth\\components\\RegisterForm.tsx": {"path":"C:\\Users\\rgarciya\\OneDrive - NTT DATA EMEAL\\Escritorio\\BOOTCAMP-0825-FRONTEND-REACT-NTT--RosarioGarcia-\\REACT PROYECT NTTDATA\\src\\modules\\auth\\components\\RegisterForm.tsx","statementMap":{"0":{"start":{"line":10,"column":0},"end":{"line":10,"column":16}},"1":{"start":{"line":2,"column":0},"end":{"line":2,"column":33}},"2":{"start":{"line":3,"column":0},"end":{"line":3,"column":47}},"3":{"start":{"line":4,"column":0},"end":{"line":4,"column":63}},"4":{"start":{"line":5,"column":0},"end":{"line":5,"column":51}},"5":{"start":{"line":6,"column":0},"end":{"line":6,"column":53}},"6":{"start":{"line":7,"column":0},"end":{"line":7,"column":53}},"7":{"start":{"line":11,"column":34},"end":{"line":19,"column":4}},"8":{"start":{"line":20,"column":48},"end":{"line":20,"column":60}},"9":{"start":{"line":21,"column":50},"end":{"line":21,"column":65}},"10":{"start":{"line":23,"column":48},"end":{"line":23,"column":61}},"11":{"start":{"line":24,"column":19},"end":{"line":24,"column":32}},"12":{"start":{"line":26,"column":28},"end":{"line":33,"column":3}},"13":{"start":{"line":27,"column":28},"end":{"line":27,"column":36}},"14":{"start":{"line":28,"column":4},"end":{"line":32,"column":5}},"15":{"start":{"line":29,"column":6},"end":{"line":29,"column":71}},"16":{"start":{"line":29,"column":26},"end":{"line":29,"column":69}},"17":{"start":{"line":31,"column":6},"end":{"line":31,"column":56}},"18":{"start":{"line":31,"column":26},"end":{"line":31,"column":54}},"19":{"start":{"line":35,"column":23},"end":{"line":61,"column":3}},"20":{"start":{"line":37,"column":4},"end":{"line":37,"column":68}},"21":{"start":{"line":37,"column":36},"end":{"line":37,"column":68}},"22":{"start":{"line":38,"column":4},"end":{"line":38,"column":69}},"23":{"start":{"line":38,"column":35},"end":{"line":38,"column":69}},"24":{"start":{"line":39,"column":4},"end":{"line":39,"column":78}},"25":{"start":{"line":39,"column":35},"end":{"line":39,"column":78}},"26":{"start":{"line":40,"column":4},"end":{"line":40,"column":63}},"27":{"start":{"line":40,"column":32},"end":{"line":40,"column":63}},"28":{"start":{"line":41,"column":4},"end":{"line":41,"column":71}},"29":{"start":{"line":41,"column":35},"end":{"line":41,"column":71}},"30":{"start":{"line":42,"column":4},"end":{"line":42,"column":65}},"31":{"start":{"line":42,"column":27},"end":{"line":42,"column":65}},"32":{"start":{"line":45,"column":23},"end":{"line":45,"column":51}},"33":{"start":{"line":46,"column":4},"end":{"line":48,"column":5}},"34":{"start":{"line":47,"column":6},"end":{"line":47,"column":49}},"35":{"start":{"line":51,"column":4},"end":{"line":53,"column":5}},"36":{"start":{"line":52,"column":6},"end":{"line":52,"column":62}},"37":{"start":{"line":56,"column":4},"end":{"line":58,"column":5}},"38":{"start":{"line":57,"column":6},"end":{"line":57,"column":44}},"39":{"start":{"line":60,"column":4},"end":{"line":60,"column":16}},"40":{"start":{"line":63,"column":23},"end":{"line":88,"column":4}},"41":{"start":{"line":63,"column":52},"end":{"line":88,"column":4}},"42":{"start":{"line":64,"column":4},"end":{"line":64,"column":23}},"43":{"start":{"line":66,"column":28},"end":{"line":66,"column":42}},"44":{"start":{"line":67,"column":4},"end":{"line":69,"column":5}},"45":{"start":{"line":68,"column":6},"end":{"line":68,"column":13}},"46":{"start":{"line":72,"column":25},"end":{"line":78,"column":null}},"47":{"start":{"line":81,"column":4},"end":{"line":87,"column":5}},"48":{"start":{"line":82,"column":6},"end":{"line":82,"column":38}},"49":{"start":{"line":83,"column":6},"end":{"line":83,"column":32}},"50":{"start":{"line":86,"column":6},"end":{"line":86,"column":57}},"51":{"start":{"line":90,"column":34},"end":{"line":94,"column":3}},"52":{"start":{"line":91,"column":4},"end":{"line":91,"column":31}},"53":{"start":{"line":92,"column":4},"end":{"line":92,"column":12}},"54":{"start":{"line":93,"column":4},"end":{"line":93,"column":27}},"55":{"start":{"line":96,"column":26},"end":{"line":98,"column":3}},"56":{"start":{"line":97,"column":4},"end":{"line":97,"column":27}},"57":{"start":{"line":100,"column":2},"end":{"line":263,"column":4}},"58":{"start":{"line":216,"column":29},"end":{"line":216,"column":63}}},"fnMap":{"0":{"name":"RegisterForm","decl":{"start":{"line":10,"column":16},"end":{"line":10,"column":28}},"loc":{"start":{"line":10,"column":28},"end":{"line":264,"column":1}}},"1":{"name":"(anonymous_8)","decl":{"start":{"line":26,"column":28},"end":{"line":26,"column":29}},"loc":{"start":{"line":26,"column":91},"end":{"line":33,"column":3}}},"2":{"name":"(anonymous_9)","decl":{"start":{"line":29,"column":18},"end":{"line":29,"column":22}},"loc":{"start":{"line":29,"column":26},"end":{"line":29,"column":69}}},"3":{"name":"(anonymous_10)","decl":{"start":{"line":31,"column":18},"end":{"line":31,"column":22}},"loc":{"start":{"line":31,"column":26},"end":{"line":31,"column":54}}},"4":{"name":"(anonymous_11)","decl":{"start":{"line":35,"column":23},"end":{"line":35,"column":41}},"loc":{"start":{"line":35,"column":43},"end":{"line":61,"column":3}}},"5":{"name":"(anonymous_12)","decl":{"start":{"line":63,"column":23},"end":{"line":63,"column":30}},"loc":{"start":{"line":63,"column":52},"end":{"line":88,"column":4}}},"6":{"name":"(anonymous_13)","decl":{"start":{"line":63,"column":52},"end":{"line":63,"column":null}},"loc":{"start":{"line":63,"column":52},"end":{"line":88,"column":3}}},"7":{"name":"(anonymous_14)","decl":{"start":{"line":90,"column":34},"end":{"line":90,"column":37}},"loc":{"start":{"line":90,"column":39},"end":{"line":94,"column":3}}},"8":{"name":"(anonymous_15)","decl":{"start":{"line":96,"column":26},"end":{"line":96,"column":29}},"loc":{"start":{"line":96,"column":31},"end":{"line":98,"column":3}}},"9":{"name":"(anonymous_16)","decl":{"start":{"line":216,"column":22},"end":{"line":216,"column":23}},"loc":{"start":{"line":216,"column":29},"end":{"line":216,"column":63}}}},"branchMap":{"0":{"loc":{"start":{"line":28,"column":4},"end":{"line":32,"column":5}},"type":"if","locations":[{"start":{"line":28,"column":4},"end":{"line":32,"column":5}},{"start":{"line":30,"column":11},"end":{"line":32,"column":5}}]},"1":{"loc":{"start":{"line":29,"column":46},"end":{"line":29,"column":66}},"type":"binary-expr","locations":[{"start":{"line":29,"column":46},"end":{"line":29,"column":61}},{"start":{"line":29,"column":65},"end":{"line":29,"column":66}}]},"2":{"loc":{"start":{"line":37,"column":4},"end":{"line":37,"column":68}},"type":"if","locations":[{"start":{"line":37,"column":4},"end":{"line":37,"column":68}}]},"3":{"loc":{"start":{"line":38,"column":4},"end":{"line":38,"column":69}},"type":"if","locations":[{"start":{"line":38,"column":4},"end":{"line":38,"column":69}}]},"4":{"loc":{"start":{"line":39,"column":4},"end":{"line":39,"column":78}},"type":"if","locations":[{"start":{"line":39,"column":4},"end":{"line":39,"column":78}}]},"5":{"loc":{"start":{"line":40,"column":4},"end":{"line":40,"column":63}},"type":"if","locations":[{"start":{"line":40,"column":4},"end":{"line":40,"column":63}}]},"6":{"loc":{"start":{"line":41,"column":4},"end":{"line":41,"column":71}},"type":"if","locations":[{"start":{"line":41,"column":4},"end":{"line":41,"column":71}}]},"7":{"loc":{"start":{"line":42,"column":4},"end":{"line":42,"column":65}},"type":"if","locations":[{"start":{"line":42,"column":4},"end":{"line":42,"column":65}}]},"8":{"loc":{"start":{"line":46,"column":4},"end":{"line":48,"column":5}},"type":"if","locations":[{"start":{"line":46,"column":4},"end":{"line":48,"column":5}}]},"9":{"loc":{"start":{"line":51,"column":4},"end":{"line":53,"column":5}},"type":"if","locations":[{"start":{"line":51,"column":4},"end":{"line":53,"column":5}}]},"10":{"loc":{"start":{"line":56,"column":4},"end":{"line":58,"column":5}},"type":"if","locations":[{"start":{"line":56,"column":4},"end":{"line":58,"column":5}}]},"11":{"loc":{"start":{"line":67,"column":4},"end":{"line":69,"column":5}},"type":"if","locations":[{"start":{"line":67,"column":4},"end":{"line":69,"column":5}}]},"12":{"loc":{"start":{"line":223,"column":9},"end":{"line":224,"column":null}},"type":"binary-expr","locations":[{"start":{"line":223,"column":9},"end":{"line":223,"column":14}},{"start":{"line":224,"column":10},"end":{"line":224,"column":48}}]},"13":{"loc":{"start":{"line":228,"column":11},"end":{"line":228,"column":56}},"type":"cond-expr","locations":[{"start":{"line":228,"column":23},"end":{"line":228,"column":39}},{"start":{"line":228,"column":42},"end":{"line":228,"column":56}}]}},"s":{"0":1,"1":1,"2":1,"3":1,"4":1,"5":1,"6":1,"7":114,"8":114,"9":114,"10":114,"11":114,"12":114,"13":70,"14":70,"15":12,"16":12,"17":58,"18":58,"19":114,"20":7,"21":0,"22":7,"23":0,"24":7,"25":0,"26":7,"27":0,"28":7,"29":0,"30":7,"31":0,"32":7,"33":7,"34":0,"35":7,"36":1,"37":6,"38":1,"39":5,"40":114,"41":7,"42":7,"43":7,"44":7,"45":2,"46":5,"47":5,"48":5,"49":4,"50":1,"51":114,"52":1,"53":1,"54":1,"55":114,"56":1,"57":114,"58":12},"f":{"0":114,"1":70,"2":12,"3":58,"4":7,"5":7,"6":7,"7":1,"8":1,"9":12},"b":{"0":[12,58],"1":[12,1],"2":[0],"3":[0],"4":[0],"5":[0],"6":[0],"7":[0],"8":[0],"9":[1],"10":[1],"11":[2],"12":[114,1],"13":[3,111]}}
,"C:\\Users\\rgarciya\\OneDrive - NTT DATA EMEAL\\Escritorio\\BOOTCAMP-0825-FRONTEND-REACT-NTT--RosarioGarcia-\\REACT PROYECT NTTDATA\\src\\modules\\auth\\context\\AuthContext.ts": {"path":"C:\\Users\\rgarciya\\OneDrive - NTT DATA EMEAL\\Escritorio\\BOOTCAMP-0825-FRONTEND-REACT-NTT--RosarioGarcia-\\REACT PROYECT NTTDATA\\src\\modules\\auth\\context\\AuthContext.ts","statementMap":{"0":{"start":{"line":2,"column":0},"end":{"line":2,"column":38}},"1":{"start":{"line":12,"column":13},"end":{"line":12,"column":82}}},"fnMap":{},"branchMap":{},"s":{"0":4,"1":4},"f":{},"b":{}}
,"C:\\Users\\rgarciya\\OneDrive - NTT DATA EMEAL\\Escritorio\\BOOTCAMP-0825-FRONTEND-REACT-NTT--RosarioGarcia-\\REACT PROYECT NTTDATA\\src\\modules\\auth\\context\\AuthProvider.tsx": {"path":"C:\\Users\\rgarciya\\OneDrive - NTT DATA EMEAL\\Escritorio\\BOOTCAMP-0825-FRONTEND-REACT-NTT--RosarioGarcia-\\REACT PROYECT NTTDATA\\src\\modules\\auth\\context\\AuthProvider.tsx","statementMap":{"0":{"start":{"line":8,"column":0},"end":{"line":8,"column":16}},"1":{"start":{"line":2,"column":0},"end":{"line":2,"column":66}},"2":{"start":{"line":5,"column":0},"end":{"line":5,"column":88}},"3":{"start":{"line":6,"column":0},"end":{"line":6,"column":68}},"4":{"start":{"line":9,"column":26},"end":{"line":9,"column":53}},"5":{"start":{"line":11,"column":2},"end":{"line":23,"column":9}},"6":{"start":{"line":13,"column":4},"end":{"line":22,"column":5}},"7":{"start":{"line":14,"column":21},"end":{"line":14,"column":54}},"8":{"start":{"line":15,"column":6},"end":{"line":21,"column":7}},"9":{"start":{"line":16,"column":8},"end":{"line":20,"column":9}},"10":{"start":{"line":17,"column":10},"end":{"line":17,"column":38}},"11":{"start":{"line":19,"column":10},"end":{"line":19,"column":47}},"12":{"start":{"line":25,"column":16},"end":{"line":36,"column":8}},"13":{"start":{"line":25,"column":67},"end":{"line":36,"column":5}},"14":{"start":{"line":26,"column":4},"end":{"line":35,"column":5}},"15":{"start":{"line":27,"column":23},"end":{"line":27,"column":54}},"16":{"start":{"line":28,"column":6},"end":{"line":28,"column":24}},"17":{"start":{"line":29,"column":6},"end":{"line":31,"column":7}},"18":{"start":{"line":30,"column":8},"end":{"line":30,"column":68}},"19":{"start":{"line":34,"column":6},"end":{"line":34,"column":44}},"20":{"start":{"line":38,"column":17},"end":{"line":45,"column":8}},"21":{"start":{"line":39,"column":4},"end":{"line":39,"column":18}},"22":{"start":{"line":40,"column":4},"end":{"line":44,"column":5}},"23":{"start":{"line":41,"column":6},"end":{"line":41,"column":43}},"24":{"start":{"line":42,"column":6},"end":{"line":42,"column":45}},"25":{"start":{"line":43,"column":6},"end":{"line":43,"column":46}},"26":{"start":{"line":47,"column":34},"end":{"line":49,"column":null}},"27":{"start":{"line":48,"column":11},"end":{"line":48,"column":59}},"28":{"start":{"line":52,"column":2},"end":{"line":52,"column":79}}},"fnMap":{"0":{"name":"AuthProvider","decl":{"start":{"line":8,"column":16},"end":{"line":8,"column":28}},"loc":{"start":{"line":8,"column":66},"end":{"line":53,"column":1}}},"1":{"name":"(anonymous_8)","decl":{"start":{"line":11,"column":12},"end":{"line":11,"column":15}},"loc":{"start":{"line":11,"column":17},"end":{"line":23,"column":3}}},"2":{"name":"(anonymous_9)","decl":{"start":{"line":25,"column":28},"end":{"line":25,"column":35}},"loc":{"start":{"line":25,"column":67},"end":{"line":36,"column":5}}},"3":{"name":"(anonymous_10)","decl":{"start":{"line":25,"column":67},"end":{"line":25,"column":null}},"loc":{"start":{"line":25,"column":67},"end":{"line":36,"column":3}}},"4":{"name":"(anonymous_11)","decl":{"start":{"line":38,"column":29},"end":{"line":38,"column":32}},"loc":{"start":{"line":38,"column":34},"end":{"line":45,"column":3}}},"5":{"name":"(anonymous_12)","decl":{"start":{"line":48,"column":4},"end":{"line":48,"column":7}},"loc":{"start":{"line":48,"column":11},"end":{"line":48,"column":59}}}},"branchMap":{"0":{"loc":{"start":{"line":13,"column":4},"end":{"line":22,"column":5}},"type":"if","locations":[{"start":{"line":13,"column":4},"end":{"line":22,"column":5}}]},"1":{"loc":{"start":{"line":15,"column":6},"end":{"line":21,"column":7}},"type":"if","locations":[{"start":{"line":15,"column":6},"end":{"line":21,"column":7}}]},"2":{"loc":{"start":{"line":29,"column":6},"end":{"line":31,"column":7}},"type":"if","locations":[{"start":{"line":29,"column":6},"end":{"line":31,"column":7}}]},"3":{"loc":{"start":{"line":40,"column":4},"end":{"line":44,"column":5}},"type":"if","locations":[{"start":{"line":40,"column":4},"end":{"line":44,"column":5}}]}},"s":{"0":1,"1":1,"2":1,"3":1,"4":36,"5":36,"6":18,"7":17,"8":17,"9":8,"10":8,"11":1,"12":36,"13":7,"14":7,"15":7,"16":6,"17":6,"18":6,"19":1,"20":36,"21":4,"22":4,"23":4,"24":4,"25":4,"26":36,"27":35,"28":36},"f":{"0":36,"1":18,"2":7,"3":7,"4":4,"5":35},"b":{"0":[17],"1":[8],"2":[6],"3":[4]}}
,"C:\\Users\\rgarciya\\OneDrive - NTT DATA EMEAL\\Escritorio\\BOOTCAMP-0825-FRONTEND-REACT-NTT--RosarioGarcia-\\REACT PROYECT NTTDATA\\src\\modules\\auth\\hooks\\useAuth.ts": {"path":"C:\\Users\\rgarciya\\OneDrive - NTT DATA EMEAL\\Escritorio\\BOOTCAMP-0825-FRONTEND-REACT-NTT--RosarioGarcia-\\REACT PROYECT NTTDATA\\src\\modules\\auth\\hooks\\useAuth.ts","statementMap":{"0":{"start":{"line":2,"column":0},"end":{"line":2,"column":35}},"1":{"start":{"line":3,"column":0},"end":{"line":3,"column":65}},"2":{"start":{"line":5,"column":23},"end":{"line":11,"column":1}},"3":{"start":{"line":6,"column":18},"end":{"line":6,"column":41}},"4":{"start":{"line":7,"column":2},"end":{"line":9,"column":3}},"5":{"start":{"line":8,"column":4},"end":{"line":8,"column":67}},"6":{"start":{"line":10,"column":2},"end":{"line":10,"column":17}},"7":{"start":{"line":5,"column":13},"end":{"line":5,"column":23}}},"fnMap":{"0":{"name":"(anonymous_0)","decl":{"start":{"line":5,"column":23},"end":{"line":5,"column":26}},"loc":{"start":{"line":5,"column":28},"end":{"line":11,"column":1}}}},"branchMap":{"0":{"loc":{"start":{"line":7,"column":2},"end":{"line":9,"column":3}},"type":"if","locations":[{"start":{"line":7,"column":2},"end":{"line":9,"column":3}}]}},"s":{"0":4,"1":4,"2":4,"3":55,"4":55,"5":4,"6":51,"7":4},"f":{"0":55},"b":{"0":[4]}}
,"C:\\Users\\rgarciya\\OneDrive - NTT DATA EMEAL\\Escritorio\\BOOTCAMP-0825-FRONTEND-REACT-NTT--RosarioGarcia-\\REACT PROYECT NTTDATA\\src\\modules\\auth\\hooks\\useLogin.ts": {"path":"C:\\Users\\rgarciya\\OneDrive - NTT DATA EMEAL\\Escritorio\\BOOTCAMP-0825-FRONTEND-REACT-NTT--RosarioGarcia-\\REACT PROYECT NTTDATA\\src\\modules\\auth\\hooks\\useLogin.ts","statementMap":{"0":{"start":{"line":9,"column":0},"end":{"line":9,"column":16}},"1":{"start":{"line":68,"column":0},"end":{"line":68,"column":16}},"2":{"start":{"line":2,"column":0},"end":{"line":2,"column":33}},"3":{"start":{"line":3,"column":0},"end":{"line":3,"column":47}},"4":{"start":{"line":4,"column":0},"end":{"line":4,"column":55}},"5":{"start":{"line":5,"column":0},"end":{"line":5,"column":97}},"6":{"start":{"line":6,"column":0},"end":{"line":6,"column":51}},"7":{"start":{"line":10,"column":36},"end":{"line":10,"column":51}},"8":{"start":{"line":11,"column":28},"end":{"line":11,"column":57}},"9":{"start":{"line":12,"column":51},"end":{"line":12,"column":60}},"10":{"start":{"line":13,"column":19},"end":{"line":13,"column":32}},"11":{"start":{"line":15,"column":22},"end":{"line":29,"column":4}},"12":{"start":{"line":15,"column":61},"end":{"line":29,"column":4}},"13":{"start":{"line":16,"column":4},"end":{"line":16,"column":23}},"14":{"start":{"line":17,"column":4},"end":{"line":17,"column":19}},"15":{"start":{"line":19,"column":4},"end":{"line":28,"column":5}},"16":{"start":{"line":20,"column":6},"end":{"line":20,"column":31}},"17":{"start":{"line":21,"column":6},"end":{"line":21,"column":47}},"18":{"start":{"line":23,"column":27},"end":{"line":23,"column":88}},"19":{"start":{"line":24,"column":6},"end":{"line":24,"column":29}},"20":{"start":{"line":25,"column":6},"end":{"line":25,"column":16}},"21":{"start":{"line":27,"column":6},"end":{"line":27,"column":26}},"22":{"start":{"line":31,"column":23},"end":{"line":34,"column":3}},"23":{"start":{"line":32,"column":4},"end":{"line":32,"column":13}},"24":{"start":{"line":33,"column":4},"end":{"line":33,"column":46}},"25":{"start":{"line":36,"column":31},"end":{"line":50,"column":4}},"26":{"start":{"line":36,"column":60},"end":{"line":50,"column":4}},"27":{"start":{"line":37,"column":4},"end":{"line":37,"column":39}},"28":{"start":{"line":37,"column":26},"end":{"line":37,"column":39}},"29":{"start":{"line":39,"column":4},"end":{"line":49,"column":5}},"30":{"start":{"line":40,"column":6},"end":{"line":43,"column":7}},"31":{"start":{"line":41,"column":8},"end":{"line":41,"column":36}},"32":{"start":{"line":42,"column":8},"end":{"line":42,"column":20}},"33":{"start":{"line":44,"column":6},"end":{"line":44,"column":18}},"34":{"start":{"line":46,"column":6},"end":{"line":46,"column":54}},"35":{"start":{"line":47,"column":6},"end":{"line":47,"column":21}},"36":{"start":{"line":48,"column":6},"end":{"line":48,"column":19}},"37":{"start":{"line":52,"column":2},"end":{"line":64,"column":4}},"38":{"start":{"line":63,"column":22},"end":{"line":63,"column":36}},"39":{"start":{"line":69,"column":35},"end":{"line":69,"column":45}},"40":{"start":{"line":71,"column":24},"end":{"line":73,"column":4}},"41":{"start":{"line":71,"column":35},"end":{"line":73,"column":4}},"42":{"start":{"line":72,"column":4},"end":{"line":72,"column":40}},"43":{"start":{"line":75,"column":2},"end":{"line":75,"column":27}}},"fnMap":{"0":{"name":"useLogin","decl":{"start":{"line":9,"column":16},"end":{"line":9,"column":24}},"loc":{"start":{"line":9,"column":24},"end":{"line":65,"column":1}}},"1":{"name":"(anonymous_8)","decl":{"start":{"line":15,"column":22},"end":{"line":15,"column":29}},"loc":{"start":{"line":15,"column":61},"end":{"line":29,"column":4}}},"2":{"name":"(anonymous_9)","decl":{"start":{"line":15,"column":61},"end":{"line":15,"column":null}},"loc":{"start":{"line":15,"column":61},"end":{"line":29,"column":3}}},"3":{"name":"(anonymous_10)","decl":{"start":{"line":31,"column":23},"end":{"line":31,"column":26}},"loc":{"start":{"line":31,"column":28},"end":{"line":34,"column":3}}},"4":{"name":"(anonymous_11)","decl":{"start":{"line":36,"column":31},"end":{"line":36,"column":58}},"loc":{"start":{"line":36,"column":60},"end":{"line":50,"column":4}}},"5":{"name":"(anonymous_12)","decl":{"start":{"line":36,"column":60},"end":{"line":36,"column":null}},"loc":{"start":{"line":36,"column":60},"end":{"line":50,"column":3}}},"6":{"name":"(anonymous_13)","decl":{"start":{"line":63,"column":16},"end":{"line":63,"column":19}},"loc":{"start":{"line":63,"column":22},"end":{"line":63,"column":36}}},"7":{"name":"useTokenValidation","decl":{"start":{"line":68,"column":16},"end":{"line":68,"column":34}},"loc":{"start":{"line":68,"column":34},"end":{"line":76,"column":1}}},"8":{"name":"(anonymous_15)","decl":{"start":{"line":71,"column":24},"end":{"line":71,"column":33}},"loc":{"start":{"line":71,"column":35},"end":{"line":73,"column":4}}},"9":{"name":"(anonymous_16)","decl":{"start":{"line":71,"column":35},"end":{"line":71,"column":null}},"loc":{"start":{"line":71,"column":35},"end":{"line":73,"column":3}}}},"branchMap":{"0":{"loc":{"start":{"line":23,"column":27},"end":{"line":23,"column":88}},"type":"cond-expr","locations":[{"start":{"line":23,"column":50},"end":{"line":23,"column":61}},{"start":{"line":23,"column":64},"end":{"line":23,"column":88}}]},"1":{"loc":{"start":{"line":37,"column":4},"end":{"line":37,"column":39}},"type":"if","locations":[{"start":{"line":37,"column":4},"end":{"line":37,"column":39}}]},"2":{"loc":{"start":{"line":40,"column":6},"end":{"line":43,"column":7}},"type":"if","locations":[{"start":{"line":40,"column":6},"end":{"line":43,"column":7}}]}},"s":{"0":1,"1":1,"2":1,"3":1,"4":1,"5":1,"6":1,"7":17,"8":17,"9":17,"10":17,"11":17,"12":5,"13":5,"14":5,"15":5,"16":5,"17":2,"18":3,"19":3,"20":3,"21":5,"22":17,"23":1,"24":1,"25":17,"26":2,"27":2,"28":1,"29":1,"30":1,"31":0,"32":0,"33":1,"34":0,"35":0,"36":0,"37":17,"38":1,"39":2,"40":2,"41":2,"42":2,"43":2},"f":{"0":17,"1":5,"2":5,"3":1,"4":2,"5":2,"6":1,"7":2,"8":2,"9":2},"b":{"0":[2,1],"1":[1],"2":[0]}}
,"C:\\Users\\rgarciya\\OneDrive - NTT DATA EMEAL\\Escritorio\\BOOTCAMP-0825-FRONTEND-REACT-NTT--RosarioGarcia-\\REACT PROYECT NTTDATA\\src\\modules\\auth\\hooks\\useRegister.ts": {"path":"C:\\Users\\rgarciya\\OneDrive - NTT DATA EMEAL\\Escritorio\\BOOTCAMP-0825-FRONTEND-REACT-NTT--RosarioGarcia-\\REACT PROYECT NTTDATA\\src\\modules\\auth\\hooks\\useRegister.ts","statementMap":{"0":{"start":{"line":14,"column":0},"end":{"line":14,"column":16}},"1":{"start":{"line":2,"column":0},"end":{"line":2,"column":33}},"2":{"start":{"line":3,"column":0},"end":{"line":3,"column":71}},"3":{"start":{"line":15,"column":36},"end":{"line":15,"column":51}},"4":{"start":{"line":16,"column":28},"end":{"line":16,"column":57}},"5":{"start":{"line":17,"column":36},"end":{"line":17,"column":51}},"6":{"start":{"line":19,"column":19},"end":{"line":35,"column":4}},"7":{"start":{"line":19,"column":92},"end":{"line":35,"column":4}},"8":{"start":{"line":20,"column":4},"end":{"line":20,"column":23}},"9":{"start":{"line":21,"column":4},"end":{"line":21,"column":19}},"10":{"start":{"line":22,"column":4},"end":{"line":22,"column":24}},"11":{"start":{"line":24,"column":4},"end":{"line":34,"column":5}},"12":{"start":{"line":25,"column":23},"end":{"line":25,"column":57}},"13":{"start":{"line":26,"column":6},"end":{"line":26,"column":25}},"14":{"start":{"line":27,"column":6},"end":{"line":27,"column":22}},"15":{"start":{"line":29,"column":27},"end":{"line":29,"column":103}},"16":{"start":{"line":30,"column":6},"end":{"line":30,"column":29}},"17":{"start":{"line":31,"column":6},"end":{"line":31,"column":16}},"18":{"start":{"line":33,"column":6},"end":{"line":33,"column":26}},"19":{"start":{"line":37,"column":16},"end":{"line":41,"column":3}},"20":{"start":{"line":38,"column":4},"end":{"line":38,"column":19}},"21":{"start":{"line":39,"column":4},"end":{"line":39,"column":24}},"22":{"start":{"line":40,"column":4},"end":{"line":40,"column":24}},"23":{"start":{"line":43,"column":2},"end":{"line":49,"column":4}}},"fnMap":{"0":{"name":"useRegister","decl":{"start":{"line":14,"column":16},"end":{"line":14,"column":27}},"loc":{"start":{"line":14,"column":27},"end":{"line":50,"column":1}}},"1":{"name":"(anonymous_8)","decl":{"start":{"line":19,"column":19},"end":{"line":19,"column":26}},"loc":{"start":{"line":19,"column":92},"end":{"line":35,"column":4}}},"2":{"name":"(anonymous_9)","decl":{"start":{"line":19,"column":92},"end":{"line":19,"column":null}},"loc":{"start":{"line":19,"column":92},"end":{"line":35,"column":3}}},"3":{"name":"(anonymous_10)","decl":{"start":{"line":37,"column":16},"end":{"line":37,"column":19}},"loc":{"start":{"line":37,"column":21},"end":{"line":41,"column":3}}}},"branchMap":{"0":{"loc":{"start":{"line":29,"column":27},"end":{"line":29,"column":103}},"type":"cond-expr","locations":[{"start":{"line":29,"column":50},"end":{"line":29,"column":61}},{"start":{"line":29,"column":64},"end":{"line":29,"column":103}}]}},"s":{"0":2,"1":2,"2":2,"3":33,"4":33,"5":33,"6":33,"7":15,"8":15,"9":15,"10":15,"11":15,"12":15,"13":11,"14":11,"15":4,"16":4,"17":4,"18":15,"19":33,"20":2,"21":2,"22":2,"23":33},"f":{"0":33,"1":15,"2":15,"3":2},"b":{"0":[3,1]}}
,"C:\\Users\\rgarciya\\OneDrive - NTT DATA EMEAL\\Escritorio\\BOOTCAMP-0825-FRONTEND-REACT-NTT--RosarioGarcia-\\REACT PROYECT NTTDATA\\src\\modules\\auth\\mappers\\auth.mappers.ts": {"path":"C:\\Users\\rgarciya\\OneDrive - NTT DATA EMEAL\\Escritorio\\BOOTCAMP-0825-FRONTEND-REACT-NTT--RosarioGarcia-\\REACT PROYECT NTTDATA\\src\\modules\\auth\\mappers\\auth.mappers.ts","statementMap":{"0":{"start":{"line":5,"column":31},"end":{"line":15,"column":2}},"1":{"start":{"line":5,"column":64},"end":{"line":15,"column":2}},"2":{"start":{"line":5,"column":13},"end":{"line":5,"column":31}},"3":{"start":{"line":18,"column":38},"end":{"line":27,"column":2}},"4":{"start":{"line":18,"column":91},"end":{"line":27,"column":2}},"5":{"start":{"line":18,"column":13},"end":{"line":18,"column":38}}},"fnMap":{"0":{"name":"(anonymous_0)","decl":{"start":{"line":5,"column":31},"end":{"line":5,"column":32}},"loc":{"start":{"line":5,"column":64},"end":{"line":15,"column":2}}},"1":{"name":"(anonymous_1)","decl":{"start":{"line":18,"column":38},"end":{"line":18,"column":39}},"loc":{"start":{"line":18,"column":91},"end":{"line":27,"column":2}}}},"branchMap":{},"s":{"0":5,"1":0,"2":5,"3":5,"4":0,"5":5},"f":{"0":0,"1":0},"b":{}}
,"C:\\Users\\rgarciya\\OneDrive - NTT DATA EMEAL\\Escritorio\\BOOTCAMP-0825-FRONTEND-REACT-NTT--RosarioGarcia-\\REACT PROYECT NTTDATA\\src\\modules\\auth\\pages\\LoginPage.tsx": {"path":"C:\\Users\\rgarciya\\OneDrive - NTT DATA EMEAL\\Escritorio\\BOOTCAMP-0825-FRONTEND-REACT-NTT--RosarioGarcia-\\REACT PROYECT NTTDATA\\src\\modules\\auth\\pages\\LoginPage.tsx","statementMap":{"0":{"start":{"line":4,"column":0},"end":{"line":4,"column":16}},"1":{"start":{"line":2,"column":0},"end":{"line":2,"column":64}},"2":{"start":{"line":5,"column":2},"end":{"line":12,"column":4}}},"fnMap":{"0":{"name":"LoginPage","decl":{"start":{"line":4,"column":16},"end":{"line":4,"column":25}},"loc":{"start":{"line":4,"column":25},"end":{"line":13,"column":1}}}},"branchMap":{},"s":{"0":1,"1":1,"2":20},"f":{"0":20},"b":{}}
,"C:\\Users\\rgarciya\\OneDrive - NTT DATA EMEAL\\Escritorio\\BOOTCAMP-0825-FRONTEND-REACT-NTT--RosarioGarcia-\\REACT PROYECT NTTDATA\\src\\modules\\auth\\pages\\RegisterPage.tsx": {"path":"C:\\Users\\rgarciya\\OneDrive - NTT DATA EMEAL\\Escritorio\\BOOTCAMP-0825-FRONTEND-REACT-NTT--RosarioGarcia-\\REACT PROYECT NTTDATA\\src\\modules\\auth\\pages\\RegisterPage.tsx","statementMap":{"0":{"start":{"line":4,"column":0},"end":{"line":4,"column":16}},"1":{"start":{"line":2,"column":0},"end":{"line":2,"column":70}},"2":{"start":{"line":5,"column":2},"end":{"line":15,"column":4}}},"fnMap":{"0":{"name":"RegisterPage","decl":{"start":{"line":4,"column":16},"end":{"line":4,"column":28}},"loc":{"start":{"line":4,"column":28},"end":{"line":16,"column":1}}}},"branchMap":{},"s":{"0":1,"1":1,"2":29},"f":{"0":29},"b":{}}
,"C:\\Users\\rgarciya\\OneDrive - NTT DATA EMEAL\\Escritorio\\BOOTCAMP-0825-FRONTEND-REACT-NTT--RosarioGarcia-\\REACT PROYECT NTTDATA\\src\\modules\\auth\\services\\auth.service.ts": {"path":"C:\\Users\\rgarciya\\OneDrive - NTT DATA EMEAL\\Escritorio\\BOOTCAMP-0825-FRONTEND-REACT-NTT--RosarioGarcia-\\REACT PROYECT NTTDATA\\src\\modules\\auth\\services\\auth.service.ts","statementMap":{"0":{"start":{"line":6,"column":0},"end":{"line":6,"column":22}},"1":{"start":{"line":20,"column":0},"end":{"line":20,"column":22}},"2":{"start":{"line":25,"column":0},"end":{"line":25,"column":22}},"3":{"start":{"line":40,"column":0},"end":{"line":40,"column":16}},"4":{"start":{"line":47,"column":0},"end":{"line":47,"column":16}},"5":{"start":{"line":51,"column":0},"end":{"line":51,"column":22}},"6":{"start":{"line":2,"column":0},"end":{"line":2,"column":117}},"7":{"start":{"line":4,"column":0},"end":{"line":4,"column":94}},"8":{"start":{"line":7,"column":19},"end":{"line":11,"column":4}},"9":{"start":{"line":14,"column":2},"end":{"line":14,"column":60}},"10":{"start":{"line":15,"column":2},"end":{"line":15,"column":62}},"11":{"start":{"line":17,"column":2},"end":{"line":17,"column":35}},"12":{"start":{"line":21,"column":18},"end":{"line":21,"column":40}},"13":{"start":{"line":22,"column":2},"end":{"line":22,"column":54}},"14":{"start":{"line":26,"column":23},"end":{"line":26,"column":59}},"15":{"start":{"line":27,"column":2},"end":{"line":29,"column":3}},"16":{"start":{"line":28,"column":4},"end":{"line":28,"column":50}},"17":{"start":{"line":31,"column":19},"end":{"line":31,"column":61}},"18":{"start":{"line":34,"column":2},"end":{"line":34,"column":60}},"19":{"start":{"line":35,"column":2},"end":{"line":35,"column":62}},"20":{"start":{"line":37,"column":2},"end":{"line":37,"column":30}},"21":{"start":{"line":41,"column":16},"end":{"line":41,"column":51}},"22":{"start":{"line":42,"column":2},"end":{"line":42,"column":26}},"23":{"start":{"line":42,"column":14},"end":{"line":42,"column":26}},"24":{"start":{"line":44,"column":2},"end":{"line":44,"column":31}},"25":{"start":{"line":48,"column":2},"end":{"line":48,"column":15}},"26":{"start":{"line":52,"column":19},"end":{"line":60,"column":4}},"27":{"start":{"line":62,"column":2},"end":{"line":62,"column":18}}},"fnMap":{"0":{"name":"loginService","decl":{"start":{"line":6,"column":22},"end":{"line":6,"column":34}},"loc":{"start":{"line":6,"column":63},"end":{"line":18,"column":null}}},"1":{"name":"getProfileService","decl":{"start":{"line":20,"column":22},"end":{"line":20,"column":39}},"loc":{"start":{"line":20,"column":59},"end":{"line":23,"column":null}}},"2":{"name":"refreshTokenService","decl":{"start":{"line":25,"column":22},"end":{"line":25,"column":41}},"loc":{"start":{"line":25,"column":41},"end":{"line":38,"column":null}}},"3":{"name":"checkTokenExpiration","decl":{"start":{"line":40,"column":16},"end":{"line":40,"column":36}},"loc":{"start":{"line":40,"column":36},"end":{"line":45,"column":1}}},"4":{"name":"logoutService","decl":{"start":{"line":47,"column":16},"end":{"line":47,"column":29}},"loc":{"start":{"line":47,"column":29},"end":{"line":49,"column":1}}},"5":{"name":"registerService","decl":{"start":{"line":51,"column":22},"end":{"line":51,"column":37}},"loc":{"start":{"line":51,"column":70},"end":{"line":63,"column":null}}}},"branchMap":{"0":{"loc":{"start":{"line":27,"column":2},"end":{"line":29,"column":3}},"type":"if","locations":[{"start":{"line":27,"column":2},"end":{"line":29,"column":3}}]},"1":{"loc":{"start":{"line":42,"column":2},"end":{"line":42,"column":26}},"type":"if","locations":[{"start":{"line":42,"column":2},"end":{"line":42,"column":26}}]}},"s":{"0":5,"1":5,"2":5,"3":5,"4":5,"5":5,"6":5,"7":5,"8":7,"9":5,"10":4,"11":4,"12":3,"13":2,"14":6,"15":6,"16":1,"17":5,"18":3,"19":3,"20":3,"21":4,"22":4,"23":1,"24":3,"25":2,"26":4,"27":3},"f":{"0":7,"1":3,"2":6,"3":4,"4":2,"5":4},"b":{"0":[1],"1":[1]}}
,"C:\\Users\\rgarciya\\OneDrive - NTT DATA EMEAL\\Escritorio\\BOOTCAMP-0825-FRONTEND-REACT-NTT--RosarioGarcia-\\REACT PROYECT NTTDATA\\src\\modules\\cart\\components\\CartTable.tsx": {"path":"C:\\Users\\rgarciya\\OneDrive - NTT DATA EMEAL\\Escritorio\\BOOTCAMP-0825-FRONTEND-REACT-NTT--RosarioGarcia-\\REACT PROYECT NTTDATA\\src\\modules\\cart\\components\\CartTable.tsx","statementMap":{"0":{"start":{"line":12,"column":0},"end":{"line":12,"column":24}},"1":{"start":{"line":2,"column":0},"end":{"line":2,"column":72}},"2":{"start":{"line":3,"column":0},"end":{"line":3,"column":55}},"3":{"start":{"line":13,"column":2},"end":{"line":14,"column":65}},"4":{"start":{"line":14,"column":4},"end":{"line":14,"column":65}},"5":{"start":{"line":16,"column":2},"end":{"line":53,"column":4}},"6":{"start":{"line":29,"column":10},"end":{"line":29,"column":26}},"7":{"start":{"line":38,"column":29},"end":{"line":38,"column":41}},"8":{"start":{"line":39,"column":29},"end":{"line":39,"column":41}},"9":{"start":{"line":45,"column":37},"end":{"line":45,"column":52}}},"fnMap":{"0":{"name":"CartTable","decl":{"start":{"line":12,"column":24},"end":{"line":12,"column":33}},"loc":{"start":{"line":12,"column":74},"end":{"line":54,"column":1}}},"1":{"name":"(anonymous_2)","decl":{"start":{"line":28,"column":19},"end":{"line":28,"column":21}},"loc":{"start":{"line":29,"column":10},"end":{"line":29,"column":26}}},"2":{"name":"(anonymous_3)","decl":{"start":{"line":38,"column":23},"end":{"line":38,"column":26}},"loc":{"start":{"line":38,"column":29},"end":{"line":38,"column":41}}},"3":{"name":"(anonymous_4)","decl":{"start":{"line":39,"column":23},"end":{"line":39,"column":26}},"loc":{"start":{"line":39,"column":29},"end":{"line":39,"column":41}}},"4":{"name":"(anonymous_5)","decl":{"start":{"line":45,"column":31},"end":{"line":45,"column":34}},"loc":{"start":{"line":45,"column":37},"end":{"line":45,"column":52}}}},"branchMap":{"0":{"loc":{"start":{"line":13,"column":2},"end":{"line":14,"column":65}},"type":"if","locations":[{"start":{"line":13,"column":2},"end":{"line":14,"column":65}}]}},"s":{"0":1,"1":1,"2":1,"3":23,"4":1,"5":22,"6":40,"7":2,"8":2,"9":4},"f":{"0":23,"1":40,"2":2,"3":2,"4":4},"b":{"0":[1]}}
,"C:\\Users\\rgarciya\\OneDrive - NTT DATA EMEAL\\Escritorio\\BOOTCAMP-0825-FRONTEND-REACT-NTT--RosarioGarcia-\\REACT PROYECT NTTDATA\\src\\modules\\cart\\components\\CartTotal.tsx": {"path":"C:\\Users\\rgarciya\\OneDrive - NTT DATA EMEAL\\Escritorio\\BOOTCAMP-0825-FRONTEND-REACT-NTT--RosarioGarcia-\\REACT PROYECT NTTDATA\\src\\modules\\cart\\components\\CartTotal.tsx","statementMap":{"0":{"start":{"line":3,"column":0},"end":{"line":3,"column":16}},"1":{"start":{"line":1,"column":0},"end":{"line":1,"column":55}},"2":{"start":{"line":4,"column":2},"end":{"line":8,"column":4}}},"fnMap":{"0":{"name":"CartTotal","decl":{"start":{"line":3,"column":16},"end":{"line":3,"column":25}},"loc":{"start":{"line":3,"column":54},"end":{"line":9,"column":1}}}},"branchMap":{},"s":{"0":1,"1":1,"2":24},"f":{"0":24},"b":{}}
,"C:\\Users\\rgarciya\\OneDrive - NTT DATA EMEAL\\Escritorio\\BOOTCAMP-0825-FRONTEND-REACT-NTT--RosarioGarcia-\\REACT PROYECT NTTDATA\\src\\modules\\cart\\components\\CheckoutForm.tsx": {"path":"C:\\Users\\rgarciya\\OneDrive - NTT DATA EMEAL\\Escritorio\\BOOTCAMP-0825-FRONTEND-REACT-NTT--RosarioGarcia-\\REACT PROYECT NTTDATA\\src\\modules\\cart\\components\\CheckoutForm.tsx","statementMap":{"0":{"start":{"line":19,"column":0},"end":{"line":19,"column":24}},"1":{"start":{"line":1,"column":0},"end":{"line":1,"column":33}},"2":{"start":{"line":2,"column":0},"end":{"line":2,"column":70}},"3":{"start":{"line":3,"column":0},"end":{"line":3,"column":75}},"4":{"start":{"line":20,"column":26},"end":{"line":22,"column":4}},"5":{"start":{"line":23,"column":30},"end":{"line":23,"column":87}},"6":{"start":{"line":25,"column":14},"end":{"line":26,"column":49}},"7":{"start":{"line":25,"column":41},"end":{"line":26,"column":49}},"8":{"start":{"line":26,"column":4},"end":{"line":26,"column":49}},"9":{"start":{"line":26,"column":17},"end":{"line":26,"column":48}},"10":{"start":{"line":28,"column":19},"end":{"line":38,"column":3}},"11":{"start":{"line":29,"column":29},"end":{"line":29,"column":31}},"12":{"start":{"line":30,"column":4},"end":{"line":30,"column":107}},"13":{"start":{"line":30,"column":63},"end":{"line":30,"column":107}},"14":{"start":{"line":31,"column":4},"end":{"line":31,"column":113}},"15":{"start":{"line":31,"column":67},"end":{"line":31,"column":113}},"16":{"start":{"line":32,"column":4},"end":{"line":32,"column":69}},"17":{"start":{"line":32,"column":36},"end":{"line":32,"column":69}},"18":{"start":{"line":33,"column":4},"end":{"line":33,"column":71}},"19":{"start":{"line":33,"column":37},"end":{"line":33,"column":71}},"20":{"start":{"line":34,"column":4},"end":{"line":34,"column":73}},"21":{"start":{"line":34,"column":38},"end":{"line":34,"column":73}},"22":{"start":{"line":35,"column":4},"end":{"line":35,"column":105}},"23":{"start":{"line":35,"column":61},"end":{"line":35,"column":105}},"24":{"start":{"line":36,"column":4},"end":{"line":36,"column":17}},"25":{"start":{"line":37,"column":4},"end":{"line":37,"column":39}},"26":{"start":{"line":40,"column":17},"end":{"line":43,"column":3}},"27":{"start":{"line":41,"column":4},"end":{"line":41,"column":23}},"28":{"start":{"line":42,"column":4},"end":{"line":42,"column":36}},"29":{"start":{"line":42,"column":20},"end":{"line":42,"column":36}},"30":{"start":{"line":45,"column":16},"end":{"line":56,"column":null}},"31":{"start":{"line":46,"column":4},"end":{"line":55,"column":null}},"32":{"start":{"line":52,"column":22},"end":{"line":52,"column":32}},"33":{"start":{"line":59,"column":2},"end":{"line":80,"column":4}},"34":{"start":{"line":67,"column":25},"end":{"line":67,"column":62}},"35":{"start":{"line":67,"column":38},"end":{"line":67,"column":61}}},"fnMap":{"0":{"name":"CheckoutForm","decl":{"start":{"line":19,"column":24},"end":{"line":19,"column":36}},"loc":{"start":{"line":19,"column":67},"end":{"line":81,"column":1}}},"1":{"name":"(anonymous_2)","decl":{"start":{"line":25,"column":14},"end":{"line":25,"column":15}},"loc":{"start":{"line":25,"column":41},"end":{"line":26,"column":49}}},"2":{"name":"(anonymous_3)","decl":{"start":{"line":25,"column":41},"end":{"line":25,"column":42}},"loc":{"start":{"line":26,"column":4},"end":{"line":26,"column":49}}},"3":{"name":"(anonymous_4)","decl":{"start":{"line":26,"column":12},"end":{"line":26,"column":13}},"loc":{"start":{"line":26,"column":17},"end":{"line":26,"column":48}}},"4":{"name":"(anonymous_5)","decl":{"start":{"line":28,"column":19},"end":{"line":28,"column":31}},"loc":{"start":{"line":28,"column":33},"end":{"line":38,"column":3}}},"5":{"name":"(anonymous_6)","decl":{"start":{"line":40,"column":17},"end":{"line":40,"column":18}},"loc":{"start":{"line":40,"column":40},"end":{"line":43,"column":3}}},"6":{"name":"(anonymous_7)","decl":{"start":{"line":45,"column":16},"end":{"line":45,"column":17}},"loc":{"start":{"line":46,"column":4},"end":{"line":55,"column":null}}},"7":{"name":"(anonymous_8)","decl":{"start":{"line":52,"column":16},"end":{"line":52,"column":19}},"loc":{"start":{"line":52,"column":22},"end":{"line":52,"column":32}}},"8":{"name":"(anonymous_9)","decl":{"start":{"line":67,"column":20},"end":{"line":67,"column":21}},"loc":{"start":{"line":67,"column":25},"end":{"line":67,"column":62}}},"9":{"name":"(anonymous_10)","decl":{"start":{"line":67,"column":33},"end":{"line":67,"column":34}},"loc":{"start":{"line":67,"column":38},"end":{"line":67,"column":61}}}},"branchMap":{"0":{"loc":{"start":{"line":30,"column":4},"end":{"line":30,"column":107}},"type":"if","locations":[{"start":{"line":30,"column":4},"end":{"line":30,"column":107}}]},"1":{"loc":{"start":{"line":30,"column":8},"end":{"line":30,"column":61}},"type":"binary-expr","locations":[{"start":{"line":30,"column":8},"end":{"line":30,"column":33}},{"start":{"line":30,"column":37},"end":{"line":30,"column":61}}]},"2":{"loc":{"start":{"line":31,"column":4},"end":{"line":31,"column":113}},"type":"if","locations":[{"start":{"line":31,"column":4},"end":{"line":31,"column":113}}]},"3":{"loc":{"start":{"line":31,"column":8},"end":{"line":31,"column":65}},"type":"binary-expr","locations":[{"start":{"line":31,"column":8},"end":{"line":31,"column":35}},{"start":{"line":31,"column":39},"end":{"line":31,"column":65}}]},"4":{"loc":{"start":{"line":32,"column":4},"end":{"line":32,"column":69}},"type":"if","locations":[{"start":{"line":32,"column":4},"end":{"line":32,"column":69}}]},"5":{"loc":{"start":{"line":33,"column":4},"end":{"line":33,"column":71}},"type":"if","locations":[{"start":{"line":33,"column":4},"end":{"line":33,"column":71}}]},"6":{"loc":{"start":{"line":34,"column":4},"end":{"line":34,"column":73}},"type":"if","locations":[{"start":{"line":34,"column":4},"end":{"line":34,"column":73}}]},"7":{"loc":{"start":{"line":35,"column":4},"end":{"line":35,"column":105}},"type":"if","locations":[{"start":{"line":35,"column":4},"end":{"line":35,"column":105}}]},"8":{"loc":{"start":{"line":35,"column":8},"end":{"line":35,"column":59}},"type":"binary-expr","locations":[{"start":{"line":35,"column":8},"end":{"line":35,"column":33}},{"start":{"line":35,"column":37},"end":{"line":35,"column":59}}]},"9":{"loc":{"start":{"line":42,"column":4},"end":{"line":42,"column":36}},"type":"if","locations":[{"start":{"line":42,"column":4},"end":{"line":42,"column":36}}]},"10":{"loc":{"start":{"line":45,"column":55},"end":{"line":45,"column":68}},"type":"default-arg","locations":[{"start":{"line":45,"column":62},"end":{"line":45,"column":68}}]},"11":{"loc":{"start":{"line":55,"column":7},"end":{"line":55,"column":75}},"type":"binary-expr","locations":[{"start":{"line":55,"column":7},"end":{"line":55,"column":16}},{"start":{"line":55,"column":20},"end":{"line":55,"column":75}}]}},"s":{"0":1,"1":1,"2":1,"3":1,"4":59,"5":59,"6":59,"7":295,"8":21,"9":21,"10":59,"11":12,"12":12,"13":8,"14":12,"15":11,"16":12,"17":11,"18":12,"19":11,"20":12,"21":11,"22":12,"23":11,"24":12,"25":12,"26":59,"27":5,"28":5,"29":1,"30":59,"31":295,"32":7,"33":59,"34":3,"35":3},"f":{"0":59,"1":295,"2":21,"3":21,"4":12,"5":5,"6":295,"7":7,"8":3,"9":3},"b":{"0":[8],"1":[12,6],"2":[11],"3":[12,3],"4":[11],"5":[11],"6":[11],"7":[11],"8":[12,3],"9":[1],"10":[236],"11":[295,57]}}
,"C:\\Users\\rgarciya\\OneDrive - NTT DATA EMEAL\\Escritorio\\BOOTCAMP-0825-FRONTEND-REACT-NTT--RosarioGarcia-\\REACT PROYECT NTTDATA\\src\\modules\\cart\\components\\DistrictSelect.tsx": {"path":"C:\\Users\\rgarciya\\OneDrive - NTT DATA EMEAL\\Escritorio\\BOOTCAMP-0825-FRONTEND-REACT-NTT--RosarioGarcia-\\REACT PROYECT NTTDATA\\src\\modules\\cart\\components\\DistrictSelect.tsx","statementMap":{"0":{"start":{"line":4,"column":0},"end":{"line":4,"column":24}},"1":{"start":{"line":1,"column":0},"end":{"line":1,"column":65}},"2":{"start":{"line":5,"column":38},"end":{"line":5,"column":52}},"3":{"start":{"line":7,"column":2},"end":{"line":21,"column":4}},"4":{"start":{"line":12,"column":23},"end":{"line":12,"column":47}},"5":{"start":{"line":17,"column":28},"end":{"line":17,"column":44}}},"fnMap":{"0":{"name":"DistrictSelect","decl":{"start":{"line":4,"column":24},"end":{"line":4,"column":38}},"loc":{"start":{"line":4,"column":72},"end":{"line":22,"column":1}}},"1":{"name":"(anonymous_1)","decl":{"start":{"line":12,"column":18},"end":{"line":12,"column":19}},"loc":{"start":{"line":12,"column":23},"end":{"line":12,"column":47}}},"2":{"name":"(anonymous_2)","decl":{"start":{"line":17,"column":23},"end":{"line":17,"column":24}},"loc":{"start":{"line":17,"column":28},"end":{"line":17,"column":44}}}},"branchMap":{"0":{"loc":{"start":{"line":13,"column":18},"end":{"line":13,"column":34}},"type":"binary-expr","locations":[{"start":{"line":13,"column":18},"end":{"line":13,"column":25}},{"start":{"line":13,"column":29},"end":{"line":13,"column":34}}]},"1":{"loc":{"start":{"line":19,"column":7},"end":{"line":19,"column":83}},"type":"binary-expr","locations":[{"start":{"line":19,"column":8},"end":{"line":19,"column":13}},{"start":{"line":19,"column":17},"end":{"line":19,"column":20}},{"start":{"line":19,"column":25},"end":{"line":19,"column":83}}]},"2":{"loc":{"start":{"line":19,"column":62},"end":{"line":19,"column":74}},"type":"binary-expr","locations":[{"start":{"line":19,"column":62},"end":{"line":19,"column":67}},{"start":{"line":19,"column":71},"end":{"line":19,"column":74}}]}},"s":{"0":1,"1":1,"2":27,"3":27,"4":2,"5":76},"f":{"0":27,"1":2,"2":76},"b":{"0":[27,22],"1":[27,24,5],"2":[5,2]}}
,"C:\\Users\\rgarciya\\OneDrive - NTT DATA EMEAL\\Escritorio\\BOOTCAMP-0825-FRONTEND-REACT-NTT--RosarioGarcia-\\REACT PROYECT NTTDATA\\src\\modules\\cart\\components\\QuantityControl.tsx": {"path":"C:\\Users\\rgarciya\\OneDrive - NTT DATA EMEAL\\Escritorio\\BOOTCAMP-0825-FRONTEND-REACT-NTT--RosarioGarcia-\\REACT PROYECT NTTDATA\\src\\modules\\cart\\components\\QuantityControl.tsx","statementMap":{"0":{"start":{"line":2,"column":0},"end":{"line":2,"column":24}},"1":{"start":{"line":3,"column":2},"end":{"line":9,"column":4}}},"fnMap":{"0":{"name":"QuantityControl","decl":{"start":{"line":2,"column":24},"end":{"line":2,"column":39}},"loc":{"start":{"line":2,"column":81},"end":{"line":10,"column":1}}}},"branchMap":{},"s":{"0":1,"1":22},"f":{"0":22},"b":{}}
,"C:\\Users\\rgarciya\\OneDrive - NTT DATA EMEAL\\Escritorio\\BOOTCAMP-0825-FRONTEND-REACT-NTT--RosarioGarcia-\\REACT PROYECT NTTDATA\\src\\modules\\cart\\context\\CartContext.ts": {"path":"C:\\Users\\rgarciya\\OneDrive - NTT DATA EMEAL\\Escritorio\\BOOTCAMP-0825-FRONTEND-REACT-NTT--RosarioGarcia-\\REACT PROYECT NTTDATA\\src\\modules\\cart\\context\\CartContext.ts","statementMap":{"0":{"start":{"line":1,"column":0},"end":{"line":1,"column":38}},"1":{"start":{"line":19,"column":13},"end":{"line":19,"column":73}}},"fnMap":{},"branchMap":{},"s":{"0":0,"1":0},"f":{},"b":{}}
,"C:\\Users\\rgarciya\\OneDrive - NTT DATA EMEAL\\Escritorio\\BOOTCAMP-0825-FRONTEND-REACT-NTT--RosarioGarcia-\\REACT PROYECT NTTDATA\\src\\modules\\cart\\context\\CartProvider.tsx": {"path":"C:\\Users\\rgarciya\\OneDrive - NTT DATA EMEAL\\Escritorio\\BOOTCAMP-0825-FRONTEND-REACT-NTT--RosarioGarcia-\\REACT PROYECT NTTDATA\\src\\modules\\cart\\context\\CartProvider.tsx","statementMap":{"0":{"start":{"line":6,"column":0},"end":{"line":6,"column":16}},"1":{"start":{"line":1,"column":0},"end":{"line":1,"column":57}},"2":{"start":{"line":2,"column":0},"end":{"line":2,"column":80}},"3":{"start":{"line":3,"column":0},"end":{"line":3,"column":79}},"4":{"start":{"line":7,"column":28},"end":{"line":7,"column":64}},"5":{"start":{"line":10,"column":36},"end":{"line":15,"column":19}},"6":{"start":{"line":11,"column":18},"end":{"line":11,"column":66}},"7":{"start":{"line":11,"column":52},"end":{"line":11,"column":65}},"8":{"start":{"line":12,"column":4},"end":{"line":12,"column":61}},"9":{"start":{"line":12,"column":39},"end":{"line":12,"column":61}},"10":{"start":{"line":13,"column":4},"end":{"line":13,"column":46}},"11":{"start":{"line":14,"column":4},"end":{"line":14,"column":16}},"12":{"start":{"line":17,"column":30},"end":{"line":22,"column":19}},"13":{"start":{"line":18,"column":14},"end":{"line":18,"column":60}},"14":{"start":{"line":18,"column":48},"end":{"line":18,"column":59}},"15":{"start":{"line":19,"column":4},"end":{"line":19,"column":53}},"16":{"start":{"line":19,"column":31},"end":{"line":19,"column":53}},"17":{"start":{"line":20,"column":4},"end":{"line":20,"column":34}},"18":{"start":{"line":21,"column":4},"end":{"line":21,"column":16}},"19":{"start":{"line":24,"column":30},"end":{"line":24,"column":92}},"20":{"start":{"line":24,"column":58},"end":{"line":24,"column":87}},"21":{"start":{"line":25,"column":36},"end":{"line":25,"column":101}},"22":{"start":{"line":25,"column":64},"end":{"line":25,"column":96}},"23":{"start":{"line":28,"column":16},"end":{"line":28,"column":66}},"24":{"start":{"line":28,"column":34},"end":{"line":28,"column":61}},"25":{"start":{"line":29,"column":16},"end":{"line":29,"column":116}},"26":{"start":{"line":29,"column":44},"end":{"line":29,"column":102}},"27":{"start":{"line":29,"column":78},"end":{"line":29,"column":89}},"28":{"start":{"line":31,"column":16},"end":{"line":48,"column":59}},"29":{"start":{"line":32,"column":24},"end":{"line":32,"column":42}},"30":{"start":{"line":33,"column":21},"end":{"line":33,"column":81}},"31":{"start":{"line":33,"column":68},"end":{"line":33,"column":77}},"32":{"start":{"line":34,"column":23},"end":{"line":34,"column":93}},"33":{"start":{"line":34,"column":70},"end":{"line":34,"column":89}},"34":{"start":{"line":36,"column":4},"end":{"line":47,"column":6}},"35":{"start":{"line":50,"column":2},"end":{"line":50,"column":79}}},"fnMap":{"0":{"name":"CartProvider","decl":{"start":{"line":6,"column":16},"end":{"line":6,"column":28}},"loc":{"start":{"line":6,"column":72},"end":{"line":51,"column":1}}},"1":{"name":"(anonymous_1)","decl":{"start":{"line":10,"column":48},"end":{"line":10,"column":49}},"loc":{"start":{"line":10,"column":77},"end":{"line":15,"column":3}}},"2":{"name":"(anonymous_2)","decl":{"start":{"line":11,"column":35},"end":{"line":11,"column":36}},"loc":{"start":{"line":11,"column":52},"end":{"line":11,"column":65}}},"3":{"name":"(anonymous_3)","decl":{"start":{"line":17,"column":42},"end":{"line":17,"column":43}},"loc":{"start":{"line":17,"column":57},"end":{"line":22,"column":3}}},"4":{"name":"(anonymous_4)","decl":{"start":{"line":18,"column":31},"end":{"line":18,"column":32}},"loc":{"start":{"line":18,"column":48},"end":{"line":18,"column":59}}},"5":{"name":"(anonymous_5)","decl":{"start":{"line":24,"column":42},"end":{"line":24,"column":43}},"loc":{"start":{"line":24,"column":58},"end":{"line":24,"column":87}}},"6":{"name":"(anonymous_6)","decl":{"start":{"line":25,"column":48},"end":{"line":25,"column":49}},"loc":{"start":{"line":25,"column":64},"end":{"line":25,"column":96}}},"7":{"name":"(anonymous_7)","decl":{"start":{"line":28,"column":28},"end":{"line":28,"column":31}},"loc":{"start":{"line":28,"column":34},"end":{"line":28,"column":61}}},"8":{"name":"(anonymous_8)","decl":{"start":{"line":29,"column":28},"end":{"line":29,"column":29}},"loc":{"start":{"line":29,"column":43},"end":{"line":29,"column":102}}},"9":{"name":"(anonymous_9)","decl":{"start":{"line":29,"column":61},"end":{"line":29,"column":62}},"loc":{"start":{"line":29,"column":78},"end":{"line":29,"column":89}}},"10":{"name":"(anonymous_10)","decl":{"start":{"line":31,"column":33},"end":{"line":31,"column":36}},"loc":{"start":{"line":31,"column":38},"end":{"line":48,"column":3}}},"11":{"name":"(anonymous_11)","decl":{"start":{"line":33,"column":40},"end":{"line":33,"column":41}},"loc":{"start":{"line":33,"column":68},"end":{"line":33,"column":77}}},"12":{"name":"(anonymous_12)","decl":{"start":{"line":34,"column":42},"end":{"line":34,"column":43}},"loc":{"start":{"line":34,"column":70},"end":{"line":34,"column":89}}}},"branchMap":{"0":{"loc":{"start":{"line":12,"column":4},"end":{"line":12,"column":61}},"type":"if","locations":[{"start":{"line":12,"column":4},"end":{"line":12,"column":61}}]},"1":{"loc":{"start":{"line":12,"column":8},"end":{"line":12,"column":37}},"type":"binary-expr","locations":[{"start":{"line":12,"column":8},"end":{"line":12,"column":13}},{"start":{"line":12,"column":17},"end":{"line":12,"column":37}}]},"2":{"loc":{"start":{"line":19,"column":4},"end":{"line":19,"column":53}},"type":"if","locations":[{"start":{"line":19,"column":4},"end":{"line":19,"column":53}}]},"3":{"loc":{"start":{"line":19,"column":8},"end":{"line":19,"column":29}},"type":"binary-expr","locations":[{"start":{"line":19,"column":8},"end":{"line":19,"column":9}},{"start":{"line":19,"column":13},"end":{"line":19,"column":29}}]},"4":{"loc":{"start":{"line":29,"column":44},"end":{"line":29,"column":100}},"type":"cond-expr","locations":[{"start":{"line":29,"column":95},"end":{"line":29,"column":99}},{"start":{"line":29,"column":99},"end":{"line":29,"column":100}}]},"5":{"loc":{"start":{"line":29,"column":44},"end":{"line":29,"column":99}},"type":"binary-expr","locations":[{"start":{"line":29,"column":44},"end":{"line":29,"column":99}},{"start":{"line":29,"column":95},"end":{"line":29,"column":99}}]},"6":{"loc":{"start":{"line":29,"column":44},"end":{"line":29,"column":95}},"type":"cond-expr","locations":[{"start":{"line":29,"column":90},"end":{"line":29,"column":92}},{"start":{"line":29,"column":90},"end":{"line":29,"column":95}}]},"7":{"loc":{"start":{"line":29,"column":44},"end":{"line":29,"column":92}},"type":"binary-expr","locations":[{"start":{"line":29,"column":44},"end":{"line":29,"column":92}},{"start":{"line":29,"column":90},"end":{"line":29,"column":92}}]}},"s":{"0":0,"1":0,"2":0,"3":0,"4":0,"5":0,"6":0,"7":0,"8":0,"9":0,"10":0,"11":0,"12":0,"13":0,"14":0,"15":0,"16":0,"17":0,"18":0,"19":0,"20":0,"21":0,"22":0,"23":0,"24":0,"25":0,"26":0,"27":0,"28":0,"29":0,"30":0,"31":0,"32":0,"33":0,"34":0,"35":0},"f":{"0":0,"1":0,"2":0,"3":0,"4":0,"5":0,"6":0,"7":0,"8":0,"9":0,"10":0,"11":0,"12":0},"b":{"0":[0],"1":[0,0],"2":[0],"3":[0,0],"4":[0,0],"5":[0,0],"6":[0,0],"7":[0,0]}}
,"C:\\Users\\rgarciya\\OneDrive - NTT DATA EMEAL\\Escritorio\\BOOTCAMP-0825-FRONTEND-REACT-NTT--RosarioGarcia-\\REACT PROYECT NTTDATA\\src\\modules\\cart\\context\\index.ts": {"path":"C:\\Users\\rgarciya\\OneDrive - NTT DATA EMEAL\\Escritorio\\BOOTCAMP-0825-FRONTEND-REACT-NTT--RosarioGarcia-\\REACT PROYECT NTTDATA\\src\\modules\\cart\\context\\index.ts","statementMap":{"0":{"start":{"line":2,"column":0},"end":{"line":2,"column":30}},"1":{"start":{"line":3,"column":0},"end":{"line":3,"column":9}},"2":{"start":{"line":3,"column":9},"end":{"line":3,"column":46}}},"fnMap":{"0":{"name":"(anonymous_4)","decl":{"start":{"line":3,"column":9},"end":{"line":3,"column":21}},"loc":{"start":{"line":3,"column":9},"end":{"line":3,"column":46}}}},"branchMap":{},"s":{"0":0,"1":0,"2":0},"f":{"0":0},"b":{}}
[...]
mn":46}},"13":{"start":{"line":20,"column":2},"end":{"line":25,"column":7}},"14":{"start":{"line":20,"column":32},"end":{"line":25,"column":4}},"15":{"start":{"line":21,"column":17},"end":{"line":21,"column":54}},"16":{"start":{"line":22,"column":19},"end":{"line":22,"column":48}},"17":{"start":{"line":23,"column":4},"end":{"line":23,"column":27}},"18":{"start":{"line":24,"column":4},"end":{"line":24,"column":18}},"19":{"start":{"line":27,"column":2},"end":{"line":27,"column":25}},"20":{"start":{"line":31,"column":2},"end":{"line":31,"column":46}},"21":{"start":{"line":31,"column":23},"end":{"line":31,"column":46}},"22":{"start":{"line":32,"column":2},"end":{"line":32,"column":50}},"23":{"start":{"line":32,"column":25},"end":{"line":32,"column":50}},"24":{"start":{"line":34,"column":2},"end":{"line":39,"column":7}},"25":{"start":{"line":34,"column":34},"end":{"line":39,"column":4}},"26":{"start":{"line":36,"column":17},"end":{"line":36,"column":57}},"27":{"start":{"line":37,"column":4},"end":{"line":37,"column":27}},"28":{"start":{"line":38,"column":4},"end":{"line":38,"column":16}},"29":{"start":{"line":41,"column":2},"end":{"line":41,"column":27}}},"fnMap":{"0":{"name":"getAllProducts","decl":{"start":{"line":16,"column":22},"end":{"line":16,"column":36}},"loc":{"start":{"line":16,"column":36},"end":{"line":28,"column":null}}},"1":{"name":"(anonymous_9)","decl":{"start":{"line":20,"column":21},"end":{"line":20,"column":30}},"loc":{"start":{"line":20,"column":32},"end":{"line":25,"column":4}}},"2":{"name":"(anonymous_10)","decl":{"start":{"line":20,"column":32},"end":{"line":20,"column":null}},"loc":{"start":{"line":20,"column":32},"end":{"line":25,"column":3}}},"3":{"name":"getAllCategories","decl":{"start":{"line":30,"column":22},"end":{"line":30,"column":38}},"loc":{"start":{"line":30,"column":38},"end":{"line":42,"column":null}}},"4":{"name":"(anonymous_13)","decl":{"start":{"line":34,"column":23},"end":{"line":34,"column":32}},"loc":{"start":{"line":34,"column":34},"end":{"line":39,"column":4}}},"5":{"name":"(anonymous_14)","decl":{"start":{"line":34,"column":34},"end":{"line":34,"column":null}},"loc":{"start":{"line":34,"column":34},"end":{"line":39,"column":3}}}},"branchMap":{"0":{"loc":{"start":{"line":17,"column":2},"end":{"line":17,"column":42}},"type":"if","locations":[{"start":{"line":17,"column":2},"end":{"line":17,"column":42}}]},"1":{"loc":{"start":{"line":18,"column":2},"end":{"line":18,"column":46}},"type":"if","locations":[{"start":{"line":18,"column":2},"end":{"line":18,"column":46}}]},"2":{"loc":{"start":{"line":31,"column":2},"end":{"line":31,"column":46}},"type":"if","locations":[{"start":{"line":31,"column":2},"end":{"line":31,"column":46}}]},"3":{"loc":{"start":{"line":32,"column":2},"end":{"line":32,"column":50}},"type":"if","locations":[{"start":{"line":32,"column":2},"end":{"line":32,"column":50}}]}},"s":{"0":15,"1":15,"2":15,"3":15,"4":15,"5":15,"6":15,"7":15,"8":15,"9":9,"10":0,"11":9,"12":0,"13":9,"14":9,"15":9,"16":7,"17":4,"18":4,"19":9,"20":7,"21":0,"22":7,"23":0,"24":7,"25":7,"26":7,"27":6,"28":6,"29":7},"f":{"0":9,"1":9,"2":9,"3":7,"4":7,"5":7},"b":{"0":[0],"1":[0],"2":[0],"3":[0]}}
,"C:\\Users\\rgarciya\\OneDrive - NTT DATA EMEAL\\Escritorio\\BOOTCAMP-0825-FRONTEND-REACT-NTT--RosarioGarcia-\\REACT PROYECT NTTDATA\\src\\shared\\components\\layout\\Header.tsx": {"path":"C:\\Users\\rgarciya\\OneDrive - NTT DATA EMEAL\\Escritorio\\BOOTCAMP-0825-FRONTEND-REACT-NTT--RosarioGarcia-\\REACT PROYECT NTTDATA\\src\\shared\\components\\layout\\Header.tsx","statementMap":{"0":{"start":{"line":6,"column":0},"end":{"line":6,"column":24}},"1":{"start":{"line":1,"column":0},"end":{"line":1,"column":40}},"2":{"start":{"line":2,"column":0},"end":{"line":2,"column":55}},"3":{"start":{"line":3,"column":0},"end":{"line":3,"column":55}},"4":{"start":{"line":4,"column":0},"end":{"line":4,"column":51}},"5":{"start":{"line":7,"column":27},"end":{"line":7,"column":36}},"6":{"start":{"line":8,"column":26},"end":{"line":8,"column":35}},"7":{"start":{"line":10,"column":2},"end":{"line":44,"column":4}}},"fnMap":{"0":{"name":"Header","decl":{"start":{"line":6,"column":24},"end":{"line":6,"column":30}},"loc":{"start":{"line":6,"column":30},"end":{"line":45,"column":1}}}},"branchMap":{"0":{"loc":{"start":{"line":23,"column":13},"end":{"line":29,"column":null}},"type":"binary-expr","locations":[{"start":{"line":23,"column":13},"end":{"line":23,"column":28}},{"start":{"line":24,"column":14},"end":{"line":28,"column":null}}]},"1":{"loc":{"start":{"line":33,"column":11},"end":{"line":39,"column":null}},"type":"binary-expr","locations":[{"start":{"line":33,"column":11},"end":{"line":33,"column":15}},{"start":{"line":34,"column":12},"end":{"line":38,"column":null}}]},"2":{"loc":{"start":{"line":35,"column":27},"end":{"line":35,"column":58}},"type":"cond-expr","locations":[{"start":{"line":35,"column":41},"end":{"line":35,"column":45}},{"start":{"line":35,"column":45},"end":{"line":35,"column":58}}]},"3":{"loc":{"start":{"line":35,"column":27},"end":{"line":35,"column":45}},"type":"binary-expr","locations":[{"start":{"line":35,"column":27},"end":{"line":35,"column":45}},{"start":{"line":35,"column":41},"end":{"line":35,"column":45}}]}},"s":{"0":0,"1":0,"2":0,"3":0,"4":0,"5":0,"6":0,"7":0},"f":{"0":0},"b":{"0":[0,0],"1":[0,0],"2":[0,0],"3":[0,0]}}
,"C:\\Users\\rgarciya\\OneDrive - NTT DATA EMEAL\\Escritorio\\BOOTCAMP-0825-FRONTEND-REACT-NTT--RosarioGarcia-\\REACT PROYECT NTTDATA\\src\\shared\\components\\layout\\Layout.tsx": {"path":"C:\\Users\\rgarciya\\OneDrive - NTT DATA EMEAL\\Escritorio\\BOOTCAMP-0825-FRONTEND-REACT-NTT--RosarioGarcia-\\REACT PROYECT NTTDATA\\src\\shared\\components\\layout\\Layout.tsx","statementMap":{"0":{"start":{"line":9,"column":0},"end":{"line":9,"column":16}},"1":{"start":{"line":3,"column":0},"end":{"line":3,"column":30}},"2":{"start":{"line":10,"column":2},"end":{"line":17,"column":4}}},"fnMap":{"0":{"name":"Layout","decl":{"start":{"line":9,"column":16},"end":{"line":9,"column":22}},"loc":{"start":{"line":9,"column":48},"end":{"line":18,"column":1}}}},"branchMap":{},"s":{"0":0,"1":0,"2":0},"f":{"0":0},"b":{}}
,"C:\\Users\\rgarciya\\OneDrive - NTT DATA EMEAL\\Escritorio\\BOOTCAMP-0825-FRONTEND-REACT-NTT--RosarioGarcia-\\REACT PROYECT NTTDATA\\src\\shared\\components\\ui\\Alert.tsx": {"path":"C:\\Users\\rgarciya\\OneDrive - NTT DATA EMEAL\\Escritorio\\BOOTCAMP-0825-FRONTEND-REACT-NTT--RosarioGarcia-\\REACT PROYECT NTTDATA\\src\\shared\\components\\ui\\Alert.tsx","statementMap":{"0":{"start":{"line":10,"column":0},"end":{"line":10,"column":16}},"1":{"start":{"line":11,"column":24},"end":{"line":24,"column":3}},"2":{"start":{"line":12,"column":4},"end":{"line":23,"column":5}},"3":{"start":{"line":14,"column":8},"end":{"line":14,"column":35}},"4":{"start":{"line":16,"column":8},"end":{"line":16,"column":37}},"5":{"start":{"line":18,"column":8},"end":{"line":18,"column":37}},"6":{"start":{"line":20,"column":8},"end":{"line":20,"column":34}},"7":{"start":{"line":22,"column":8},"end":{"line":22,"column":23}},"8":{"start":{"line":26,"column":2},"end":{"line":39,"column":4}}},"fnMap":{"0":{"name":"Alert","decl":{"start":{"line":10,"column":16},"end":{"line":10,"column":21}},"loc":{"start":{"line":10,"column":60},"end":{"line":40,"column":1}}},"1":{"name":"(anonymous_1)","decl":{"start":{"line":11,"column":24},"end":{"line":11,"column":27}},"loc":{"start":{"line":11,"column":29},"end":{"line":24,"column":3}}}},"branchMap":{"0":{"loc":{"start":{"line":12,"column":4},"end":{"line":23,"column":5}},"type":"switch","locations":[{"start":{"line":13,"column":6},"end":{"line":14,"column":35}},{"start":{"line":15,"column":6},"end":{"line":16,"column":37}},{"start":{"line":17,"column":6},"end":{"line":18,"column":37}},{"start":{"line":19,"column":6},"end":{"line":20,"column":34}},{"start":{"line":21,"column":6},"end":{"line":22,"column":23}}]},"1":{"loc":{"start":{"line":29,"column":7},"end":{"line":36,"column":null}},"type":"binary-expr","locations":[{"start":{"line":29,"column":7},"end":{"line":29,"column":14}},{"start":{"line":30,"column":8},"end":{"line":33,"column":null}}]}},"s":{"0":1,"1":1,"2":1,"3":1,"4":0,"5":0,"6":0,"7":0,"8":1},"f":{"0":1,"1":1},"b":{"0":[1,0,0,0,0],"1":[1,0]}}
,"C:\\Users\\rgarciya\\OneDrive - NTT DATA EMEAL\\Escritorio\\BOOTCAMP-0825-FRONTEND-REACT-NTT--RosarioGarcia-\\REACT PROYECT NTTDATA\\src\\shared\\components\\ui\\Button.tsx": {"path":"C:\\Users\\rgarciya\\OneDrive - NTT DATA EMEAL\\Escritorio\\BOOTCAMP-0825-FRONTEND-REACT-NTT--RosarioGarcia-\\REACT PROYECT NTTDATA\\src\\shared\\components\\ui\\Button.tsx","statementMap":{"0":{"start":{"line":4,"column":0},"end":{"line":4,"column":16}},"1":{"start":{"line":5,"column":2},"end":{"line":7,"column":4}}},"fnMap":{"0":{"name":"Button","decl":{"start":{"line":4,"column":16},"end":{"line":4,"column":22}},"loc":{"start":{"line":4,"column":69},"end":{"line":8,"column":1}}}},"branchMap":{},"s":{"0":0,"1":0},"f":{"0":0},"b":{}}
,"C:\\Users\\rgarciya\\OneDrive - NTT DATA EMEAL\\Escritorio\\BOOTCAMP-0825-FRONTEND-REACT-NTT--RosarioGarcia-\\REACT PROYECT NTTDATA\\src\\shared\\components\\ui\\Input.tsx": {"path":"C:\\Users\\rgarciya\\OneDrive - NTT DATA EMEAL\\Escritorio\\BOOTCAMP-0825-FRONTEND-REACT-NTT--RosarioGarcia-\\REACT PROYECT NTTDATA\\src\\shared\\components\\ui\\Input.tsx","statementMap":{"0":{"start":{"line":2,"column":0},"end":{"line":2,"column":35}},"1":{"start":{"line":10,"column":13},"end":{"line":16,"column":3}},"2":{"start":{"line":10,"column":72},"end":{"line":10,"column":77}},"3":{"start":{"line":10,"column":81},"end":{"line":10,"column":85}},"4":{"start":{"line":10,"column":93},"end":{"line":16,"column":2}}},"fnMap":{"0":{"name":"(anonymous_1)","decl":{"start":{"line":10,"column":57},"end":{"line":10,"column":58}},"loc":{"start":{"line":10,"column":92},"end":{"line":16,"column":2}}}},"branchMap":{"0":{"loc":{"start":{"line":12,"column":5},"end":{"line":12,"column":80}},"type":"binary-expr","locations":[{"start":{"line":12,"column":5},"end":{"line":12,"column":10}},{"start":{"line":12,"column":14},"end":{"line":12,"column":80}}]},"1":{"loc":{"start":{"line":14,"column":5},"end":{"line":14,"column":65}},"type":"binary-expr","locations":[{"start":{"line":14,"column":5},"end":{"line":14,"column":10}},{"start":{"line":14,"column":14},"end":{"line":14,"column":65}}]}},"s":{"0":0,"1":0,"2":0,"3":0,"4":0},"f":{"0":0},"b":{"0":[0,0],"1":[0,0]}}
,"C:\\Users\\rgarciya\\OneDrive - NTT DATA EMEAL\\Escritorio\\BOOTCAMP-0825-FRONTEND-REACT-NTT--RosarioGarcia-\\REACT PROYECT NTTDATA\\src\\shared\\components\\ui\\Modal.tsx": {"path":"C:\\Users\\rgarciya\\OneDrive - NTT DATA EMEAL\\Escritorio\\BOOTCAMP-0825-FRONTEND-REACT-NTT--RosarioGarcia-\\REACT PROYECT NTTDATA\\src\\shared\\components\\ui\\Modal.tsx","statementMap":{"0":{"start":{"line":11,"column":0},"end":{"line":11,"column":16}},"1":{"start":{"line":12,"column":2},"end":{"line":12,"column":27}},"2":{"start":{"line":12,"column":15},"end":{"line":12,"column":27}},"3":{"start":{"line":14,"column":2},"end":{"line":26,"column":4}},"4":{"start":{"line":16,"column":65},"end":{"line":16,"column":84}}},"fnMap":{"0":{"name":"Modal","decl":{"start":{"line":11,"column":16},"end":{"line":11,"column":21}},"loc":{"start":{"line":11,"column":70},"end":{"line":27,"column":1}}},"1":{"name":"(anonymous_1)","decl":{"start":{"line":16,"column":60},"end":{"line":16,"column":61}},"loc":{"start":{"line":16,"column":65},"end":{"line":16,"column":84}}}},"branchMap":{"0":{"loc":{"start":{"line":12,"column":2},"end":{"line":12,"column":27}},"type":"if","locations":[{"start":{"line":12,"column":2},"end":{"line":12,"column":27}}]}},"s":{"0":2,"1":216,"2":204,"3":12,"4":3},"f":{"0":216,"1":3},"b":{"0":[204]}}
,"C:\\Users\\rgarciya\\OneDrive - NTT DATA EMEAL\\Escritorio\\BOOTCAMP-0825-FRONTEND-REACT-NTT--RosarioGarcia-\\REACT PROYECT NTTDATA\\src\\shared\\constants\\api.ts": {"path":"C:\\Users\\rgarciya\\OneDrive - NTT DATA EMEAL\\Escritorio\\BOOTCAMP-0825-FRONTEND-REACT-NTT--RosarioGarcia-\\REACT PROYECT NTTDATA\\src\\shared\\constants\\api.ts","statementMap":{"0":{"start":{"line":1,"column":13},"end":{"line":7,"column":2}}},"fnMap":{},"branchMap":{},"s":{"0":1},"f":{},"b":{}}
,"C:\\Users\\rgarciya\\OneDrive - NTT DATA EMEAL\\Escritorio\\BOOTCAMP-0825-FRONTEND-REACT-NTT--RosarioGarcia-\\REACT PROYECT NTTDATA\\src\\shared\\constants\\routes.ts": {"path":"C:\\Users\\rgarciya\\OneDrive - NTT DATA EMEAL\\Escritorio\\BOOTCAMP-0825-FRONTEND-REACT-NTT--RosarioGarcia-\\REACT PROYECT NTTDATA\\src\\shared\\constants\\routes.ts","statementMap":{"0":{"start":{"line":2,"column":13},"end":{"line":9,"column":11}}},"fnMap":{},"branchMap":{},"s":{"0":3},"f":{},"b":{}}
,"C:\\Users\\rgarciya\\OneDrive - NTT DATA EMEAL\\Escritorio\\BOOTCAMP-0825-FRONTEND-REACT-NTT--RosarioGarcia-\\REACT PROYECT NTTDATA\\src\\shared\\utils\\fetchClient.ts": {"path":"C:\\Users\\rgarciya\\OneDrive - NTT DATA EMEAL\\Escritorio\\BOOTCAMP-0825-FRONTEND-REACT-NTT--RosarioGarcia-\\REACT PROYECT NTTDATA\\src\\shared\\utils\\fetchClient.ts","statementMap":{"0":{"start":{"line":5,"column":0},"end":{"line":5,"column":22}},"1":{"start":{"line":2,"column":0},"end":{"line":2,"column":35}},"2":{"start":{"line":3,"column":0},"end":{"line":3,"column":45}},"3":{"start":{"line":6,"column":14},"end":{"line":8,"column":null}},"4":{"start":{"line":10,"column":2},"end":{"line":13,"column":3}},"5":{"start":{"line":11,"column":17},"end":{"line":11,"column":49}},"6":{"start":{"line":11,"column":46},"end":{"line":11,"column":48}},"7":{"start":{"line":12,"column":4},"end":{"line":12,"column":83}},"8":{"start":{"line":14,"column":2},"end":{"line":14,"column":34}}},"fnMap":{"0":{"name":"apiFetch","decl":{"start":{"line":5,"column":22},"end":{"line":5,"column":30}},"loc":{"start":{"line":5,"column":66},"end":{"line":15,"column":null}}},"1":{"name":"(anonymous_9)","decl":{"start":{"line":11,"column":40},"end":{"line":11,"column":43}},"loc":{"start":{"line":11,"column":46},"end":{"line":11,"column":48}}}},"branchMap":{"0":{"loc":{"start":{"line":7,"column":55},"end":{"line":7,"column":74}},"type":"binary-expr","locations":[{"start":{"line":7,"column":55},"end":{"line":7,"column":68}},{"start":{"line":7,"column":72},"end":{"line":7,"column":74}}]},"1":{"loc":{"start":{"line":7,"column":55},"end":{"line":7,"column":68}},"type":"cond-expr","locations":[{"start":{"line":7,"column":59},"end":{"line":7,"column":61}},{"start":{"line":7,"column":55},"end":{"line":7,"column":68}}]},"2":{"loc":{"start":{"line":7,"column":55},"end":{"line":7,"column":61}},"type":"binary-expr","locations":[{"start":{"line":7,"column":55},"end":{"line":7,"column":61}},{"start":{"line":7,"column":55},"end":{"line":7,"column":61}}]},"3":{"loc":{"start":{"line":10,"column":2},"end":{"line":13,"column":3}},"type":"if","locations":[{"start":{"line":10,"column":2},"end":{"line":13,"column":3}}]},"4":{"loc":{"start":{"line":12,"column":36},"end":{"line":12,"column":81}},"type":"binary-expr","locations":[{"start":{"line":12,"column":36},"end":{"line":12,"column":40}},{"start":{"line":12,"column":44},"end":{"line":12,"column":81}}]}},"s":{"0":1,"1":1,"2":1,"3":0,"4":0,"5":0,"6":0,"7":0,"8":0},"f":{"0":0,"1":0},"b":{"0":[0,0],"1":[0,0],"2":[0,0],"3":[0],"4":[0,0]}}
,"C:\\Users\\rgarciya\\OneDrive - NTT DATA EMEAL\\Escritorio\\BOOTCAMP-0825-FRONTEND-REACT-NTT--RosarioGarcia-\\REACT PROYECT NTTDATA\\src\\shared\\utils\\http.ts": {"path":"C:\\Users\\rgarciya\\OneDrive - NTT DATA EMEAL\\Escritorio\\BOOTCAMP-0825-FRONTEND-REACT-NTT--RosarioGarcia-\\REACT PROYECT NTTDATA\\src\\shared\\utils\\http.ts","statementMap":{"0":{"start":{"line":6,"column":4},"end":{"line":6,"column":19}},"1":{"start":{"line":7,"column":4},"end":{"line":7,"column":25}},"2":{"start":{"line":8,"column":4},"end":{"line":8,"column":28}},"3":{"start":{"line":2,"column":0},"end":{"line":2,"column":13}}},"fnMap":{"0":{"name":"(anonymous_0)","decl":{"start":{"line":5,"column":2},"end":{"line":5,"column":14}},"loc":{"start":{"line":5,"column":45},"end":{"line":9,"column":3}}}},"branchMap":{},"s":{"0":0,"1":0,"2":0,"3":1},"f":{"0":0},"b":{}}
,"C:\\Users\\rgarciya\\OneDrive - NTT DATA EMEAL\\Escritorio\\BOOTCAMP-0825-FRONTEND-REACT-NTT--RosarioGarcia-\\REACT PROYECT NTTDATA\\src\\shared\\utils\\locale.ts": {"path":"C:\\Users\\rgarciya\\OneDrive - NTT DATA EMEAL\\Escritorio\\BOOTCAMP-0825-FRONTEND-REACT-NTT--RosarioGarcia-\\REACT PROYECT NTTDATA\\src\\shared\\utils\\locale.ts","statementMap":{"0":{"start":{"line":2,"column":13},"end":{"line":18,"column":2}},"1":{"start":{"line":20,"column":13},"end":{"line":25,"column":2}},"2":{"start":{"line":29,"column":30},"end":{"line":30,"column":87}},"3":{"start":{"line":30,"column":2},"end":{"line":30,"column":87}},"4":{"start":{"line":29,"column":13},"end":{"line":29,"column":30}},"5":{"start":{"line":33,"column":13},"end":{"line":33,"column":31}},"6":{"start":{"line":34,"column":24},"end":{"line":34,"column":70}},"7":{"start":{"line":34,"column":60},"end":{"line":34,"column":70}},"8":{"start":{"line":34,"column":13},"end":{"line":34,"column":24}},"9":{"start":{"line":37,"column":26},"end":{"line":40,"column":1}},"10":{"start":{"line":38,"column":2},"end":{"line":38,"column":25}},"11":{"start":{"line":38,"column":13},"end":{"line":38,"column":25}},"12":{"start":{"line":39,"column":2},"end":{"line":39,"column":68}},"13":{"start":{"line":37,"column":13},"end":{"line":37,"column":26}}},"fnMap":{"0":{"name":"(anonymous_0)","decl":{"start":{"line":29,"column":30},"end":{"line":29,"column":31}},"loc":{"start":{"line":30,"column":2},"end":{"line":30,"column":87}}},"1":{"name":"(anonymous_1)","decl":{"start":{"line":34,"column":24},"end":{"line":34,"column":25}},"loc":{"start":{"line":34,"column":60},"end":{"line":34,"column":70}}},"2":{"name":"(anonymous_2)","decl":{"start":{"line":37,"column":26},"end":{"line":37,"column":27}},"loc":{"start":{"line":37,"column":51},"end":{"line":40,"column":1}}}},"branchMap":{"0":{"loc":{"start":{"line":34,"column":38},"end":{"line":34,"column":55}},"type":"default-arg","locations":[{"start":{"line":34,"column":45},"end":{"line":34,"column":55}}]},"1":{"loc":{"start":{"line":38,"column":2},"end":{"line":38,"column":25}},"type":"if","locations":[{"start":{"line":38,"column":2},"end":{"line":38,"column":25}}]}},"s":{"0":0,"1":0,"2":0,"3":0,"4":0,"5":0,"6":0,"7":0,"8":0,"9":0,"10":0,"11":0,"12":0,"13":0},"f":{"0":0,"1":0,"2":0},"b":{"0":[0],"1":[0]}}
,"C:\\Users\\rgarciya\\OneDrive - NTT DATA EMEAL\\Escritorio\\BOOTCAMP-0825-FRONTEND-REACT-NTT--RosarioGarcia-\\REACT PROYECT NTTDATA\\src\\shared\\utils\\validation.ts": {"path":"C:\\Users\\rgarciya\\OneDrive - NTT DATA EMEAL\\Escritorio\\BOOTCAMP-0825-FRONTEND-REACT-NTT--RosarioGarcia-\\REACT PROYECT NTTDATA\\src\\shared\\utils\\validation.ts","statementMap":{"0":{"start":{"line":1,"column":26},"end":{"line":1,"column":60}},"1":{"start":{"line":1,"column":41},"end":{"line":1,"column":60}},"2":{"start":{"line":1,"column":13},"end":{"line":1,"column":26}},"3":{"start":{"line":2,"column":25},"end":{"line":2,"column":83}},"4":{"start":{"line":2,"column":40},"end":{"line":2,"column":83}},"5":{"start":{"line":2,"column":13},"end":{"line":2,"column":25}},"6":{"start":{"line":3,"column":23},"end":{"line":3,"column":68}},"7":{"start":{"line":3,"column":38},"end":{"line":3,"column":68}},"8":{"start":{"line":3,"column":13},"end":{"line":3,"column":23}}},"fnMap":{"0":{"name":"(anonymous_0)","decl":{"start":{"line":1,"column":26},"end":{"line":1,"column":27}},"loc":{"start":{"line":1,"column":41},"end":{"line":1,"column":60}}},"1":{"name":"(anonymous_1)","decl":{"start":{"line":2,"column":25},"end":{"line":2,"column":26}},"loc":{"start":{"line":2,"column":40},"end":{"line":2,"column":83}}},"2":{"name":"(anonymous_2)","decl":{"start":{"line":3,"column":23},"end":{"line":3,"column":24}},"loc":{"start":{"line":3,"column":38},"end":{"line":3,"column":68}}}},"branchMap":{},"s":{"0":0,"1":0,"2":0,"3":0,"4":0,"5":0,"6":0,"7":0,"8":0},"f":{"0":0,"1":0,"2":0},"b":{}}
}
