TN:
SF:src\App.tsx
FN:5,App
FNF:1
FNH:0
FNDA:0,App
DA:1,0
DA:2,0
DA:3,0
DA:5,0
DA:6,0
LF:5
LH:0
BRF:0
BRH:0
end_of_record
TN:
SF:src\api\Auth.ts
FN:47,loginUser
FN:59,(anonymous_9)
FN:71,getUserProfile
FN:80,(anonymous_12)
FN:92,refreshAccessToken
FN:92,(anonymous_14)
FN:103,(anonymous_15)
FN:115,isTokenExpired
FN:151,registerUser
FN:167,(anonymous_19)
FN:178,logoutUser
FNF:11
FNH:0
FNDA:0,loginUser
FNDA:0,(anonymous_9)
FNDA:0,getUserProfile
FNDA:0,(anonymous_12)
FNDA:0,refreshAccessToken
FNDA:0,(anonymous_14)
FNDA:0,(anonymous_15)
FNDA:0,isTokenExpired
FNDA:0,registerUser
FNDA:0,(anonymous_19)
FNDA:0,logoutUser
DA:47,0
DA:48,0
DA:58,0
DA:59,0
DA:60,0
DA:63,0
DA:71,0
DA:72,0
DA:79,0
DA:80,0
DA:81,0
DA:84,0
DA:92,0
DA:93,0
DA:102,0
DA:103,0
DA:104,0
DA:107,0
DA:115,0
DA:116,0
DA:117,0
DA:118,0
DA:119,0
DA:121,0
DA:151,0
DA:152,0
DA:166,0
DA:167,0
DA:168,0
DA:171,0
DA:178,0
DA:179,0
DA:180,0
DA:181,0
LF:34
LH:0
BRDA:54,0,0,0
BRDA:54,0,1,0
BRDA:58,1,0,0
BRDA:60,2,0,0
BRDA:60,2,1,0
BRDA:79,3,0,0
BRDA:81,4,0,0
BRDA:81,4,1,0
BRDA:92,5,0,0
BRDA:98,6,0,0
BRDA:98,6,1,0
BRDA:102,7,0,0
BRDA:104,8,0,0
BRDA:104,8,1,0
BRDA:166,9,0,0
BRDA:168,10,0,0
BRDA:168,10,1,0
BRF:17
BRH:0
end_of_record
TN:
SF:src\app\router\AppRouter.tsx
FN:6,AppRouter
FN:9,(anonymous_1)
FNF:2
FNH:0
FNDA:0,AppRouter
FNDA:0,(anonymous_1)
DA:2,0
DA:3,0
DA:4,0
DA:6,0
DA:7,0
DA:10,0
LF:6
LH:0
BRF:0
BRH:0
end_of_record
TN:
SF:src\app\router\routes.tsx
FNF:0
FNH:0
DA:2,0
DA:3,0
DA:4,0
DA:5,0
DA:6,0
DA:7,0
DA:8,0
DA:10,0
DA:11,0
DA:12,0
DA:20,0
LF:11
LH:0
BRF:0
BRH:0
end_of_record
TN:
SF:src\app\router\withAuthGuard.tsx
FN:7,withAuthGuard
FN:8,Guarded
FNF:2
FNH:0
FNDA:0,withAuthGuard
FNDA:0,Guarded
DA:3,0
DA:4,0
DA:5,0
DA:7,0
DA:8,0
DA:9,0
DA:10,0
DA:12,0
DA:13,0
DA:16,0
LF:10
LH:0
BRDA:12,0,0,0
BRF:1
BRH:0
end_of_record
TN:
SF:src\modules\auth\index.ts
FN:2,(anonymous_0)
FN:3,(anonymous_1)
FN:4,(anonymous_2)
FN:5,(anonymous_3)
FN:6,(anonymous_4)
FN:7,(anonymous_5)
FN:8,(anonymous_6)
FN:9,(anonymous_7)
FN:10,(anonymous_8)
FNF:9
FNH:0
FNDA:0,(anonymous_0)
FNDA:0,(anonymous_1)
FNDA:0,(anonymous_2)
FNDA:0,(anonymous_3)
FNDA:0,(anonymous_4)
FNDA:0,(anonymous_5)
FNDA:0,(anonymous_6)
FNDA:0,(anonymous_7)
FNDA:0,(anonymous_8)
DA:2,0
DA:3,0
DA:4,0
DA:5,0
DA:6,0
DA:7,0
DA:8,0
DA:9,0
DA:10,0
LF:9
LH:0
BRF:0
BRH:0
end_of_record
TN:
SF:src\modules\auth\components\ForgotPasswordModal.tsx
FN:10,ForgotPasswordModal
FN:16,(anonymous_8)
FN:21,(anonymous_9)
FN:21,(anonymous_10)
FN:38,(anonymous_11)
FN:44,(anonymous_12)
FN:78,(anonymous_13)
FNF:7
FNH:0
FNDA:0,ForgotPasswordModal
FNDA:0,(anonymous_8)
FNDA:0,(anonymous_9)
FNDA:0,(anonymous_10)
FNDA:0,(anonymous_11)
FNDA:0,(anonymous_12)
FNDA:0,(anonymous_13)
DA:2,0
DA:3,0
DA:10,0
DA:11,0
DA:12,0
DA:13,0
DA:14,0
DA:16,0
DA:17,0
DA:18,0
DA:21,0
DA:22,0
DA:23,0
DA:25,0
DA:26,0
DA:27,0
DA:30,0
DA:31,0
DA:32,0
DA:35,0
DA:38,0
DA:39,0
DA:40,0
DA:44,0
DA:45,0
DA:46,0
DA:47,0
DA:48,0
DA:49,0
DA:52,0
DA:78,0
LF:31
LH:0
BRDA:25,0,0,0
BRDA:30,1,0,0
BRDA:56,2,0,0
BRDA:56,2,1,0
BRDA:58,3,0,0
BRDA:58,3,1,0
BRDA:70,4,0,0
BRDA:70,4,1,0
BRDA:86,5,0,0
BRDA:86,5,1,0
BRF:10
BRH:0
end_of_record
TN:
SF:src\modules\auth\components\LoginForm.tsx
FN:9,LoginForm
FN:20,(anonymous_8)
FN:20,(anonymous_9)
FN:56,(anonymous_10)
FN:68,(anonymous_11)
FN:81,(anonymous_12)
FN:92,(anonymous_13)
FN:105,(anonymous_14)
FN:110,(anonymous_15)
FN:120,(anonymous_16)
FNF:10
FNH:0
FNDA:0,LoginForm
FNDA:0,(anonymous_8)
FNDA:0,(anonymous_9)
FNDA:0,(anonymous_10)
FNDA:0,(anonymous_11)
FNDA:0,(anonymous_12)
FNDA:0,(anonymous_13)
FNDA:0,(anonymous_14)
FNDA:0,(anonymous_15)
FNDA:0,(anonymous_16)
DA:2,0
DA:3,0
DA:4,0
DA:5,0
DA:6,0
DA:7,0
DA:9,0
DA:10,0
DA:11,0
DA:12,0
DA:13,0
DA:14,0
DA:15,0
DA:17,0
DA:18,0
DA:20,0
DA:21,0
DA:22,0
DA:24,0
DA:25,0
DA:26,0
DA:27,0
DA:30,0
DA:31,0
DA:32,0
DA:33,0
DA:36,0
DA:37,0
DA:39,0
DA:41,0
DA:43,0
DA:47,0
DA:56,0
DA:68,0
DA:82,0
DA:83,0
DA:93,0
DA:94,0
DA:105,0
DA:110,0
DA:120,0
LF:41
LH:0
BRDA:24,0,0,0
BRDA:24,1,0,0
BRDA:24,1,1,0
BRDA:36,2,0,0
BRDA:36,2,1,0
BRDA:36,3,0,0
BRDA:36,3,1,0
BRDA:75,4,0,0
BRDA:75,4,1,0
BRF:9
BRH:0
end_of_record
TN:
SF:src\modules\auth\components\RegisterForm.tsx
FN:10,RegisterForm
FN:26,(anonymous_8)
FN:29,(anonymous_9)
FN:31,(anonymous_10)
FN:35,(anonymous_11)
FN:63,(anonymous_12)
FN:63,(anonymous_13)
FN:80,(anonymous_14)
FN:86,(anonymous_15)
FN:206,(anonymous_16)
FNF:10
FNH:0
FNDA:0,RegisterForm
FNDA:0,(anonymous_8)
FNDA:0,(anonymous_9)
FNDA:0,(anonymous_10)
FNDA:0,(anonymous_11)
FNDA:0,(anonymous_12)
FNDA:0,(anonymous_13)
FNDA:0,(anonymous_14)
FNDA:0,(anonymous_15)
FNDA:0,(anonymous_16)
DA:2,0
DA:3,0
DA:4,0
DA:5,0
DA:6,0
DA:7,0
DA:10,0
DA:11,0
DA:20,0
DA:21,0
DA:23,0
DA:24,0
DA:26,0
DA:27,0
DA:28,0
DA:29,0
DA:31,0
DA:35,0
DA:37,0
DA:38,0
DA:39,0
DA:40,0
DA:41,0
DA:42,0
DA:45,0
DA:46,0
DA:47,0
DA:51,0
DA:52,0
DA:56,0
DA:57,0
DA:60,0
DA:63,0
DA:64,0
DA:66,0
DA:67,0
DA:68,0
DA:71,0
DA:72,0
DA:73,0
DA:76,0
DA:80,0
DA:81,0
DA:82,0
DA:83,0
DA:86,0
DA:87,0
DA:90,0
DA:206,0
LF:49
LH:0
BRDA:28,0,0,0
BRDA:28,0,1,0
BRDA:29,1,0,0
BRDA:29,1,1,0
BRDA:37,2,0,0
BRDA:38,3,0,0
BRDA:39,4,0,0
BRDA:40,5,0,0
BRDA:41,6,0,0
BRDA:42,7,0,0
BRDA:46,8,0,0
BRDA:51,9,0,0
BRDA:56,10,0,0
BRDA:67,11,0,0
BRDA:213,12,0,0
BRDA:213,12,1,0
BRDA:218,13,0,0
BRDA:218,13,1,0
BRF:18
BRH:0
end_of_record
TN:
SF:src\modules\auth\context\AuthContext.ts
FNF:0
FNH:0
DA:2,0
DA:12,0
LF:2
LH:0
BRF:0
BRH:0
end_of_record
TN:
SF:src\modules\auth\context\AuthProvider.tsx
FN:8,AuthProvider
FN:11,(anonymous_8)
FN:25,(anonymous_9)
FN:25,(anonymous_10)
FN:33,(anonymous_11)
FN:43,(anonymous_12)
FNF:6
FNH:0
FNDA:0,AuthProvider
FNDA:0,(anonymous_8)
FNDA:0,(anonymous_9)
FNDA:0,(anonymous_10)
FNDA:0,(anonymous_11)
FNDA:0,(anonymous_12)
DA:2,0
DA:5,0
DA:6,0
DA:8,0
DA:9,0
DA:11,0
DA:13,0
DA:14,0
DA:15,0
DA:16,0
DA:17,0
DA:19,0
DA:25,0
DA:26,0
DA:27,0
DA:28,0
DA:29,0
DA:33,0
DA:34,0
DA:35,0
DA:36,0
DA:37,0
DA:38,0
DA:42,0
DA:43,0
DA:47,0
LF:26
LH:0
BRDA:13,0,0,0
BRDA:15,1,0,0
BRDA:28,2,0,0
BRDA:35,3,0,0
BRF:4
BRH:0
end_of_record
TN:
SF:src\modules\auth\hooks\useAuth.ts
FN:5,(anonymous_0)
FNF:1
FNH:0
FNDA:0,(anonymous_0)
DA:2,0
DA:3,0
DA:5,0
DA:6,0
DA:7,0
DA:8,0
DA:10,0
LF:7
LH:0
BRDA:7,0,0,0
BRF:1
BRH:0
end_of_record
TN:
SF:src\modules\auth\hooks\useLogin.ts
FN:9,useLogin
FN:15,(anonymous_8)
FN:15,(anonymous_9)
FN:31,(anonymous_10)
FN:36,(anonymous_11)
FN:36,(anonymous_12)
FN:63,(anonymous_13)
FN:68,useTokenValidation
FN:71,(anonymous_15)
FN:71,(anonymous_16)
FNF:10
FNH:0
FNDA:0,useLogin
FNDA:0,(anonymous_8)
FNDA:0,(anonymous_9)
FNDA:0,(anonymous_10)
FNDA:0,(anonymous_11)
FNDA:0,(anonymous_12)
FNDA:0,(anonymous_13)
FNDA:0,useTokenValidation
FNDA:0,(anonymous_15)
FNDA:0,(anonymous_16)
DA:2,0
DA:3,0
DA:4,0
DA:5,0
DA:6,0
DA:9,0
DA:10,0
DA:11,0
DA:12,0
DA:13,0
DA:15,0
DA:16,0
DA:17,0
DA:19,0
DA:20,0
DA:21,0
DA:23,0
DA:24,0
DA:25,0
DA:27,0
DA:31,0
DA:32,0
DA:33,0
DA:36,0
DA:37,0
DA:39,0
DA:40,0
DA:41,0
DA:42,0
DA:44,0
DA:46,0
DA:47,0
DA:48,0
DA:52,0
DA:63,0
DA:68,0
DA:69,0
DA:71,0
DA:72,0
DA:75,0
LF:40
LH:0
BRDA:23,0,0,0
BRDA:23,0,1,0
BRDA:37,1,0,0
BRDA:40,2,0,0
BRF:4
BRH:0
end_of_record
TN:
SF:src\modules\auth\hooks\useRegister.ts
FN:14,useRegister
FN:19,(anonymous_8)
FN:19,(anonymous_9)
FN:37,(anonymous_10)
FNF:4
FNH:0
FNDA:0,useRegister
FNDA:0,(anonymous_8)
FNDA:0,(anonymous_9)
FNDA:0,(anonymous_10)
DA:2,0
DA:3,0
DA:14,0
DA:15,0
DA:16,0
DA:17,0
DA:19,0
DA:20,0
DA:21,0
DA:22,0
DA:24,0
DA:25,0
DA:26,0
DA:27,0
DA:29,0
DA:30,0
DA:31,0
DA:33,0
DA:37,0
DA:38,0
DA:39,0
DA:40,0
DA:43,0
LF:23
LH:0
BRDA:29,0,0,0
BRDA:29,0,1,0
BRF:2
BRH:0
end_of_record
TN:
SF:src\modules\auth\mappers\auth.mappers.ts
FN:5,(anonymous_0)
FN:18,(anonymous_1)
FNF:2
FNH:0
FNDA:0,(anonymous_0)
FNDA:0,(anonymous_1)
DA:5,0
DA:18,0
LF:2
LH:0
BRF:0
BRH:0
end_of_record
TN:
SF:src\modules\auth\pages\LoginPage.tsx
FN:4,LoginPage
FNF:1
FNH:0
FNDA:0,LoginPage
DA:2,0
DA:4,0
DA:5,0
LF:3
LH:0
BRF:0
BRH:0
end_of_record
TN:
SF:src\modules\auth\pages\RegisterPage.tsx
FN:4,RegisterPage
FNF:1
FNH:0
FNDA:0,RegisterPage
DA:2,0
DA:4,0
DA:5,0
LF:3
LH:0
BRF:0
BRH:0
end_of_record
TN:
SF:src\modules\auth\services\auth.service.ts
FN:6,loginService
FN:20,getProfileService
FN:25,refreshTokenService
FN:40,checkTokenExpiration
FN:47,logoutService
FN:51,registerService
FNF:6
FNH:0
FNDA:0,loginService
FNDA:0,getProfileService
FNDA:0,refreshTokenService
FNDA:0,checkTokenExpiration
FNDA:0,logoutService
FNDA:0,registerService
DA:2,0
DA:4,0
DA:6,0
DA:7,0
DA:14,0
DA:15,0
DA:17,0
DA:20,0
DA:21,0
DA:22,0
DA:25,0
DA:26,0
DA:27,0
DA:28,0
DA:31,0
DA:34,0
DA:35,0
DA:37,0
DA:40,0
DA:41,0
DA:42,0
DA:44,0
DA:47,0
DA:48,0
DA:51,0
DA:52,0
DA:62,0
LF:27
LH:0
BRDA:27,0,0,0
BRDA:42,1,0,0
BRF:2
BRH:0
end_of_record
TN:
SF:src\modules\cart\components\CartTable.tsx
FN:12,CartTable
FN:28,(anonymous_2)
FN:38,(anonymous_3)
FN:39,(anonymous_4)
FN:45,(anonymous_5)
FNF:5
FNH:5
FNDA:23,CartTable
FNDA:40,(anonymous_2)
FNDA:2,(anonymous_3)
FNDA:2,(anonymous_4)
FNDA:4,(anonymous_5)
DA:2,1
DA:3,1
DA:12,1
DA:13,23
DA:14,1
DA:16,22
DA:29,40
DA:38,2
DA:39,2
DA:45,4
LF:10
LH:10
BRDA:13,0,0,1
BRF:1
BRH:1
end_of_record
TN:
SF:src\modules\cart\components\CartTotal.tsx
FN:3,CartTotal
FNF:1
FNH:1
FNDA:24,CartTotal
DA:1,1
DA:3,1
DA:4,24
LF:3
LH:3
BRF:0
BRH:0
end_of_record
TN:
SF:src\modules\cart\components\CheckoutForm.tsx
FN:19,CheckoutForm
FN:25,(anonymous_2)
FN:25,(anonymous_3)
FN:26,(anonymous_4)
FN:28,(anonymous_5)
FN:40,(anonymous_6)
FN:45,(anonymous_7)
FN:52,(anonymous_8)
FN:67,(anonymous_9)
FN:67,(anonymous_10)
FNF:10
FNH:10
FNDA:59,CheckoutForm
FNDA:295,(anonymous_2)
FNDA:21,(anonymous_3)
FNDA:21,(anonymous_4)
FNDA:12,(anonymous_5)
FNDA:5,(anonymous_6)
FNDA:295,(anonymous_7)
FNDA:7,(anonymous_8)
FNDA:3,(anonymous_9)
FNDA:3,(anonymous_10)
DA:1,1
DA:2,1
DA:3,1
DA:19,1
DA:20,59
DA:23,59
DA:25,295
DA:26,21
DA:28,59
DA:29,12
DA:30,12
DA:31,12
DA:32,12
DA:33,12
DA:34,12
DA:35,12
DA:36,12
DA:37,12
DA:40,59
DA:41,5
DA:42,5
DA:45,59
DA:46,295
DA:52,7
DA:59,59
DA:67,3
LF:26
LH:26
BRDA:30,0,0,8
BRDA:30,1,0,12
BRDA:30,1,1,6
BRDA:31,2,0,11
BRDA:31,3,0,12
BRDA:31,3,1,3
BRDA:32,4,0,11
BRDA:33,5,0,11
BRDA:34,6,0,11
BRDA:35,7,0,11
BRDA:35,8,0,12
BRDA:35,8,1,3
BRDA:42,9,0,1
BRDA:45,10,0,236
BRDA:55,11,0,295
BRDA:55,11,1,57
BRF:16
BRH:16
end_of_record
TN:
SF:src\modules\cart\components\DistrictSelect.tsx
FN:4,DistrictSelect
FN:12,(anonymous_1)
FN:17,(anonymous_2)
FNF:3
FNH:3
FNDA:27,DistrictSelect
FNDA:2,(anonymous_1)
FNDA:76,(anonymous_2)
DA:1,1
DA:4,1
DA:5,27
DA:7,27
DA:12,2
DA:17,76
LF:6
LH:6
BRDA:13,0,0,27
BRDA:13,0,1,22
BRDA:19,1,0,27
BRDA:19,1,1,24
BRDA:19,1,2,5
BRDA:19,2,0,5
BRDA:19,2,1,2
BRF:7
BRH:7
end_of_record
TN:
SF:src\modules\cart\components\QuantityControl.tsx
FN:2,QuantityControl
FNF:1
FNH:1
FNDA:22,QuantityControl
DA:2,1
DA:3,22
LF:2
LH:2
BRF:0
BRH:0
end_of_record
TN:
SF:src\modules\cart\hooks\useCart.ts
FN:4,(anonymous_0)
FNF:1
FNH:0
FNDA:0,(anonymous_0)
DA:1,0
DA:2,0
DA:4,0
DA:5,0
DA:6,0
DA:7,0
LF:6
LH:0
BRDA:6,0,0,0
BRF:1
BRH:0
end_of_record
TN:
SF:src\modules\cart\pages\CartPage.tsx
FN:5,CartPage
FNF:1
FNH:0
FNDA:0,CartPage
DA:2,0
DA:3,0
DA:5,0
DA:6,0
DA:8,0
LF:5
LH:0
BRDA:12,0,0,0
BRDA:12,0,1,0
BRDA:12,1,0,0
BRDA:12,1,1,0
BRF:4
BRH:0
end_of_record
TN:
SF:src\modules\cart\pages\SummaryPage.tsx
FN:11,SummaryPage
FN:17,(anonymous_2)
FN:20,(anonymous_3)
FN:25,(anonymous_4)
FN:32,(anonymous_5)
FN:59,(anonymous_6)
FN:71,(anonymous_7)
FN:79,(anonymous_8)
FN:87,(anonymous_9)
FN:105,(anonymous_10)
FNF:10
FNH:0
FNDA:0,SummaryPage
FNDA:0,(anonymous_2)
FNDA:0,(anonymous_3)
FNDA:0,(anonymous_4)
FNDA:0,(anonymous_5)
FNDA:0,(anonymous_6)
FNDA:0,(anonymous_7)
FNDA:0,(anonymous_8)
FNDA:0,(anonymous_9)
FNDA:0,(anonymous_10)
DA:1,0
DA:2,0
DA:3,0
DA:4,0
DA:5,0
DA:6,0
DA:7,0
DA:8,0
DA:9,0
DA:11,0
DA:12,0
DA:13,0
DA:14,0
DA:15,0
DA:17,0
DA:18,0
DA:19,0
DA:20,0
DA:21,0
DA:25,0
DA:27,0
DA:29,0
DA:32,0
DA:33,0
DA:34,0
DA:35,0
DA:38,0
DA:60,0
DA:71,0
DA:79,0
DA:87,0
DA:105,0
LF:32
LH:0
BRDA:19,0,0,0
BRDA:21,1,0,0
BRDA:21,1,1,0
BRDA:21,2,0,0
BRDA:21,2,1,0
BRDA:21,3,0,0
BRDA:21,3,1,0
BRDA:21,4,0,0
BRDA:21,4,1,0
BRDA:44,5,0,0
BRDA:44,5,1,0
BRDA:106,6,0,0
BRDA:106,6,1,0
BRF:13
BRH:0
end_of_record
TN:
SF:src\modules\cart\reducers\cart.reducer.ts
FN:13,cartReducer
FN:16,(anonymous_1)
FN:19,(anonymous_2)
FN:22,(anonymous_3)
FN:24,(anonymous_4)
FN:27,(anonymous_5)
FN:29,(anonymous_6)
FN:30,(anonymous_7)
FN:33,(anonymous_8)
FNF:9
FNH:9
FNDA:19,cartReducer
FNDA:4,(anonymous_1)
FNDA:3,(anonymous_2)
FNDA:5,(anonymous_3)
FNDA:3,(anonymous_4)
FNDA:6,(anonymous_5)
FNDA:3,(anonymous_6)
FNDA:2,(anonymous_7)
FNDA:7,(anonymous_8)
DA:11,1
DA:13,1
DA:14,19
DA:16,4
DA:17,4
DA:18,3
DA:19,3
DA:22,5
DA:23,4
DA:24,3
DA:27,6
DA:28,4
DA:29,3
DA:30,2
DA:33,7
DA:35,2
DA:37,1
LF:17
LH:17
BRDA:14,0,0,4
BRDA:14,0,1,4
BRDA:14,0,2,4
BRDA:14,0,3,4
BRDA:14,0,4,2
BRDA:14,0,5,1
BRDA:17,1,0,1
BRDA:18,2,0,1
BRDA:19,3,0,2
BRDA:19,3,1,1
BRDA:23,4,0,2
BRDA:23,5,0,4
BRDA:23,5,1,3
BRDA:24,6,0,2
BRDA:24,6,1,1
BRDA:28,7,0,1
BRDA:29,8,0,2
BRDA:30,9,0,1
BRDA:30,9,1,1
BRF:19
BRH:19
end_of_record
TN:
SF:src\modules\home\components\CategoryFilter.tsx
FN:10,CategoryFilter
FN:15,(anonymous_1)
FN:22,(anonymous_2)
FN:28,(anonymous_3)
FN:34,(anonymous_4)
FN:45,(anonymous_5)
FN:56,(anonymous_6)
FN:63,(anonymous_7)
FN:68,(anonymous_8)
FN:72,(anonymous_9)
FN:82,(anonymous_10)
FNF:11
FNH:10
FNDA:36,CategoryFilter
FNDA:18,(anonymous_1)
FNDA:18,(anonymous_2)
FNDA:18,(anonymous_3)
FNDA:3,(anonymous_4)
FNDA:0,(anonymous_5)
FNDA:4,(anonymous_6)
FNDA:1,(anonymous_7)
FNDA:126,(anonymous_8)
FNDA:1,(anonymous_9)
FNDA:1,(anonymous_10)
DA:1,1
DA:2,1
DA:10,1
DA:11,36
DA:12,36
DA:13,36
DA:15,36
DA:16,18
DA:17,18
DA:18,18
DA:19,18
DA:22,36
DA:23,18
DA:24,18
DA:25,18
DA:26,18
DA:27,18
DA:28,18
DA:29,18
DA:30,18
DA:34,36
DA:35,3
DA:36,3
DA:37,3
DA:38,3
DA:41,36
DA:45,0
DA:57,4
DA:58,4
DA:63,1
DA:68,126
DA:72,1
DA:82,1
LF:33
LH:32
BRDA:17,0,0,0
BRDA:25,1,0,0
BRDA:36,2,0,0
BRDA:57,3,0,1
BRDA:58,4,0,1
BRDA:62,5,0,26
BRDA:62,5,1,10
BRDA:71,6,0,10
BRDA:71,6,1,116
BRDA:75,7,0,82
BRDA:75,7,1,44
BRDA:75,8,0,126
BRDA:75,8,1,126
BRDA:75,9,0,0
BRDA:75,9,1,126
BRDA:75,10,0,126
BRDA:75,10,1,126
BRF:17
BRH:13
end_of_record
TN:
SF:src\modules\home\components\Pagination.tsx
FN:7,Pagination
FN:10,(anonymous_1)
FN:16,(anonymous_2)
FN:22,(anonymous_3)
FN:25,(anonymous_4)
FN:34,(anonymous_5)
FNF:6
FNH:6
FNDA:22,Pagination
FNDA:104,(anonymous_1)
FNDA:4,(anonymous_2)
FNDA:101,(anonymous_3)
FNDA:3,(anonymous_4)
FNDA:2,(anonymous_5)
DA:7,1
DA:8,22
DA:10,104
DA:12,20
DA:16,4
DA:23,101
DA:25,3
DA:34,2
LF:8
LH:8
BRDA:8,0,0,2
BRDA:26,1,0,18
BRDA:26,1,1,83
BRF:3
BRH:3
end_of_record
TN:
SF:src\modules\home\components\ProductCard.tsx
FN:9,ProductCard
FN:27,(anonymous_1)
FNF:2
FNH:2
FNDA:14,ProductCard
FNDA:4,(anonymous_1)
DA:2,1
DA:9,1
DA:11,14
DA:13,14
DA:27,4
LF:5
LH:5
BRDA:22,0,0,13
BRDA:22,0,1,1
BRDA:22,1,0,14
BRDA:22,1,1,14
BRF:4
BRH:4
end_of_record
TN:
SF:src\modules\home\components\SearchBox.tsx
FN:8,SearchBox
FN:15,(anonymous_1)
FNF:2
FNH:2
FNDA:23,SearchBox
FNDA:19,(anonymous_1)
DA:1,1
DA:8,1
DA:9,23
DA:11,23
DA:15,19
LF:5
LH:5
BRDA:9,0,0,23
BRDA:9,0,1,16
BRDA:19,1,0,23
BRDA:19,1,1,17
BRDA:30,2,0,23
BRDA:30,2,1,2
BRF:6
BRH:6
end_of_record
TN:
SF:src\modules\home\hooks\usePagination.ts
FN:4,usePagination
FN:8,(anonymous_1)
FN:13,(anonymous_2)
FN:13,(anonymous_3)
FN:14,(anonymous_4)
FN:14,(anonymous_5)
FN:15,(anonymous_6)
FNF:7
FNH:7
FNDA:90,usePagination
FNDA:80,(anonymous_1)
FNDA:7,(anonymous_2)
FNDA:7,(anonymous_3)
FNDA:3,(anonymous_4)
FNDA:3,(anonymous_5)
FNDA:11,(anonymous_6)
DA:2,2
DA:4,2
DA:5,90
DA:6,90
DA:8,90
DA:9,80
DA:10,80
DA:13,90
DA:14,90
DA:15,90
DA:17,90
LF:11
LH:11
BRDA:4,0,0,1
BRF:1
BRH:1
end_of_record
TN:
SF:src\modules\home\hooks\useProducts.ts
FN:6,useProducts
FN:12,(anonymous_8)
FN:14,(anonymous_9)
FN:14,(anonymous_10)
FN:28,(anonymous_11)
FN:34,useFilteredProducts
FN:41,(anonymous_13)
FN:44,(anonymous_14)
FN:49,(anonymous_15)
FNF:9
FNH:9
FNDA:11,useProducts
FNDA:7,(anonymous_8)
FNDA:7,(anonymous_9)
FNDA:7,(anonymous_10)
FNDA:7,(anonymous_11)
FNDA:26,useFilteredProducts
FNDA:26,(anonymous_13)
FNDA:32,(anonymous_14)
FNDA:58,(anonymous_15)
DA:2,1
DA:4,1
DA:6,1
DA:7,11
DA:8,11
DA:9,11
DA:10,11
DA:12,11
DA:13,7
DA:14,7
DA:15,7
DA:16,7
DA:17,3
DA:18,2
DA:19,2
DA:20,2
DA:23,3
DA:25,6
DA:28,7
DA:31,11
DA:34,1
DA:39,26
DA:41,26
DA:42,26
DA:44,32
DA:46,26
DA:47,21
DA:49,20
DA:50,58
LF:29
LH:29
BRDA:17,0,0,2
BRDA:23,1,0,3
BRDA:25,2,0,5
BRDA:42,3,0,18
BRDA:42,3,1,8
BRDA:46,4,0,5
BRDA:47,5,0,1
BRDA:50,6,0,58
BRDA:50,6,1,47
BRDA:50,6,2,46
BRDA:50,7,0,56
BRDA:50,7,1,2
BRDA:50,8,0,58
BRDA:50,8,1,58
BRDA:50,9,0,2
BRDA:50,9,1,56
BRDA:50,10,0,58
BRDA:50,10,1,58
BRDA:50,11,0,1
BRDA:50,11,1,57
BRDA:50,12,0,58
BRDA:50,12,1,58
BRDA:51,13,0,45
BRDA:51,13,1,2
BRDA:51,14,0,47
BRDA:51,14,1,47
BRDA:51,15,0,2
BRDA:51,15,1,45
BRDA:51,16,0,47
BRDA:51,16,1,47
BRDA:51,17,0,2
BRDA:51,17,1,45
BRDA:51,18,0,47
BRDA:51,18,1,46
BRDA:52,19,0,44
BRDA:52,19,1,2
BRDA:52,20,0,46
BRDA:52,20,1,46
BRDA:52,21,0,2
BRDA:52,21,1,44
BRDA:52,22,0,46
BRDA:52,22,1,46
BRDA:52,23,0,1
BRDA:52,23,1,45
BRDA:52,24,0,46
BRDA:52,24,1,46
BRF:46
BRH:46
end_of_record
TN:
SF:src\modules\home\mappers\products.mappers.ts
FN:4,(anonymous_0)
FN:15,(anonymous_1)
FNF:2
FNH:2
FNDA:37,(anonymous_0)
FNDA:9,(anonymous_1)
DA:4,37
DA:15,9
LF:2
LH:2
BRF:0
BRH:0
end_of_record
TN:
SF:src\modules\home\pages\HomePage.tsx
FN:12,HomePage
FN:22,(anonymous_2)
FN:24,(anonymous_3)
FN:30,(anonymous_4)
FN:47,(anonymous_5)
FN:61,(anonymous_6)
FN:72,(anonymous_7)
FN:86,(anonymous_8)
FN:90,(anonymous_9)
FN:99,(anonymous_10)
FNF:10
FNH:9
FNDA:50,HomePage
FNDA:3,(anonymous_2)
FNDA:3,(anonymous_3)
FNDA:56,(anonymous_4)
FNDA:28,(anonymous_5)
FNDA:105,(anonymous_6)
FNDA:3,(anonymous_7)
FNDA:9,(anonymous_8)
FNDA:1,(anonymous_9)
FNDA:0,(anonymous_10)
DA:2,1
DA:3,1
DA:4,1
DA:5,1
DA:6,1
DA:7,1
DA:8,1
DA:9,1
DA:10,1
DA:12,1
DA:13,50
DA:14,50
DA:15,50
DA:16,50
DA:17,50
DA:19,50
DA:20,50
DA:22,50
DA:24,50
DA:25,3
DA:26,3
DA:30,56
DA:32,50
DA:33,49
DA:35,48
DA:47,28
DA:61,105
DA:72,3
DA:87,9
DA:90,1
DA:99,0
LF:31
LH:30
BRDA:26,0,0,2
BRDA:32,1,0,1
BRDA:33,2,0,1
BRDA:57,3,0,18
BRDA:57,3,1,30
BRDA:68,4,0,84
BRDA:68,4,1,21
BRDA:68,5,0,105
BRDA:68,5,1,105
BRDA:83,6,0,48
BRDA:83,6,1,3
BRDA:89,7,0,3
BRDA:89,7,1,6
BRDA:100,8,0,48
BRDA:100,8,1,46
BRF:15
BRH:15
end_of_record
TN:
SF:src\modules\home\services\products.service.ts
FN:16,getAllProducts
FN:20,(anonymous_9)
FN:20,(anonymous_10)
FN:30,getAllCategories
FN:34,(anonymous_13)
FN:34,(anonymous_14)
FNF:6
FNH:6
FNDA:4,getAllProducts
FNDA:1,(anonymous_9)
FNDA:1,(anonymous_10)
FNDA:4,getAllCategories
FNDA:1,(anonymous_13)
FNDA:1,(anonymous_14)
DA:2,1
DA:3,1
DA:5,1
DA:10,1
DA:11,1
DA:13,1
DA:14,1
DA:16,1
DA:17,4
DA:18,1
DA:20,1
DA:21,1
DA:22,1
DA:23,1
DA:24,1
DA:27,1
DA:30,1
DA:31,4
DA:32,1
DA:34,1
DA:36,1
DA:37,1
DA:38,1
DA:41,1
LF:24
LH:24
BRDA:17,0,0,3
BRDA:18,1,0,0
BRDA:31,2,0,3
BRDA:32,3,0,0
BRF:4
BRH:2
end_of_record
TN:
SF:src\shared\components\layout\Header.tsx
FN:6,Header
FNF:1
FNH:0
FNDA:0,Header
DA:1,0
DA:2,0
DA:3,0
DA:4,0
DA:6,0
DA:7,0
DA:8,0
DA:10,0
LF:8
LH:0
BRDA:23,0,0,0
BRDA:23,0,1,0
BRDA:33,1,0,0
BRDA:33,1,1,0
BRDA:35,2,0,0
BRDA:35,2,1,0
BRDA:35,3,0,0
BRDA:35,3,1,0
BRF:8
BRH:0
end_of_record
TN:
SF:src\shared\components\layout\Layout.tsx
FN:9,Layout
FNF:1
FNH:0
FNDA:0,Layout
DA:3,0
DA:9,0
DA:10,0
LF:3
LH:0
BRF:0
BRH:0
end_of_record
TN:
SF:src\shared\components\ui\Alert.tsx
FN:10,Alert
FN:11,(anonymous_1)
FNF:2
FNH:0
FNDA:0,Alert
FNDA:0,(anonymous_1)
DA:10,0
DA:11,0
DA:12,0
DA:14,0
DA:16,0
DA:18,0
DA:20,0
DA:22,0
DA:26,0
LF:9
LH:0
BRDA:12,0,0,0
BRDA:12,0,1,0
BRDA:12,0,2,0
BRDA:12,0,3,0
BRDA:12,0,4,0
BRDA:29,1,0,0
BRDA:29,1,1,0
BRF:7
BRH:0
end_of_record
TN:
SF:src\shared\components\ui\Button.tsx
FN:4,Button
FNF:1
FNH:0
FNDA:0,Button
DA:4,0
DA:5,0
LF:2
LH:0
BRF:0
BRH:0
end_of_record
TN:
SF:src\shared\components\ui\Input.tsx
FN:10,(anonymous_1)
FNF:1
FNH:0
FNDA:0,(anonymous_1)
DA:2,0
DA:10,0
LF:2
LH:0
BRDA:12,0,0,0
BRDA:12,0,1,0
BRDA:14,1,0,0
BRDA:14,1,1,0
BRF:4
BRH:0
end_of_record
TN:
SF:src\shared\components\ui\Modal.tsx
FN:11,Modal
FN:16,(anonymous_1)
FNF:2
FNH:0
FNDA:0,Modal
FNDA:0,(anonymous_1)
DA:11,0
DA:12,0
DA:14,0
DA:16,0
LF:4
LH:0
BRDA:12,0,0,0
BRF:1
BRH:0
end_of_record
TN:
SF:src\shared\constants\api.ts
FNF:0
FNH:0
DA:1,0
LF:1
LH:0
BRF:0
BRH:0
end_of_record
TN:
SF:src\shared\constants\routes.ts
FNF:0
FNH:0
DA:2,0
LF:1
LH:0
BRF:0
BRH:0
end_of_record
TN:
SF:src\shared\utils\fetchClient.ts
FN:5,apiFetch
FN:11,(anonymous_9)
FNF:2
FNH:0
FNDA:0,apiFetch
FNDA:0,(anonymous_9)
DA:2,0
DA:3,0
DA:5,0
DA:6,0
DA:10,0
DA:11,0
DA:12,0
DA:14,0
LF:8
LH:0
BRDA:7,0,0,0
BRDA:7,0,1,0
BRDA:7,1,0,0
BRDA:7,1,1,0
BRDA:7,2,0,0
BRDA:7,2,1,0
BRDA:10,3,0,0
BRDA:12,4,0,0
BRDA:12,4,1,0
BRF:9
BRH:0
end_of_record
TN:
SF:src\shared\utils\http.ts
FN:5,(anonymous_0)
FNF:1
FNH:0
FNDA:0,(anonymous_0)
DA:2,0
DA:6,0
DA:7,0
DA:8,0
LF:4
LH:0
BRF:0
BRH:0
end_of_record
TN:
SF:src\shared\utils\locale.ts
FN:29,(anonymous_0)
FN:34,(anonymous_1)
FN:37,(anonymous_2)
FNF:3
FNH:0
FNDA:0,(anonymous_0)
FNDA:0,(anonymous_1)
FNDA:0,(anonymous_2)
DA:2,0
DA:20,0
DA:29,0
DA:30,0
DA:33,0
DA:34,0
DA:37,0
DA:38,0
DA:39,0
LF:9
LH:0
BRDA:34,0,0,0
BRDA:38,1,0,0
BRF:2
BRH:0
end_of_record
TN:
SF:src\shared\utils\validation.ts
FN:1,(anonymous_0)
FN:2,(anonymous_1)
FN:3,(anonymous_2)
FNF:3
FNH:0
FNDA:0,(anonymous_0)
FNDA:0,(anonymous_1)
FNDA:0,(anonymous_2)
DA:1,0
DA:2,0
DA:3,0
LF:3
LH:0
BRF:0
BRH:0
end_of_record
