TN:
SF:src\App.tsx
FN:5,App
FNF:1
FNH:0
FNDA:0,App
DA:1,0
DA:2,0
DA:3,0
DA:5,0
DA:6,0
LF:5
LH:0
BRF:0
BRH:0
end_of_record
TN:
SF:src\app\providers\AppProviders.tsx
FN:6,AppProviders
FNF:1
FNH:0
FNDA:0,AppProviders
DA:2,0
DA:3,0
DA:4,0
DA:6,0
DA:7,0
LF:5
LH:0
BRF:0
BRH:0
end_of_record
TN:
SF:src\app\router\AppRouter.tsx
FN:6,AppRouter
FN:9,(anonymous_1)
FNF:2
FNH:0
FNDA:0,AppRouter
FNDA:0,(anonymous_1)
DA:2,0
DA:3,0
DA:4,0
DA:6,0
DA:7,0
DA:10,0
LF:6
LH:0
BRF:0
BRH:0
end_of_record
TN:
SF:src\app\router\routes.tsx
FNF:0
FNH:0
DA:2,0
DA:3,0
DA:4,0
DA:5,0
DA:6,0
DA:7,0
DA:8,0
DA:10,0
DA:11,0
DA:12,0
DA:20,0
LF:11
LH:0
BRF:0
BRH:0
end_of_record
TN:
SF:src\app\router\withAuthGuard.tsx
FN:7,withAuthGuard
FN:8,Guarded
FNF:2
FNH:0
FNDA:0,withAuthGuard
FNDA:0,Guarded
DA:3,0
DA:4,0
DA:5,0
DA:7,0
DA:8,0
DA:9,0
DA:10,0
DA:12,0
DA:13,0
DA:16,0
LF:10
LH:0
BRDA:12,0,0,0
BRF:1
BRH:0
end_of_record
TN:
SF:src\modules\auth\index.ts
FN:2,(anonymous_0)
FN:3,(anonymous_1)
FN:4,(anonymous_2)
FN:5,(anonymous_3)
FN:6,(anonymous_4)
FN:7,(anonymous_5)
FN:8,(anonymous_6)
FN:9,(anonymous_7)
FN:10,(anonymous_8)
FNF:9
FNH:0
FNDA:0,(anonymous_0)
FNDA:0,(anonymous_1)
FNDA:0,(anonymous_2)
FNDA:0,(anonymous_3)
FNDA:0,(anonymous_4)
FNDA:0,(anonymous_5)
FNDA:0,(anonymous_6)
FNDA:0,(anonymous_7)
FNDA:0,(anonymous_8)
DA:2,0
DA:3,0
DA:4,0
DA:5,0
DA:6,0
DA:7,0
DA:8,0
DA:9,0
DA:10,0
LF:9
LH:0
BRF:0
BRH:0
end_of_record
TN:
SF:src\modules\auth\components\ForgotPasswordModal.tsx
FN:10,ForgotPasswordModal
FN:16,(anonymous_8)
FN:21,(anonymous_9)
FN:21,(anonymous_10)
FN:38,(anonymous_11)
FN:44,(anonymous_12)
FN:78,(anonymous_13)
FNF:7
FNH:7
FNDA:113,ForgotPasswordModal
FNDA:14,(anonymous_8)
FNDA:16,(anonymous_9)
FNDA:16,(anonymous_10)
FNDA:11,(anonymous_11)
FNDA:4,(anonymous_12)
FNDA:15,(anonymous_13)
DA:2,2
DA:3,2
DA:10,2
DA:11,113
DA:12,113
DA:13,113
DA:14,113
DA:16,113
DA:17,14
DA:18,14
DA:21,113
DA:22,16
DA:23,16
DA:25,16
DA:26,2
DA:27,2
DA:30,14
DA:31,3
DA:32,3
DA:35,11
DA:38,11
DA:39,11
DA:40,11
DA:44,113
DA:45,4
DA:46,4
DA:47,4
DA:48,4
DA:49,4
DA:52,113
DA:79,15
DA:80,15
LF:32
LH:32
BRDA:25,0,0,2
BRDA:30,1,0,3
BRDA:56,2,0,3
BRDA:56,2,1,110
BRDA:58,3,0,3
BRDA:58,3,1,110
BRDA:70,4,0,110
BRDA:70,4,1,5
BRDA:80,5,0,1
BRDA:89,6,0,11
BRDA:89,6,1,99
BRF:11
BRH:11
end_of_record
TN:
SF:src\modules\auth\components\LoginForm.tsx
FN:9,LoginForm
FN:20,(anonymous_8)
FN:20,(anonymous_9)
FN:56,(anonymous_10)
FN:67,(anonymous_11)
FN:79,(anonymous_12)
FN:90,(anonymous_13)
FN:103,(anonymous_14)
FN:108,(anonymous_15)
FN:119,(anonymous_16)
FNF:10
FNH:8
FNDA:51,LoginForm
FNDA:11,(anonymous_8)
FNDA:11,(anonymous_9)
FNDA:5,(anonymous_10)
FNDA:4,(anonymous_11)
FNDA:2,(anonymous_12)
FNDA:0,(anonymous_13)
FNDA:0,(anonymous_14)
FNDA:1,(anonymous_15)
FNDA:1,(anonymous_16)
DA:2,1
DA:3,1
DA:4,1
DA:5,1
DA:6,1
DA:7,1
DA:9,1
DA:10,51
DA:11,51
DA:12,51
DA:13,51
DA:14,51
DA:15,51
DA:17,51
DA:18,51
DA:20,51
DA:21,11
DA:22,11
DA:24,11
DA:25,4
DA:26,4
DA:27,4
DA:30,7
DA:31,7
DA:32,7
DA:33,3
DA:36,3
DA:37,1
DA:39,2
DA:41,3
DA:43,6
DA:47,51
DA:56,5
DA:67,4
DA:80,2
DA:81,2
DA:91,0
DA:92,0
DA:103,0
DA:108,1
DA:119,1
LF:41
LH:38
BRDA:24,0,0,4
BRDA:24,1,0,11
BRDA:24,1,1,8
BRDA:36,2,0,1
BRDA:36,2,1,2
BRDA:36,3,0,3
BRDA:36,3,1,3
BRDA:73,4,0,7
BRDA:73,4,1,44
BRF:9
BRH:9
end_of_record
TN:
SF:src\modules\auth\components\RegisterForm.tsx
FN:10,RegisterForm
FN:26,(anonymous_8)
FN:29,(anonymous_9)
FN:31,(anonymous_10)
FN:35,(anonymous_11)
FN:63,(anonymous_12)
FN:63,(anonymous_13)
FN:90,(anonymous_14)
FN:96,(anonymous_15)
FN:216,(anonymous_16)
FNF:10
FNH:0
FNDA:0,RegisterForm
FNDA:0,(anonymous_8)
FNDA:0,(anonymous_9)
FNDA:0,(anonymous_10)
FNDA:0,(anonymous_11)
FNDA:0,(anonymous_12)
FNDA:0,(anonymous_13)
FNDA:0,(anonymous_14)
FNDA:0,(anonymous_15)
FNDA:0,(anonymous_16)
DA:2,0
DA:3,0
DA:4,0
DA:5,0
DA:6,0
DA:7,0
DA:10,0
DA:11,0
DA:20,0
DA:21,0
DA:23,0
DA:24,0
DA:26,0
DA:27,0
DA:28,0
DA:29,0
DA:31,0
DA:35,0
DA:37,0
DA:38,0
DA:39,0
DA:40,0
DA:41,0
DA:42,0
DA:45,0
DA:46,0
DA:47,0
DA:51,0
DA:52,0
DA:56,0
DA:57,0
DA:60,0
DA:63,0
DA:64,0
DA:66,0
DA:67,0
DA:68,0
DA:72,0
DA:81,0
DA:82,0
DA:83,0
DA:86,0
DA:90,0
DA:91,0
DA:92,0
DA:93,0
DA:96,0
DA:97,0
DA:100,0
DA:216,0
LF:50
LH:0
BRDA:28,0,0,0
BRDA:28,0,1,0
BRDA:29,1,0,0
BRDA:29,1,1,0
BRDA:37,2,0,0
BRDA:38,3,0,0
BRDA:39,4,0,0
BRDA:40,5,0,0
BRDA:41,6,0,0
BRDA:42,7,0,0
BRDA:46,8,0,0
BRDA:51,9,0,0
BRDA:56,10,0,0
BRDA:67,11,0,0
BRDA:223,12,0,0
BRDA:223,12,1,0
BRDA:228,13,0,0
BRDA:228,13,1,0
BRF:18
BRH:0
end_of_record
TN:
SF:src\modules\auth\context\AuthContext.ts
FNF:0
FNH:0
DA:2,2
DA:12,2
LF:2
LH:2
BRF:0
BRH:0
end_of_record
TN:
SF:src\modules\auth\context\AuthProvider.tsx
FN:8,AuthProvider
FN:11,(anonymous_8)
FN:25,(anonymous_9)
FN:25,(anonymous_10)
FN:38,(anonymous_11)
FN:48,(anonymous_12)
FNF:6
FNH:0
FNDA:0,AuthProvider
FNDA:0,(anonymous_8)
FNDA:0,(anonymous_9)
FNDA:0,(anonymous_10)
FNDA:0,(anonymous_11)
FNDA:0,(anonymous_12)
DA:2,0
DA:5,0
DA:6,0
DA:8,0
DA:9,0
DA:11,0
DA:13,0
DA:14,0
DA:15,0
DA:16,0
DA:17,0
DA:19,0
DA:25,0
DA:26,0
DA:27,0
DA:28,0
DA:29,0
DA:30,0
DA:34,0
DA:38,0
DA:39,0
DA:40,0
DA:41,0
DA:42,0
DA:43,0
DA:47,0
DA:48,0
DA:52,0
LF:28
LH:0
BRDA:13,0,0,0
BRDA:15,1,0,0
BRDA:29,2,0,0
BRDA:40,3,0,0
BRF:4
BRH:0
end_of_record
TN:
SF:src\modules\auth\hooks\useAuth.ts
FN:5,(anonymous_0)
FNF:1
FNH:1
FNDA:17,(anonymous_0)
DA:2,2
DA:3,2
DA:5,2
DA:6,17
DA:7,17
DA:8,4
DA:10,13
LF:7
LH:7
BRDA:7,0,0,4
BRF:1
BRH:1
end_of_record
TN:
SF:src\modules\auth\hooks\useLogin.ts
FN:9,useLogin
FN:15,(anonymous_8)
FN:15,(anonymous_9)
FN:31,(anonymous_10)
FN:36,(anonymous_11)
FN:36,(anonymous_12)
FN:63,(anonymous_13)
FN:68,useTokenValidation
FN:71,(anonymous_15)
FN:71,(anonymous_16)
FNF:10
FNH:0
FNDA:0,useLogin
FNDA:0,(anonymous_8)
FNDA:0,(anonymous_9)
FNDA:0,(anonymous_10)
FNDA:0,(anonymous_11)
FNDA:0,(anonymous_12)
FNDA:0,(anonymous_13)
FNDA:0,useTokenValidation
FNDA:0,(anonymous_15)
FNDA:0,(anonymous_16)
DA:2,0
DA:3,0
DA:4,0
DA:5,0
DA:6,0
DA:9,0
DA:10,0
DA:11,0
DA:12,0
DA:13,0
DA:15,0
DA:16,0
DA:17,0
DA:19,0
DA:20,0
DA:21,0
DA:23,0
DA:24,0
DA:25,0
DA:27,0
DA:31,0
DA:32,0
DA:33,0
DA:36,0
DA:37,0
DA:39,0
DA:40,0
DA:41,0
DA:42,0
DA:44,0
DA:46,0
DA:47,0
DA:48,0
DA:52,0
DA:63,0
DA:68,0
DA:69,0
DA:71,0
DA:72,0
DA:75,0
LF:40
LH:0
BRDA:23,0,0,0
BRDA:23,0,1,0
BRDA:37,1,0,0
BRDA:40,2,0,0
BRF:4
BRH:0
end_of_record
TN:
SF:src\modules\auth\hooks\useRegister.ts
FN:14,useRegister
FN:19,(anonymous_8)
FN:19,(anonymous_9)
FN:37,(anonymous_10)
FNF:4
FNH:0
FNDA:0,useRegister
FNDA:0,(anonymous_8)
FNDA:0,(anonymous_9)
FNDA:0,(anonymous_10)
DA:2,0
DA:3,0
DA:14,0
DA:15,0
DA:16,0
DA:17,0
DA:19,0
DA:20,0
DA:21,0
DA:22,0
DA:24,0
DA:25,0
DA:26,0
DA:27,0
DA:29,0
DA:30,0
DA:31,0
DA:33,0
DA:37,0
DA:38,0
DA:39,0
DA:40,0
DA:43,0
LF:23
LH:0
BRDA:29,0,0,0
BRDA:29,0,1,0
BRF:2
BRH:0
end_of_record
TN:
SF:src\modules\auth\mappers\auth.mappers.ts
FN:5,(anonymous_0)
FN:18,(anonymous_1)
FNF:2
FNH:0
FNDA:0,(anonymous_0)
FNDA:0,(anonymous_1)
DA:5,0
DA:18,0
LF:2
LH:0
BRF:0
BRH:0
end_of_record
TN:
SF:src\modules\auth\pages\LoginPage.tsx
FN:4,LoginPage
FNF:1
FNH:1
FNDA:20,LoginPage
DA:2,1
DA:4,1
DA:5,20
LF:3
LH:3
BRF:0
BRH:0
end_of_record
TN:
SF:src\modules\auth\pages\RegisterPage.tsx
FN:4,RegisterPage
FNF:1
FNH:1
FNDA:29,RegisterPage
DA:2,1
DA:4,1
DA:5,29
LF:3
LH:3
BRF:0
BRH:0
end_of_record
TN:
SF:src\modules\cart\components\CartTable.tsx
FN:12,CartTable
FN:28,(anonymous_2)
FN:38,(anonymous_3)
FN:39,(anonymous_4)
FN:45,(anonymous_5)
FNF:5
FNH:5
FNDA:23,CartTable
FNDA:40,(anonymous_2)
FNDA:2,(anonymous_3)
FNDA:2,(anonymous_4)
FNDA:4,(anonymous_5)
DA:2,1
DA:3,1
DA:12,1
DA:13,23
DA:14,1
DA:16,22
DA:29,40
DA:38,2
DA:39,2
DA:45,4
LF:10
LH:10
BRDA:13,0,0,1
BRF:1
BRH:1
end_of_record
TN:
SF:src\modules\cart\components\CartTotal.tsx
FN:3,CartTotal
FNF:1
FNH:1
FNDA:24,CartTotal
DA:1,1
DA:3,1
DA:4,24
LF:3
LH:3
BRF:0
BRH:0
end_of_record
TN:
SF:src\modules\cart\components\CheckoutForm.tsx
FN:19,CheckoutForm
FN:25,(anonymous_2)
FN:25,(anonymous_3)
FN:26,(anonymous_4)
FN:28,(anonymous_5)
FN:40,(anonymous_6)
FN:45,(anonymous_7)
FN:52,(anonymous_8)
FN:67,(anonymous_9)
FN:67,(anonymous_10)
FNF:10
FNH:10
FNDA:59,CheckoutForm
FNDA:295,(anonymous_2)
FNDA:21,(anonymous_3)
FNDA:21,(anonymous_4)
FNDA:12,(anonymous_5)
FNDA:5,(anonymous_6)
FNDA:295,(anonymous_7)
FNDA:7,(anonymous_8)
FNDA:3,(anonymous_9)
FNDA:3,(anonymous_10)
DA:1,1
DA:2,1
DA:3,1
DA:19,1
DA:20,59
DA:23,59
DA:25,295
DA:26,21
DA:28,59
DA:29,12
DA:30,12
DA:31,12
DA:32,12
DA:33,12
DA:34,12
DA:35,12
DA:36,12
DA:37,12
DA:40,59
DA:41,5
DA:42,5
DA:45,59
DA:46,295
DA:52,7
DA:59,59
DA:67,3
LF:26
LH:26
BRDA:30,0,0,8
BRDA:30,1,0,12
BRDA:30,1,1,6
BRDA:31,2,0,11
BRDA:31,3,0,12
BRDA:31,3,1,3
BRDA:32,4,0,11
BRDA:33,5,0,11
BRDA:34,6,0,11
BRDA:35,7,0,11
BRDA:35,8,0,12
BRDA:35,8,1,3
BRDA:42,9,0,1
BRDA:45,10,0,236
BRDA:55,11,0,295
BRDA:55,11,1,57
BRF:16
BRH:16
end_of_record
TN:
SF:src\modules\cart\components\DistrictSelect.tsx
FN:4,DistrictSelect
FN:12,(anonymous_1)
FN:17,(anonymous_2)
FNF:3
FNH:3
FNDA:27,DistrictSelect
FNDA:2,(anonymous_1)
FNDA:76,(anonymous_2)
DA:1,1
DA:4,1
DA:5,27
DA:7,27
DA:12,2
DA:17,76
LF:6
LH:6
BRDA:13,0,0,27
BRDA:13,0,1,22
BRDA:19,1,0,27
BRDA:19,1,1,24
BRDA:19,1,2,5
BRDA:19,2,0,5
BRDA:19,2,1,2
BRF:7
BRH:7
end_of_record
TN:
SF:src\modules\cart\components\QuantityControl.tsx
FN:2,QuantityControl
FNF:1
FNH:1
FNDA:22,QuantityControl
DA:2,1
DA:3,22
LF:2
LH:2
BRF:0
BRH:0
end_of_record
TN:
SF:src\modules\cart\context\CartContext.ts
FNF:0
FNH:0
DA:1,0
DA:19,0
LF:2
LH:0
BRF:0
BRH:0
end_of_record
TN:
SF:src\modules\cart\context\CartProvider.tsx
FN:6,CartProvider
FN:10,(anonymous_1)
FN:11,(anonymous_2)
FN:17,(anonymous_3)
FN:18,(anonymous_4)
FN:24,(anonymous_5)
FN:25,(anonymous_6)
FN:28,(anonymous_7)
FN:29,(anonymous_8)
FN:29,(anonymous_9)
FN:31,(anonymous_10)
FN:33,(anonymous_11)
FN:34,(anonymous_12)
FNF:13
FNH:0
FNDA:0,CartProvider
FNDA:0,(anonymous_1)
FNDA:0,(anonymous_2)
FNDA:0,(anonymous_3)
FNDA:0,(anonymous_4)
FNDA:0,(anonymous_5)
FNDA:0,(anonymous_6)
FNDA:0,(anonymous_7)
FNDA:0,(anonymous_8)
FNDA:0,(anonymous_9)
FNDA:0,(anonymous_10)
FNDA:0,(anonymous_11)
FNDA:0,(anonymous_12)
DA:1,0
DA:2,0
DA:3,0
DA:6,0
DA:7,0
DA:10,0
DA:11,0
DA:12,0
DA:13,0
DA:14,0
DA:17,0
DA:18,0
DA:19,0
DA:20,0
DA:21,0
DA:24,0
DA:25,0
DA:28,0
DA:29,0
DA:31,0
DA:32,0
DA:33,0
DA:34,0
DA:36,0
DA:50,0
LF:25
LH:0
BRDA:12,0,0,0
BRDA:12,1,0,0
BRDA:12,1,1,0
BRDA:19,2,0,0
BRDA:19,3,0,0
BRDA:19,3,1,0
BRDA:29,4,0,0
BRDA:29,4,1,0
BRDA:29,5,0,0
BRDA:29,5,1,0
BRDA:29,6,0,0
BRDA:29,6,1,0
BRDA:29,7,0,0
BRDA:29,7,1,0
BRF:14
BRH:0
end_of_record
TN:
SF:src\modules\cart\context\index.ts
FN:3,(anonymous_4)
FNF:1
FNH:0
FNDA:0,(anonymous_4)
DA:2,0
DA:3,0
LF:2
LH:0
BRF:0
BRH:0
end_of_record
TN:
SF:src\modules\cart\hooks\useCart.ts
FN:4,(anonymous_0)
FNF:1
FNH:0
FNDA:0,(anonymous_0)
DA:1,0
DA:2,0
DA:4,0
DA:5,0
DA:6,0
DA:7,0
LF:6
LH:0
BRDA:6,0,0,0
BRF:1
BRH:0
end_of_record
TN:
SF:src\modules\cart\pages\CartPage.tsx
FN:5,CartPage
FNF:1
FNH:0
FNDA:0,CartPage
DA:2,0
DA:3,0
DA:5,0
DA:6,0
DA:8,0
LF:5
LH:0
BRDA:12,0,0,0
BRDA:12,0,1,0
BRDA:12,1,0,0
BRDA:12,1,1,0
BRF:4
BRH:0
end_of_record
TN:
SF:src\modules\cart\pages\SummaryPage.tsx
FN:11,SummaryPage
FN:17,(anonymous_2)
FN:20,(anonymous_3)
FN:25,(anonymous_4)
FN:32,(anonymous_5)
FN:59,(anonymous_6)
FN:71,(anonymous_7)
FN:79,(anonymous_8)
FN:87,(anonymous_9)
FN:105,(anonymous_10)
FNF:10
FNH:0
FNDA:0,SummaryPage
FNDA:0,(anonymous_2)
FNDA:0,(anonymous_3)
FNDA:0,(anonymous_4)
FNDA:0,(anonymous_5)
FNDA:0,(anonymous_6)
FNDA:0,(anonymous_7)
FNDA:0,(anonymous_8)
FNDA:0,(anonymous_9)
FNDA:0,(anonymous_10)
DA:1,0
DA:2,0
DA:3,0
DA:4,0
DA:5,0
DA:6,0
DA:7,0
DA:8,0
DA:9,0
DA:11,0
DA:12,0
DA:13,0
DA:14,0
DA:15,0
DA:17,0
DA:18,0
DA:19,0
DA:20,0
DA:21,0
DA:25,0
DA:27,0
DA:29,0
DA:32,0
DA:33,0
DA:34,0
DA:35,0
DA:38,0
DA:60,0
DA:71,0
DA:79,0
DA:87,0
DA:105,0
LF:32
LH:0
BRDA:19,0,0,0
BRDA:21,1,0,0
BRDA:21,1,1,0
BRDA:21,2,0,0
BRDA:21,2,1,0
BRDA:21,3,0,0
BRDA:21,3,1,0
BRDA:21,4,0,0
BRDA:21,4,1,0
BRDA:44,5,0,0
BRDA:44,5,1,0
BRDA:106,6,0,0
BRDA:106,6,1,0
BRF:13
BRH:0
end_of_record
TN:
SF:src\modules\cart\reducers\cart.reducer.ts
FN:13,cartReducer
FN:16,(anonymous_1)
FN:19,(anonymous_2)
FN:22,(anonymous_3)
FN:24,(anonymous_4)
FN:27,(anonymous_5)
FN:29,(anonymous_6)
FN:30,(anonymous_7)
FN:33,(anonymous_8)
FNF:9
FNH:9
FNDA:19,cartReducer
FNDA:4,(anonymous_1)
FNDA:3,(anonymous_2)
FNDA:5,(anonymous_3)
FNDA:3,(anonymous_4)
FNDA:6,(anonymous_5)
FNDA:3,(anonymous_6)
FNDA:2,(anonymous_7)
FNDA:7,(anonymous_8)
DA:11,2
DA:13,2
DA:14,19
DA:16,4
DA:17,4
DA:18,3
DA:19,3
DA:22,5
DA:23,4
DA:24,3
DA:27,6
DA:28,4
DA:29,3
DA:30,2
DA:33,7
DA:35,2
DA:37,1
LF:17
LH:17
BRDA:14,0,0,4
BRDA:14,0,1,4
BRDA:14,0,2,4
BRDA:14,0,3,4
BRDA:14,0,4,2
BRDA:14,0,5,1
BRDA:17,1,0,1
BRDA:18,2,0,1
BRDA:19,3,0,2
BRDA:19,3,1,1
BRDA:23,4,0,2
BRDA:23,5,0,4
BRDA:23,5,1,3
BRDA:24,6,0,2
BRDA:24,6,1,1
BRDA:28,7,0,1
BRDA:29,8,0,2
BRDA:30,9,0,1
BRDA:30,9,1,1
BRF:19
BRH:19
end_of_record
TN:
SF:src\modules\home\components\CategoryFilter.tsx
FN:10,CategoryFilter
FN:15,(anonymous_1)
FN:22,(anonymous_2)
FN:28,(anonymous_3)
FN:34,(anonymous_4)
FN:45,(anonymous_5)
FN:56,(anonymous_6)
FN:63,(anonymous_7)
FN:68,(anonymous_8)
FN:72,(anonymous_9)
FN:82,(anonymous_10)
FNF:11
FNH:10
FNDA:36,CategoryFilter
FNDA:18,(anonymous_1)
FNDA:18,(anonymous_2)
FNDA:18,(anonymous_3)
FNDA:3,(anonymous_4)
FNDA:0,(anonymous_5)
FNDA:4,(anonymous_6)
FNDA:1,(anonymous_7)
FNDA:126,(anonymous_8)
FNDA:1,(anonymous_9)
FNDA:1,(anonymous_10)
DA:1,1
DA:2,1
DA:10,1
DA:11,36
DA:12,36
DA:13,36
DA:15,36
DA:16,18
DA:17,18
DA:18,18
DA:19,18
DA:22,36
DA:23,18
DA:24,18
DA:25,18
DA:26,18
DA:27,18
DA:28,18
DA:29,18
DA:30,18
DA:34,36
DA:35,3
DA:36,3
DA:37,3
DA:38,3
DA:41,36
DA:45,0
DA:57,4
DA:58,4
DA:63,1
DA:68,126
DA:72,1
DA:82,1
LF:33
LH:32
BRDA:17,0,0,0
BRDA:25,1,0,0
BRDA:36,2,0,0
BRDA:57,3,0,1
BRDA:58,4,0,1
BRDA:62,5,0,26
BRDA:62,5,1,10
BRDA:71,6,0,10
BRDA:71,6,1,116
BRDA:75,7,0,82
BRDA:75,7,1,44
BRDA:75,8,0,126
BRDA:75,8,1,126
BRDA:75,9,0,0
BRDA:75,9,1,126
BRDA:75,10,0,126
BRDA:75,10,1,126
BRF:17
BRH:13
end_of_record
TN:
SF:src\modules\home\components\Pagination.tsx
FN:7,Pagination
FN:10,(anonymous_1)
FN:16,(anonymous_2)
FN:22,(anonymous_3)
FN:25,(anonymous_4)
FN:34,(anonymous_5)
FNF:6
FNH:6
FNDA:22,Pagination
FNDA:104,(anonymous_1)
FNDA:4,(anonymous_2)
FNDA:101,(anonymous_3)
FNDA:3,(anonymous_4)
FNDA:2,(anonymous_5)
DA:7,1
DA:8,22
DA:10,104
DA:12,20
DA:16,4
DA:23,101
DA:25,3
DA:34,2
LF:8
LH:8
BRDA:8,0,0,2
BRDA:26,1,0,18
BRDA:26,1,1,83
BRF:3
BRH:3
end_of_record
TN:
SF:src\modules\home\components\ProductCard.tsx
FN:9,ProductCard
FN:27,(anonymous_1)
FNF:2
FNH:2
FNDA:14,ProductCard
FNDA:4,(anonymous_1)
DA:2,1
DA:9,1
DA:11,14
DA:13,14
DA:27,4
LF:5
LH:5
BRDA:22,0,0,13
BRDA:22,0,1,1
BRDA:22,1,0,14
BRDA:22,1,1,14
BRF:4
BRH:4
end_of_record
TN:
SF:src\modules\home\components\SearchBox.tsx
FN:8,SearchBox
FN:15,(anonymous_1)
FNF:2
FNH:2
FNDA:23,SearchBox
FNDA:19,(anonymous_1)
DA:1,1
DA:8,1
DA:9,23
DA:11,23
DA:15,19
LF:5
LH:5
BRDA:9,0,0,23
BRDA:9,0,1,16
BRDA:19,1,0,23
BRDA:19,1,1,17
BRDA:30,2,0,23
BRDA:30,2,1,2
BRF:6
BRH:6
end_of_record
TN:
SF:src\modules\home\hooks\usePagination.ts
FN:4,usePagination
FN:8,(anonymous_1)
FN:13,(anonymous_2)
FN:13,(anonymous_3)
FN:14,(anonymous_4)
FN:14,(anonymous_5)
FN:15,(anonymous_6)
FNF:7
FNH:7
FNDA:93,usePagination
FNDA:83,(anonymous_1)
FNDA:6,(anonymous_2)
FNDA:6,(anonymous_3)
FNDA:3,(anonymous_4)
FNDA:3,(anonymous_5)
FNDA:4,(anonymous_6)
DA:2,2
DA:4,2
DA:5,93
DA:6,93
DA:8,93
DA:9,83
DA:10,83
DA:13,93
DA:14,93
DA:15,93
DA:17,93
LF:11
LH:11
BRDA:4,0,0,2
BRF:1
BRH:1
end_of_record
TN:
SF:src\modules\home\hooks\useProducts.ts
FN:6,useProducts
FN:12,(anonymous_8)
FN:14,(anonymous_9)
FN:14,(anonymous_10)
FN:28,(anonymous_11)
FN:34,useFilteredProducts
FN:41,(anonymous_13)
FN:44,(anonymous_14)
FN:49,(anonymous_15)
FNF:9
FNH:9
FNDA:11,useProducts
FNDA:7,(anonymous_8)
FNDA:7,(anonymous_9)
FNDA:7,(anonymous_10)
FNDA:7,(anonymous_11)
FNDA:26,useFilteredProducts
FNDA:26,(anonymous_13)
FNDA:27,(anonymous_14)
FNDA:35,(anonymous_15)
DA:2,1
DA:4,1
DA:6,1
DA:7,11
DA:8,11
DA:9,11
DA:10,11
DA:12,11
DA:13,7
DA:14,7
DA:15,7
DA:16,7
DA:17,3
DA:18,2
DA:19,2
DA:20,2
DA:23,3
DA:25,6
DA:28,7
DA:31,11
DA:34,1
DA:39,26
DA:41,26
DA:42,26
DA:44,27
DA:46,26
DA:47,17
DA:49,16
DA:50,35
LF:29
LH:29
BRDA:17,0,0,2
BRDA:23,1,0,3
BRDA:25,2,0,5
BRDA:42,3,0,17
BRDA:42,3,1,9
BRDA:46,4,0,9
BRDA:47,5,0,1
BRDA:50,6,0,35
BRDA:50,6,1,29
BRDA:50,6,2,26
BRDA:50,7,0,34
BRDA:50,7,1,1
BRDA:50,8,0,35
BRDA:50,8,1,35
BRDA:50,9,0,1
BRDA:50,9,1,34
BRDA:50,10,0,35
BRDA:50,10,1,35
BRDA:50,11,0,1
BRDA:50,11,1,34
BRDA:50,12,0,35
BRDA:50,12,1,34
BRDA:51,13,0,28
BRDA:51,13,1,1
BRDA:51,14,0,29
BRDA:51,14,1,29
BRDA:51,15,0,1
BRDA:51,15,1,28
BRDA:51,16,0,29
BRDA:51,16,1,29
BRDA:51,17,0,0
BRDA:51,17,1,29
BRDA:51,18,0,29
BRDA:51,18,1,29
BRDA:52,19,0,25
BRDA:52,19,1,1
BRDA:52,20,0,26
BRDA:52,20,1,26
BRDA:52,21,0,1
BRDA:52,21,1,25
BRDA:52,22,0,26
BRDA:52,22,1,26
BRDA:52,23,0,0
BRDA:52,23,1,26
BRDA:52,24,0,26
BRDA:52,24,1,26
BRF:46
BRH:44
end_of_record
TN:
SF:src\modules\home\mappers\products.mappers.ts
FN:4,(anonymous_0)
FN:15,(anonymous_1)
FNF:2
FNH:2
FNDA:30,(anonymous_0)
FNDA:9,(anonymous_1)
DA:4,30
DA:15,16
LF:2
LH:2
BRF:0
BRH:0
end_of_record
TN:
SF:src\modules\home\pages\HomePage.tsx
FN:12,HomePage
FN:22,(anonymous_2)
FN:24,(anonymous_3)
FN:30,(anonymous_4)
FN:47,(anonymous_5)
FN:61,(anonymous_6)
FN:72,(anonymous_7)
FN:86,(anonymous_8)
FN:90,(anonymous_9)
FN:99,(anonymous_10)
FNF:10
FNH:9
FNDA:50,HomePage
FNDA:3,(anonymous_2)
FNDA:3,(anonymous_3)
FNDA:56,(anonymous_4)
FNDA:28,(anonymous_5)
FNDA:105,(anonymous_6)
FNDA:3,(anonymous_7)
FNDA:9,(anonymous_8)
FNDA:1,(anonymous_9)
FNDA:0,(anonymous_10)
DA:2,1
DA:3,1
DA:4,1
DA:5,1
DA:6,1
DA:7,1
DA:8,1
DA:9,1
DA:10,1
DA:12,1
DA:13,50
DA:14,50
DA:15,50
DA:16,50
DA:17,50
DA:19,50
DA:20,50
DA:22,50
DA:24,50
DA:25,3
DA:26,3
DA:30,56
DA:32,50
DA:33,49
DA:35,48
DA:47,28
DA:61,105
DA:72,3
DA:87,9
DA:90,1
DA:99,0
LF:31
LH:30
BRDA:26,0,0,2
BRDA:32,1,0,1
BRDA:33,2,0,1
BRDA:57,3,0,18
BRDA:57,3,1,30
BRDA:68,4,0,84
BRDA:68,4,1,21
BRDA:68,5,0,105
BRDA:68,5,1,105
BRDA:83,6,0,48
BRDA:83,6,1,3
BRDA:89,7,0,3
BRDA:89,7,1,6
BRDA:100,8,0,48
BRDA:100,8,1,46
BRF:15
BRH:15
end_of_record
TN:
SF:src\modules\home\services\products.service.ts
FN:16,getAllProducts
FN:20,(anonymous_9)
FN:20,(anonymous_10)
FN:30,getAllCategories
FN:34,(anonymous_13)
FN:34,(anonymous_14)
FNF:6
FNH:6
FNDA:9,getAllProducts
FNDA:9,(anonymous_9)
FNDA:9,(anonymous_10)
FNDA:7,getAllCategories
FNDA:7,(anonymous_13)
FNDA:7,(anonymous_14)
DA:2,15
DA:3,15
DA:5,15
DA:10,15
DA:11,15
DA:13,15
DA:14,15
DA:16,15
DA:17,9
DA:18,9
DA:20,9
DA:21,9
DA:22,7
DA:23,4
DA:24,4
DA:27,9
DA:30,15
DA:31,7
DA:32,7
DA:34,7
DA:36,7
DA:37,6
DA:38,6
DA:41,7
LF:24
LH:24
BRDA:17,0,0,0
BRDA:18,1,0,0
BRDA:31,2,0,0
BRDA:32,3,0,0
BRF:4
BRH:0
end_of_record
TN:
SF:src\shared\components\layout\Header.tsx
FN:6,Header
FNF:1
FNH:0
FNDA:0,Header
DA:1,0
DA:2,0
DA:3,0
DA:4,0
DA:6,0
DA:7,0
DA:8,0
DA:10,0
LF:8
LH:0
BRDA:23,0,0,0
BRDA:23,0,1,0
BRDA:33,1,0,0
BRDA:33,1,1,0
BRDA:35,2,0,0
BRDA:35,2,1,0
BRDA:35,3,0,0
BRDA:35,3,1,0
BRF:8
BRH:0
end_of_record
TN:
SF:src\shared\components\layout\Layout.tsx
FN:9,Layout
FNF:1
FNH:0
FNDA:0,Layout
DA:3,0
DA:9,0
DA:10,0
LF:3
LH:0
BRF:0
BRH:0
end_of_record
TN:
SF:src\shared\components\ui\Alert.tsx
FN:10,Alert
FN:11,(anonymous_1)
FNF:2
FNH:0
FNDA:0,Alert
FNDA:0,(anonymous_1)
DA:10,0
DA:11,0
DA:12,0
DA:14,0
DA:16,0
DA:18,0
DA:20,0
DA:22,0
DA:26,0
LF:9
LH:0
BRDA:12,0,0,0
BRDA:12,0,1,0
BRDA:12,0,2,0
BRDA:12,0,3,0
BRDA:12,0,4,0
BRDA:29,1,0,0
BRDA:29,1,1,0
BRF:7
BRH:0
end_of_record
TN:
SF:src\shared\components\ui\Button.tsx
FN:4,Button
FNF:1
FNH:0
FNDA:0,Button
DA:4,0
DA:5,0
LF:2
LH:0
BRF:0
BRH:0
end_of_record
TN:
SF:src\shared\components\ui\Input.tsx
FN:10,(anonymous_1)
FNF:1
FNH:0
FNDA:0,(anonymous_1)
DA:2,0
DA:10,0
LF:2
LH:0
BRDA:12,0,0,0
BRDA:12,0,1,0
BRDA:14,1,0,0
BRDA:14,1,1,0
BRF:4
BRH:0
end_of_record
TN:
SF:src\shared\components\ui\Modal.tsx
FN:11,Modal
FN:16,(anonymous_1)
FNF:2
FNH:2
FNDA:102,Modal
FNDA:2,(anonymous_1)
DA:11,1
DA:12,102
DA:14,9
DA:16,2
LF:4
LH:4
BRDA:12,0,0,93
BRF:1
BRH:1
end_of_record
TN:
SF:src\shared\constants\api.ts
FNF:0
FNH:0
DA:1,1
LF:1
LH:1
BRF:0
BRH:0
end_of_record
TN:
SF:src\shared\constants\routes.ts
FNF:0
FNH:0
DA:2,1
LF:1
LH:1
BRF:0
BRH:0
end_of_record
TN:
SF:src\shared\utils\fetchClient.ts
FN:5,apiFetch
FN:11,(anonymous_9)
FNF:2
FNH:0
FNDA:0,apiFetch
FNDA:0,(anonymous_9)
DA:2,1
DA:3,1
DA:5,1
DA:6,0
DA:10,0
DA:11,0
DA:12,0
DA:14,0
LF:8
LH:3
BRDA:7,0,0,0
BRDA:7,0,1,0
BRDA:7,1,0,0
BRDA:7,1,1,0
BRDA:7,2,0,0
BRDA:7,2,1,0
BRDA:10,3,0,0
BRDA:12,4,0,0
BRDA:12,4,1,0
BRF:9
BRH:0
end_of_record
TN:
SF:src\shared\utils\http.ts
FN:5,(anonymous_0)
FNF:1
FNH:0
FNDA:0,(anonymous_0)
DA:2,1
DA:6,0
DA:7,0
DA:8,0
LF:4
LH:1
BRF:0
BRH:0
end_of_record
TN:
SF:src\shared\utils\locale.ts
FN:29,(anonymous_0)
FN:34,(anonymous_1)
FN:37,(anonymous_2)
FNF:3
FNH:0
FNDA:0,(anonymous_0)
FNDA:0,(anonymous_1)
FNDA:0,(anonymous_2)
DA:2,0
DA:20,0
DA:29,0
DA:30,0
DA:33,0
DA:34,0
DA:37,0
DA:38,0
DA:39,0
LF:9
LH:0
BRDA:34,0,0,0
BRDA:38,1,0,0
BRF:2
BRH:0
end_of_record
TN:
SF:src\shared\utils\validation.ts
FN:1,(anonymous_0)
FN:2,(anonymous_1)
FN:3,(anonymous_2)
FNF:3
FNH:0
FNDA:0,(anonymous_0)
FNDA:0,(anonymous_1)
FNDA:0,(anonymous_2)
DA:1,0
DA:2,0
DA:3,0
LF:3
LH:0
BRF:0
BRH:0
end_of_record
